FlowID,FlowType,Src,Dst,FlowSize,Create,NotifTime,GrantTime,Start,Finish,FCT,Slowdown,Xput
1,1,120,127,24,264,264,-1,264,300,36,1.03,100.00
0,3,75,93,5840,27,27,60,61,823,796,1.04,100.00
2,1,49,25,24,1036,1036,-1,1036,1072,36,1.03,100.00
3,1,18,41,24,1157,1157,-1,1157,1193,36,1.03,100.00
5,1,13,52,24,1258,1258,-1,1258,1294,36,1.03,100.00
6,1,14,88,24,1701,1701,-1,1701,1737,36,1.03,100.00
1001,2,25,49,5840,1070,1036,1069,1070,1832,762,1.00,100.00
1002,2,41,18,5840,1191,1157,1190,1191,1953,762,1.00,100.00
4,3,10,113,5840,1186,1186,1219,1220,1982,796,1.04,100.00
1003,2,52,13,5840,1292,1258,1291,1292,2054,762,1.00,100.00
9,1,129,27,24,2031,2031,-1,2031,2067,36,1.03,100.00
10,1,100,65,24,2035,2035,-1,2035,2071,36,1.03,100.00
12,1,87,123,24,2136,2136,-1,2136,2172,36,1.03,100.00
7,3,44,89,5840,1900,1900,1933,1934,2696,796,1.04,100.00
8,3,14,70,5840,2002,2002,2035,2036,2798,796,1.04,100.00
1005,2,27,129,5840,2065,2031,2064,2065,2827,762,1.00,100.00
1006,2,65,100,5840,2069,2035,2068,2069,2831,762,1.00,100.00
11,3,99,48,5840,2081,2081,2114,2115,2877,796,1.04,100.00
16,1,70,111,24,2855,2855,-1,2855,2891,36,1.03,100.00
1007,2,123,87,5840,2170,2136,2169,2170,2933,763,1.00,100.00
18,1,24,42,24,3294,3294,-1,3294,3330,36,1.03,100.00
13,3,2,45,5840,2584,2584,2617,2618,3380,796,1.04,100.00
14,3,75,113,5840,2737,2737,2770,2771,3533,796,1.04,100.00
1008,2,111,70,5840,2889,2855,2888,2889,3651,762,1.00,100.00
20,1,42,113,24,3727,3727,-1,3727,3763,36,1.03,100.00
21,1,99,61,24,3864,3864,-1,3864,3900,36,1.03,100.00
17,3,52,26,5840,3178,3178,3211,3212,3974,796,1.04,100.00
24,1,121,36,24,3953,3953,-1,3953,3992,39,1.11,100.00
25,1,42,112,24,3987,3987,-1,3987,4022,35,1.00,100.00
1009,2,42,24,5840,3328,3294,3327,3328,4096,768,1.01,100.00
19,3,35,36,5840,3536,3536,3569,3570,4336,800,1.05,100.00
28,1,58,98,24,4482,4482,-1,4482,4518,36,1.03,100.00
1010,2,113,42,5840,3761,3727,3760,3761,4523,762,1.00,100.00
1011,2,61,99,5840,3898,3864,3897,3898,4660,762,1.00,100.00
22,3,116,125,5840,3904,3904,3937,3938,4700,796,1.04,100.00
1012,2,36,121,5840,3987,3953,3986,3987,4749,762,1.00,100.00
26,3,131,93,5840,4165,4165,4198,4199,4961,796,1.04,100.00
29,1,17,127,24,5025,5025,-1,5025,5060,35,1.00,100.00
31,1,121,119,24,5127,5127,-1,5127,5166,39,1.11,100.00
1013,2,112,42,5840,4508,3987,4507,4508,5270,762,1.00,100.00
1014,2,98,58,5840,4516,4482,4515,4516,5278,762,1.00,100.00
32,1,70,63,24,5262,5262,-1,5262,5298,36,1.03,100.00
34,1,114,26,24,5545,5545,-1,5545,5581,36,1.03,100.00
36,1,138,87,24,5833,5833,-1,5833,5868,35,1.00,100.00
30,3,47,119,5840,5084,5084,5117,5118,5884,800,1.05,100.00
1015,2,119,121,5840,5161,5127,5160,5161,5923,762,1.00,100.00
1016,2,63,70,5840,5296,5262,5295,5296,6058,762,1.00,100.00
33,3,34,5,5840,5412,5412,5445,5446,6208,796,1.04,100.00
1017,2,26,114,5840,5579,5545,5578,5579,6341,762,1.00,100.00
43,1,75,70,24,6570,6570,-1,6570,6606,36,1.03,100.00
45,1,101,103,24,6831,6831,-1,6831,6867,36,1.03,100.00
39,3,59,19,5840,6081,6081,6114,6115,6877,796,1.04,100.00
40,3,42,73,5840,6166,6166,6199,6200,6962,796,1.04,100.00
35,3,128,114,5840,5595,5595,6325,6326,7088,1493,1.96,100.00
41,3,5,33,5840,6333,6333,6366,6367,7129,796,1.04,100.00
42,3,106,65,5840,6335,6335,6368,6369,7131,796,1.04,100.00
47,1,139,91,24,7235,7235,-1,7235,7271,36,1.03,100.00
48,1,10,76,24,7245,7245,-1,7245,7281,36,1.03,100.00
1018,2,70,75,5840,6604,6570,6603,6604,7366,762,1.00,100.00
37,3,78,138,11680,5895,5895,5928,5929,7421,1526,1.02,100.00
44,3,67,56,5840,6658,6658,6691,6692,7454,796,1.04,100.00
1019,2,103,101,5840,6865,6831,6864,6865,7627,762,1.00,100.00
46,3,131,50,5840,6878,6878,6911,6912,7674,796,1.04,100.00
1021,2,76,10,5840,7279,7245,7278,7279,8041,762,1.00,100.00
49,3,58,133,5840,7373,7373,7406,7407,8169,796,1.04,100.00
53,1,64,7,24,8187,8187,-1,8187,8225,38,1.09,100.00
50,3,116,7,5840,7663,7663,7696,7697,8463,800,1.05,100.00
56,1,97,56,24,8564,8564,-1,8564,8599,35,1.00,100.00
57,1,33,126,24,8597,8597,-1,8597,8633,36,1.03,100.00
51,3,46,111,5840,7977,7977,8010,8011,8773,796,1.04,100.00
52,3,20,58,5840,7995,7995,8028,8029,8791,796,1.04,100.00
60,1,44,35,24,8919,8919,-1,8919,8955,36,1.03,100.00
1022,2,7,64,5840,8221,8187,8220,8221,8983,762,1.00,100.00
55,3,83,65,5840,8411,8411,8444,8445,9207,796,1.04,100.00
61,1,76,72,24,9292,9292,-1,9292,9328,36,1.03,100.00
1023,2,126,33,5840,8631,8597,8630,8631,9393,762,1.00,100.00
59,3,36,23,5840,8872,8872,8905,8906,9668,796,1.04,100.00
64,1,31,77,24,9634,9634,-1,9634,9669,35,1.00,100.00
1024,2,35,44,5840,8953,8919,8952,8953,9715,762,1.00,100.00
1025,2,72,76,5840,9326,9292,9325,9326,10088,762,1.00,100.00
62,3,77,5,5840,9303,9303,9336,9337,10099,796,1.04,100.00
65,3,114,0,5840,9808,9808,9841,9842,10604,796,1.04,100.00
67,1,48,44,24,10688,10688,-1,10688,10724,36,1.03,100.00
68,1,31,120,24,10716,10716,-1,10716,10753,37,1.06,100.00
63,3,94,76,5840,9345,9345,10072,10073,10835,1490,1.96,100.00
1026,2,77,31,5840,10084,9634,10083,10084,10846,762,1.00,100.00
66,3,3,114,5840,10051,10051,10084,10085,10847,796,1.04,100.00
70,1,68,108,24,10878,10878,-1,10878,10914,36,1.03,100.00
71,1,90,33,24,11144,11144,-1,11144,11180,36,1.03,100.00
73,1,97,49,24,11373,11373,-1,11373,11409,36,1.03,100.00
1027,2,44,48,5840,10722,10688,10721,10722,11484,762,1.00,100.00
1028,2,120,31,5840,10834,10716,10833,10834,11596,762,1.00,100.00
69,3,83,20,5840,10873,10873,10906,10907,11669,796,1.04,100.00
1029,2,108,68,5840,10912,10878,10911,10912,11674,762,1.00,100.00
1030,2,33,90,5840,11178,11144,11177,11178,11940,762,1.00,100.00
72,3,115,55,5840,11202,11202,11235,11236,11998,796,1.04,100.00
77,1,51,116,24,12101,12101,-1,12101,12137,36,1.03,100.00
78,1,8,25,24,12138,12138,-1,12138,12174,36,1.03,100.00
79,1,130,80,24,12210,12210,-1,12210,12246,36,1.03,100.00
74,3,22,31,5840,11611,11611,11644,11645,12407,796,1.04,100.00
1032,2,116,51,5840,12135,12101,12134,12135,12897,762,1.00,100.00
1033,2,25,8,5840,12172,12138,12171,12172,12934,762,1.00,100.00
80,3,137,67,5840,12222,12222,12255,12256,13018,796,1.04,100.00
85,1,9,72,24,13949,13949,-1,13949,13985,36,1.03,100.00
86,1,143,69,24,13967,13967,-1,13967,14003,36,1.03,100.00
87,1,116,42,24,14025,14025,-1,14025,14061,36,1.03,100.00
83,3,74,77,5840,13305,13305,13338,13339,14101,796,1.04,100.00
88,1,36,33,24,14202,14202,-1,14202,14238,36,1.03,100.00
81,3,65,90,16064,12518,12518,12551,12552,14592,2074,1.02,100.00
92,1,86,30,24,14560,14560,-1,14560,14596,36,1.03,100.00
1035,2,72,9,5840,13983,13949,13982,13983,14745,762,1.00,100.00
1036,2,69,143,5840,14001,13967,14000,14001,14763,762,1.00,100.00
1037,2,42,116,5840,14059,14025,14058,14059,14821,762,1.00,100.00
1038,2,33,36,5840,14236,14202,14235,14236,14998,762,1.00,100.00
94,1,69,90,24,14973,14973,-1,14973,15012,39,1.11,100.00
96,1,86,142,24,15117,15117,-1,15117,15152,35,1.00,100.00
90,3,67,118,5840,14502,14502,14535,14536,15298,796,1.04,100.00
84,3,47,90,5840,13809,13809,14576,14577,15343,1534,2.01,100.00
1039,2,30,86,8760,14594,14560,14593,14594,15721,1127,1.00,100.00
93,3,4,3,5840,14945,14945,14978,14979,15741,796,1.04,100.00
99,1,9,74,24,16047,16047,-1,16047,16083,36,1.03,100.00
101,1,82,62,24,16190,16190,-1,16190,16226,36,1.03,100.00
102,1,10,28,24,16204,16204,-1,16204,16239,35,1.00,100.00
103,1,19,89,24,16303,16303,-1,16303,16339,36,1.03,100.00
1041,2,142,86,5840,15706,15117,15705,15706,16468,762,1.00,100.00
105,1,139,69,24,16780,16780,-1,16780,16818,38,1.09,100.00
1042,2,74,9,5840,16081,16047,16080,16081,16843,762,1.00,100.00
98,3,19,30,5840,16046,16046,16079,16080,16845,799,1.05,100.00
1040,2,90,69,14600,15007,14973,15006,15007,16867,1860,1.00,100.00
106,1,68,94,24,16842,16842,-1,16842,16878,36,1.03,100.00
100,3,28,91,5840,16128,16128,16161,16162,16924,796,1.04,100.00
1043,2,62,82,5840,16224,16190,16223,16224,16986,762,1.00,100.00
1044,2,89,19,5840,16337,16303,16336,16337,17099,762,1.00,100.00
97,3,33,122,16064,15391,15391,15424,15425,17465,2074,1.02,100.00
110,1,69,128,24,17590,17590,-1,17590,17626,36,1.03,100.00
1046,2,28,10,5840,16909,16204,16908,16909,17673,764,1.00,100.00
112,1,57,30,24,17678,17678,-1,17678,17714,36,1.03,100.00
113,1,127,79,24,17774,17774,-1,17774,17810,36,1.03,100.00
1004,2,88,14,129944,1735,1701,1734,1735,18011,16276,1.00,100.00
114,1,119,111,24,17989,17989,-1,17989,18025,36,1.03,100.00
116,1,108,119,24,18030,18030,-1,18030,18068,38,1.09,100.00
117,1,80,118,24,18174,18174,-1,18174,18209,35,1.00,100.00
119,1,77,102,24,18241,18241,-1,18241,18276,35,1.00,100.00
120,1,20,31,24,18317,18317,-1,18317,18353,36,1.03,100.00
1045,2,94,68,11680,16876,16842,16875,16876,18368,1492,1.00,100.00
1047,2,128,69,5840,17624,17590,17623,17624,18386,762,1.00,100.00
111,3,133,129,5840,17595,17595,17628,17629,18391,796,1.04,100.00
108,3,28,80,5840,17392,17392,17657,17658,18420,1028,1.35,100.00
1049,2,79,127,5840,17808,17774,17807,17808,18572,764,1.00,100.00
1050,2,111,119,5840,18023,17989,18022,18023,18789,766,1.01,100.00
1051,2,119,108,5840,18064,18030,18063,18064,18826,762,1.00,100.00
124,1,69,60,24,18864,18864,-1,18864,18900,36,1.03,100.00
125,1,53,0,24,18865,18865,-1,18865,18901,36,1.03,100.00
126,1,28,48,24,18953,18953,-1,18953,18989,36,1.03,100.00
118,3,63,11,5840,18239,18239,18272,18273,19036,797,1.05,100.00
1052,2,31,20,5840,18351,18317,18350,18351,19113,762,1.00,100.00
109,3,27,113,13144,17427,17427,17460,17461,19136,1709,1.02,100.00
1053,2,118,80,5840,18405,18174,18404,18405,19167,762,1.00,100.00
129,1,27,10,24,19198,19198,-1,19198,19233,35,1.00,100.00
115,3,79,27,5840,18012,18012,18556,18557,19319,1307,1.72,100.00
122,3,11,72,5840,18747,18747,18780,18781,19543,796,1.04,100.00
123,3,45,98,5840,18792,18792,18825,18826,19588,796,1.04,100.00
130,1,137,38,24,19559,19559,-1,19559,19598,39,1.11,100.00
1055,2,0,53,5840,18899,18865,18898,18899,19661,762,1.00,100.00
131,1,69,41,24,19717,19717,-1,19717,19754,37,1.06,100.00
127,3,104,38,5840,19015,19015,19048,19049,19815,800,1.05,100.00
132,1,42,72,24,19809,19809,-1,19809,19845,36,1.03,100.00
128,3,86,39,5840,19106,19106,19139,19140,19902,796,1.04,100.00
1057,2,10,27,5840,19304,19198,19303,19304,20066,762,1.00,100.00
134,1,90,93,24,20168,20168,-1,20168,20204,36,1.03,100.00
1058,2,38,137,5840,19593,19559,19592,19593,20355,762,1.00,100.00
1059,2,72,42,5840,19843,19809,19842,19843,20605,762,1.00,100.00
133,3,142,74,5840,20061,20061,20094,20095,20857,796,1.04,100.00
140,1,94,129,24,20830,20830,-1,20830,20866,36,1.03,100.00
1060,2,93,90,5840,20202,20168,20201,20202,20964,762,1.00,100.00
141,1,79,35,24,20941,20941,-1,20941,20977,36,1.03,100.00
135,3,24,75,5840,20371,20371,20404,20405,21167,796,1.04,100.00
136,3,33,70,5840,20446,20446,20479,20480,21242,796,1.04,100.00
137,3,92,95,5840,20722,20722,20755,20756,21518,796,1.04,100.00
138,3,36,143,5840,20741,20741,20774,20775,21539,798,1.05,100.00
1061,2,129,94,5840,20864,20830,20863,20864,21626,762,1.00,100.00
145,1,89,42,24,21609,21609,-1,21609,21645,36,1.03,100.00
1062,2,35,79,5840,20975,20941,20974,20975,21737,762,1.00,100.00
143,3,32,78,5840,21401,21401,21434,21435,22197,796,1.04,100.00
149,1,41,64,24,22205,22205,-1,22205,22240,35,1.00,100.00
142,3,5,95,5840,21267,21267,21502,21503,22265,998,1.31,100.00
139,3,36,26,5840,20815,20815,21523,21524,22286,1471,1.93,100.00
144,3,58,54,5840,21493,21493,21526,21527,22289,796,1.04,100.00
1063,2,42,89,5840,21643,21609,21642,21643,22405,762,1.00,100.00
151,1,115,16,24,22408,22408,-1,22408,22447,39,1.11,100.00
146,3,64,138,5840,21847,21847,21880,21881,22643,796,1.04,100.00
156,1,131,66,24,23110,23110,-1,23110,23146,36,1.03,100.00
157,1,142,24,24,23130,23130,-1,23130,23166,36,1.03,100.00
1064,2,16,115,5840,22442,22408,22441,22442,23204,762,1.00,100.00
158,1,31,15,24,23226,23226,-1,23226,23262,36,1.03,100.00
159,1,47,33,24,23325,23325,-1,23325,23361,36,1.03,100.00
152,3,140,7,5840,22575,22575,22608,22609,23371,796,1.04,100.00
153,3,107,88,5840,22650,22650,22683,22684,23446,796,1.04,100.00
160,1,22,0,24,23419,23419,-1,23419,23455,36,1.03,100.00
161,1,15,100,24,23491,23491,-1,23491,23527,36,1.03,100.00
162,1,2,17,24,23541,23541,-1,23541,23577,36,1.03,100.00
154,3,133,92,5840,22781,22781,22814,22815,23577,796,1.04,100.00
163,1,29,4,24,23568,23568,-1,23568,23604,36,1.03,100.00
1065,2,66,131,5840,23144,23110,23143,23144,23906,762,1.00,100.00
1066,2,24,142,5840,23164,23130,23163,23164,23926,762,1.00,100.00
1067,2,15,31,5840,23260,23226,23259,23260,24025,765,1.00,100.00
1068,2,33,47,5840,23359,23325,23358,23359,24121,762,1.00,100.00
167,1,72,77,24,24124,24124,-1,24124,24160,36,1.03,100.00
1069,2,0,22,5840,23453,23419,23452,23453,24215,762,1.00,100.00
169,1,100,14,24,24250,24250,-1,24250,24286,36,1.03,100.00
1070,2,100,15,5840,23525,23491,23524,23525,24290,765,1.00,100.00
170,1,111,113,24,24292,24292,-1,24292,24328,36,1.03,100.00
1071,2,17,2,5840,23575,23541,23574,23575,24337,762,1.00,100.00
1072,2,4,29,5840,23602,23568,23601,23602,24365,763,1.00,100.00
164,3,117,85,5840,23644,23644,23677,23678,24440,796,1.04,100.00
172,1,24,84,24,24458,24458,-1,24458,24494,36,1.03,100.00
174,1,47,100,24,24720,24720,-1,24720,24759,39,1.11,100.00
175,1,91,44,24,24768,24768,-1,24768,24804,36,1.03,100.00
166,3,66,26,5840,24016,24016,24049,24050,24812,796,1.04,100.00
176,1,90,0,24,24827,24827,-1,24827,24863,36,1.03,100.00
1073,2,77,72,5840,24158,24124,24157,24158,24920,762,1.00,100.00
168,3,29,65,5840,24221,24221,24254,24255,25017,796,1.04,100.00
1074,2,14,100,5840,24284,24250,24283,24284,25050,766,1.01,100.00
171,3,55,10,5840,24304,24304,24337,24338,25100,796,1.04,100.00
1076,2,84,24,5840,24492,24458,24491,24492,25254,762,1.00,100.00
179,1,36,21,24,25292,25292,-1,25292,25328,36,1.03,100.00
173,3,9,141,5840,24714,24714,24747,24748,25510,796,1.04,100.00
1077,2,100,47,5840,24754,24720,24753,24754,25516,762,1.00,100.00
1078,2,44,91,5840,24802,24768,24801,24802,25564,762,1.00,100.00
1079,2,0,90,5840,24861,24827,24860,24861,25623,762,1.00,100.00
181,1,71,48,24,25613,25613,-1,25613,25648,35,1.00,100.00
182,1,46,76,24,25699,25699,-1,25699,25735,36,1.03,100.00
177,3,67,65,5840,24846,24846,25001,25002,25764,918,1.20,100.00
183,1,102,35,24,25840,25840,-1,25840,25876,36,1.03,100.00
1080,2,21,36,5840,25326,25292,25325,25326,26088,762,1.00,100.00
185,1,2,48,24,26144,26144,-1,26144,26179,35,1.00,100.00
186,1,88,106,24,26199,26199,-1,26199,26235,36,1.03,100.00
180,3,54,112,5840,25566,25566,25599,25600,26362,796,1.04,100.00
1081,2,76,46,5840,25733,25699,25732,25733,26495,762,1.00,100.00
187,1,94,6,24,26513,26513,-1,26513,26549,36,1.03,100.00
1082,2,35,102,5840,25874,25840,25873,25874,26636,762,1.00,100.00
189,1,53,81,24,26681,26681,-1,26681,26717,36,1.03,100.00
1083,2,106,88,5840,26233,26199,26232,26233,26995,762,1.00,100.00
191,1,101,129,24,27016,27016,-1,27016,27052,36,1.03,100.00
1084,2,6,94,5840,26547,26513,26546,26547,27309,762,1.00,100.00
1085,2,81,53,5840,26715,26681,26714,26715,27477,762,1.00,100.00
190,3,109,96,5840,26737,26737,26770,26771,27533,796,1.04,100.00
196,1,17,43,24,27704,27704,-1,27704,27739,35,1.00,100.00
1086,2,129,101,5840,27050,27016,27049,27050,27812,762,1.00,100.00
192,3,88,105,5840,27059,27059,27092,27093,27855,796,1.04,100.00
193,3,143,17,5840,27275,27275,27308,27309,28071,796,1.04,100.00
194,3,18,91,5840,27317,27317,27350,27351,28113,796,1.04,100.00
197,1,11,43,24,28206,28206,-1,28206,28241,35,1.00,100.00
195,3,95,34,5840,27508,27508,27541,27542,28304,796,1.04,100.00
199,1,92,59,24,28780,28780,-1,28780,28816,36,1.03,100.00
1087,2,43,17,5840,28056,27704,28055,28056,28818,762,1.00,100.00
198,3,107,62,5840,28258,28258,28291,28292,29054,796,1.04,100.00
202,1,66,130,24,29215,29215,-1,29215,29253,38,1.09,100.00
203,1,73,122,24,29221,29221,-1,29221,29257,36,1.03,100.00
204,1,117,120,24,29228,29228,-1,29228,29265,37,1.06,100.00
1075,2,113,111,39424,24326,24292,24325,24326,29286,4960,1.00,100.00
205,1,12,42,24,29365,29365,-1,29365,29401,36,1.03,100.00
1088,2,43,11,5840,28803,28206,28802,28803,29565,762,1.00,100.00
1089,2,59,92,5840,28814,28780,28813,28814,29576,762,1.00,100.00
200,3,137,133,5840,28928,28928,28961,28962,29724,796,1.04,100.00
201,3,81,34,5840,28978,28978,29011,29012,29774,796,1.04,100.00
1090,2,130,66,5840,29249,29215,29248,29249,30011,762,1.00,100.00
1091,2,122,73,5840,29255,29221,29254,29255,30017,762,1.00,100.00
1092,2,42,12,5840,29399,29365,29398,29399,30161,762,1.00,100.00
207,1,19,39,24,30263,30263,-1,30263,30299,36,1.03,100.00
208,1,118,27,24,30400,30400,-1,30400,30436,36,1.03,100.00
209,1,7,88,24,30476,30476,-1,30476,30512,36,1.03,100.00
206,3,26,17,5840,29842,29842,29875,29876,30638,796,1.04,100.00
210,1,88,113,24,30662,30662,-1,30662,30698,36,1.03,100.00
1093,2,39,19,5840,30297,30263,30296,30297,31059,762,1.00,100.00
1094,2,27,118,5840,30434,30400,30433,30434,31196,762,1.00,100.00
1095,2,88,7,5840,30510,30476,30509,30510,31275,765,1.00,100.00
213,1,127,140,24,31377,31377,-1,31377,31413,36,1.03,100.00
214,1,46,121,24,31395,31395,-1,31395,31431,36,1.03,100.00
1096,2,113,88,5840,30696,30662,30695,30696,31458,762,1.00,100.00
211,3,119,27,5840,30730,30730,30763,30764,31526,796,1.04,100.00
218,1,49,87,24,31634,31634,-1,31634,31669,35,1.00,100.00
221,1,121,141,24,31914,31914,-1,31914,31950,36,1.03,100.00
1097,2,140,127,5840,31411,31377,31410,31411,32173,762,1.00,100.00
1098,2,121,46,5840,31429,31395,31428,31429,32196,767,1.01,100.00
222,1,56,90,24,32183,32183,-1,32183,32219,36,1.03,100.00
215,3,81,24,5840,31460,31460,31493,31494,32256,796,1.04,100.00
223,1,81,44,24,32228,32228,-1,32228,32264,36,1.03,100.00
217,3,106,91,5840,31610,31610,31643,31644,32406,796,1.04,100.00
219,3,41,134,5840,31784,31784,31820,31821,32583,799,1.05,100.00
1099,2,141,121,5840,31948,31914,31947,31948,32711,763,1.00,100.00
227,1,50,38,24,32682,32682,-1,32682,32718,36,1.03,100.00
229,1,32,136,24,32754,32754,-1,32754,32790,36,1.03,100.00
220,3,121,78,5840,31887,31887,32180,32181,32943,1056,1.39,100.00
1100,2,90,56,5840,32217,32183,32216,32217,32979,762,1.00,100.00
1101,2,44,81,5840,32262,32228,32261,32262,33024,762,1.00,100.00
224,3,75,25,5840,32249,32249,32282,32283,33045,796,1.04,100.00
225,3,28,75,5840,32264,32264,32297,32298,33060,796,1.04,100.00
233,1,31,114,24,33343,33343,-1,33343,33379,36,1.03,100.00
1102,2,38,50,5840,32716,32682,32715,32716,33478,762,1.00,100.00
228,3,23,113,5840,32689,32689,32722,32723,33485,796,1.04,100.00
1103,2,136,32,5840,32788,32754,32787,32788,33550,762,1.00,100.00
236,1,4,38,24,33657,33657,-1,33657,33693,36,1.03,100.00
231,3,89,136,5840,33205,33205,33238,33239,34001,796,1.04,100.00
232,3,63,134,5840,33232,33232,33265,33266,34028,796,1.04,100.00
238,1,91,40,24,34086,34086,-1,34086,34124,38,1.09,100.00
1104,2,114,31,5840,33377,33343,33376,33377,34139,762,1.00,100.00
234,3,46,64,5840,33439,33439,33472,33473,34235,796,1.04,100.00
239,1,87,64,24,34230,34230,-1,34230,34266,36,1.03,100.00
235,3,130,51,5840,33554,33554,33591,33592,34354,800,1.05,100.00
1105,2,38,4,5840,33691,33657,33690,33691,34453,762,1.00,100.00
230,3,123,102,13144,33100,33100,33133,33134,34809,1709,1.02,100.00
1106,2,40,91,5840,34120,34086,34119,34120,34882,762,1.00,100.00
241,1,131,82,24,34920,34920,-1,34920,34956,36,1.03,100.00
1107,2,64,87,5840,34264,34230,34263,34264,35026,762,1.00,100.00
237,3,98,24,8760,33932,33932,33965,33966,35093,1161,1.03,100.00
244,1,42,39,24,35232,35232,-1,35232,35268,36,1.03,100.00
240,3,141,91,5840,34324,34324,34866,34867,35629,1305,1.71,100.00
245,1,129,104,24,35670,35670,-1,35670,35706,36,1.03,100.00
1108,2,82,131,5840,34954,34920,34953,34954,35716,762,1.00,100.00
242,3,41,30,5840,34952,34952,34986,34987,35749,797,1.05,100.00
243,3,92,23,5840,34975,34975,35008,35009,35771,796,1.04,100.00
75,3,120,49,191264,11799,11799,11836,11837,35779,23980,1.00,100.00
1109,2,39,42,5840,35266,35232,35265,35266,36028,762,1.00,100.00
248,1,43,41,24,36005,36005,-1,36005,36045,40,1.14,100.00
249,1,63,19,24,36193,36193,-1,36193,36229,36,1.03,100.00
1110,2,104,129,5840,35704,35670,35703,35704,36466,762,1.00,100.00
250,1,140,90,24,36435,36435,-1,36435,36471,36,1.03,100.00
1111,2,120,117,5840,35764,29228,35763,35764,36526,762,1.00,100.00
246,3,1,3,5840,35801,35801,35834,35835,36599,798,1.05,100.00
251,1,143,35,24,36704,36704,-1,36704,36740,36,1.03,100.00
252,1,104,88,24,36707,36707,-1,36707,36743,36,1.03,100.00
1112,2,41,43,5840,36041,36005,36040,36041,36803,762,1.00,100.00
254,1,91,22,24,36804,36804,-1,36804,36840,36,1.03,100.00
1113,2,19,63,5840,36227,36193,36226,36227,36991,764,1.00,100.00
256,1,20,7,24,37062,37062,-1,37062,37098,36,1.03,100.00
258,1,73,74,24,37157,37157,-1,37157,37193,36,1.03,100.00
257,1,74,8,24,37156,37156,-1,37156,37195,39,1.11,100.00
1114,2,90,140,5840,36469,36435,36468,36469,37231,762,1.00,100.00
260,1,5,110,24,37201,37201,-1,37201,37237,36,1.03,100.00
247,3,1,86,5840,36002,36002,36583,36584,37346,1344,1.76,100.00
263,1,78,16,24,37362,37362,-1,37362,37402,40,1.14,100.00
264,1,98,61,24,37452,37452,-1,37452,37487,35,1.00,100.00
265,1,6,65,24,37461,37461,-1,37461,37497,36,1.03,100.00
1115,2,35,143,5840,36738,36704,36737,36738,37500,762,1.00,100.00
1116,2,88,104,5840,36741,36707,36740,36741,37503,762,1.00,100.00
266,1,37,83,24,37494,37494,-1,37494,37530,36,1.03,100.00
1117,2,22,91,5840,36838,36804,36837,36838,37600,762,1.00,100.00
268,1,94,141,24,37720,37720,-1,37720,37756,36,1.03,100.00
1118,2,7,20,5840,37096,37062,37095,37096,37858,762,1.00,100.00
272,1,101,96,24,37867,37867,-1,37867,37903,36,1.03,100.00
1119,2,8,74,5840,37190,37156,37189,37190,37952,762,1.00,100.00
1120,2,74,73,5840,37191,37157,37190,37191,37953,762,1.00,100.00
262,3,84,77,5840,37350,37350,37383,37384,38146,796,1.04,100.00
1122,2,16,78,5840,37400,37362,37399,37400,38164,764,1.00,100.00
1124,2,83,37,5840,37528,37494,37527,37528,38290,762,1.00,100.00
274,1,106,93,24,38287,38287,-1,38287,38326,39,1.11,100.00
277,1,140,89,24,38573,38573,-1,38573,38609,36,1.03,100.00
1126,2,96,101,5840,37901,37867,37900,37901,38663,762,1.00,100.00
273,3,45,82,5840,37926,37926,37959,37960,38722,796,1.04,100.00
1121,2,110,5,11680,37235,37201,37234,37235,38727,1492,1.00,100.00
278,1,32,39,24,38883,38883,-1,38883,38919,36,1.03,100.00
1127,2,93,106,5840,38321,38287,38320,38321,39083,762,1.00,100.00
275,3,36,60,5840,38299,38299,38332,38333,39095,796,1.04,100.00
1128,2,89,140,5840,38607,38573,38606,38607,39369,762,1.00,100.00
282,1,16,69,24,39363,39363,-1,39363,39400,37,1.06,100.00
1125,2,141,94,14600,37754,37720,37753,37754,39611,1857,1.00,100.00
284,1,50,90,24,39604,39604,-1,39604,39640,36,1.03,100.00
1129,2,39,32,5840,38917,38883,38916,38917,39679,762,1.00,100.00
261,3,43,87,18984,37266,37266,37299,37300,39705,2439,1.01,100.00
280,3,10,13,5840,39019,39019,39052,39053,39815,796,1.04,100.00
285,1,13,48,24,39794,39794,-1,39794,39829,35,1.00,100.00
281,3,128,2,5840,39086,39086,39119,39120,39882,796,1.04,100.00
287,1,5,18,24,39900,39900,-1,39900,39936,36,1.03,100.00
1130,2,90,50,5840,39638,39604,39637,39638,40400,762,1.00,100.00
291,1,37,106,24,40439,40439,-1,40439,40475,36,1.03,100.00
292,1,129,86,24,40528,40528,-1,40528,40564,36,1.03,100.00
293,1,95,70,24,40563,40563,-1,40563,40599,36,1.03,100.00
286,3,114,58,5840,39882,39882,39915,39916,40678,796,1.04,100.00
1131,2,18,5,5840,39934,39900,39933,39934,40696,762,1.00,100.00
288,3,107,109,5840,39995,39995,40028,40029,40791,796,1.04,100.00
295,1,124,13,24,40765,40765,-1,40765,40801,36,1.03,100.00
296,1,104,61,24,40890,40890,-1,40890,40926,36,1.03,100.00
1132,2,106,37,5840,40473,40439,40472,40473,41235,762,1.00,100.00
1133,2,86,129,5840,40562,40528,40561,40562,41324,762,1.00,100.00
1134,2,70,95,5840,40597,40563,40596,40597,41359,762,1.00,100.00
1135,2,13,124,5840,40799,40765,40798,40799,41561,762,1.00,100.00
1136,2,61,104,5840,40924,40890,40923,40924,41686,762,1.00,100.00
290,3,69,26,14600,40357,40357,40393,40394,42251,1894,1.02,100.00
304,1,12,115,24,42514,42514,-1,42514,42550,36,1.03,100.00
306,1,68,52,24,42643,42643,-1,42643,42678,35,1.00,100.00
302,3,106,100,5840,41898,41898,41931,41932,42694,796,1.04,100.00
307,1,7,39,24,42670,42670,-1,42670,42706,36,1.03,100.00
303,3,125,44,5840,41943,41943,41976,41977,42739,796,1.04,100.00
298,3,130,105,10224,41615,41615,41651,41652,42962,1347,1.03,100.00
308,1,20,7,24,42944,42944,-1,42944,42982,38,1.09,100.00
1137,2,115,12,5840,42548,42514,42547,42548,43310,762,1.00,100.00
305,3,120,143,5840,42546,42546,42580,42581,43343,797,1.05,100.00
1138,2,39,7,5840,42704,42670,42703,42704,43470,766,1.01,100.00
1139,2,7,20,5840,42978,42944,42977,42978,43740,762,1.00,100.00
312,3,89,116,5840,43782,43782,43815,43816,44578,796,1.04,100.00
317,1,53,142,24,44560,44560,-1,44560,44596,36,1.03,100.00
313,3,44,127,5840,43895,43895,43928,43929,44691,796,1.04,100.00
323,1,106,96,24,44694,44694,-1,44694,44730,36,1.03,100.00
314,3,63,128,5840,43939,43939,43972,43973,44735,796,1.04,100.00
315,3,35,80,5840,43964,43964,43997,43998,44760,796,1.04,100.00
324,1,22,54,24,44769,44769,-1,44769,44807,38,1.09,100.00
316,3,115,48,5840,44368,44368,44401,44402,45164,796,1.04,100.00
327,1,75,52,24,45233,45233,-1,45233,45268,35,1.00,100.00
328,1,119,115,24,45273,45273,-1,45273,45309,36,1.03,100.00
318,3,116,17,5840,44567,44567,44600,44601,45363,796,1.04,100.00
321,3,45,112,5840,44622,44622,44655,44656,45418,796,1.04,100.00
1141,2,96,106,5840,44728,44694,44727,44728,45490,762,1.00,100.00
310,3,14,104,17520,43649,43649,43682,43683,45905,2256,1.02,100.00
330,1,57,19,24,45922,45922,-1,45922,45957,35,1.00,100.00
332,1,35,13,24,46416,46416,-1,46416,46452,36,1.03,100.00
1142,2,54,22,14600,44803,44769,44802,44803,46660,1857,1.00,100.00
333,1,140,82,24,46757,46757,-1,46757,46793,36,1.03,100.00
331,3,123,124,5840,46270,46270,46303,46304,47066,796,1.04,100.00
329,3,128,78,14600,45299,45299,45332,45333,47190,1891,1.02,100.00
1144,2,13,35,5840,46450,46416,46449,46450,47212,762,1.00,100.00
334,1,14,128,24,47196,47196,-1,47196,47231,35,1.00,100.00
335,1,68,93,24,47240,47240,-1,47240,47282,42,1.20,100.00
1143,2,115,119,17520,45307,45273,45306,45307,47529,2222,1.00,100.00
1145,2,82,140,5840,46791,46757,46790,46791,47553,762,1.00,100.00
338,1,139,93,24,47572,47572,-1,47572,47618,46,1.31,100.00
339,1,86,106,24,47616,47616,-1,47616,47652,36,1.03,100.00
1146,2,93,68,5840,47278,47240,47277,47278,48040,762,1.00,100.00
336,3,89,63,5840,47368,47368,47401,47402,48164,796,1.04,100.00
344,1,0,136,24,48194,48194,-1,48194,48230,36,1.03,100.00
337,3,116,36,5840,47541,47541,47574,47575,48337,796,1.04,100.00
1147,2,106,86,5840,47650,47616,47649,47650,48412,762,1.00,100.00
340,3,96,12,5840,47833,47833,47866,47867,48629,796,1.04,100.00
341,3,140,55,5840,47884,47884,47917,47918,48680,796,1.04,100.00
346,1,40,128,24,49116,49116,-1,49116,49151,35,1.00,100.00
345,3,83,104,5840,48712,48712,48745,48746,49508,796,1.04,100.00
351,1,66,8,24,49814,49814,-1,49814,49857,43,1.23,100.00
1148,2,136,0,14600,48228,48194,48227,48228,50085,1857,1.00,100.00
352,1,127,84,24,50053,50053,-1,50053,50089,36,1.03,100.00
353,1,140,5,24,50157,50157,-1,50157,50193,36,1.03,100.00
347,3,15,116,5840,49413,49413,49446,49447,50209,796,1.04,100.00
354,1,81,40,24,50260,50260,-1,50260,50300,40,1.14,100.00
343,3,92,12,14600,48064,48064,48613,48614,50471,2407,1.30,100.00
1149,2,8,66,5840,49852,49814,49851,49852,50614,762,1.00,100.00
357,1,29,143,24,50774,50774,-1,50774,50810,36,1.03,100.00
1150,2,84,127,5840,50087,50053,50086,50087,50849,762,1.00,100.00
1151,2,5,140,5840,50191,50157,50190,50191,50953,762,1.00,100.00
1152,2,40,81,5840,50296,50260,50295,50296,51058,762,1.00,100.00
355,3,111,63,5840,50391,50391,50424,50425,51187,796,1.04,100.00
360,1,59,98,24,51216,51216,-1,51216,51255,39,1.11,100.00
362,1,29,118,24,51267,51267,-1,51267,51302,35,1.00,100.00
356,3,120,31,5840,50573,50573,50606,50607,51369,796,1.04,100.00
363,1,44,114,24,51423,51423,-1,51423,51459,36,1.03,100.00
364,1,80,39,24,51526,51526,-1,51526,51562,36,1.03,100.00
1153,2,143,29,5840,50808,50774,50807,50808,51571,763,1.00,100.00
366,1,23,53,24,51546,51546,-1,51546,51583,37,1.06,100.00
358,3,14,70,5840,50790,50790,50824,50825,51587,797,1.05,100.00
369,1,3,86,24,51715,51715,-1,51715,51751,36,1.03,100.00
361,3,119,37,5840,51218,51218,51251,51252,52014,796,1.04,100.00
370,1,130,143,24,52082,52082,-1,52082,52117,35,1.00,100.00
1155,2,114,44,5840,51457,51423,51456,51457,52219,762,1.00,100.00
1156,2,118,29,5840,51555,51267,51554,51555,52317,762,1.00,100.00
1157,2,39,80,5840,51560,51526,51559,51560,52322,762,1.00,100.00
1158,2,86,3,5840,51749,51715,51748,51749,52511,762,1.00,100.00
371,3,96,18,5840,52547,52547,52580,52581,53343,796,1.04,100.00
374,1,67,49,24,53414,53414,-1,53414,53452,38,1.09,100.00
375,1,132,134,24,53566,53566,-1,53566,53602,36,1.03,100.00
376,1,18,131,24,53587,53587,-1,53587,53623,36,1.03,100.00
377,1,116,59,24,53614,53614,-1,53614,53653,39,1.11,100.00
378,1,12,111,24,54009,54009,-1,54009,54045,36,1.03,100.00
1159,2,134,132,5840,53600,53566,53599,53600,54362,762,1.00,100.00
1160,2,131,18,5840,53621,53587,53620,53621,54383,762,1.00,100.00
1162,2,111,12,5840,54043,54009,54042,54043,54805,762,1.00,100.00
379,3,62,128,5840,54085,54085,54118,54119,54881,796,1.04,100.00
381,3,63,19,5840,54247,54247,54280,54281,55043,796,1.04,100.00
384,1,32,128,24,55479,55479,-1,55479,55515,36,1.03,100.00
383,3,88,135,5840,54736,54736,54769,54770,55532,796,1.04,100.00
386,1,30,50,24,55883,55883,-1,55883,55919,36,1.03,100.00
385,3,46,15,5840,55735,55735,55768,55769,56531,796,1.04,100.00
387,1,6,54,24,56664,56664,-1,56664,56705,41,1.17,100.00
392,1,31,120,24,57241,57241,-1,57241,57280,39,1.11,100.00
1164,2,50,30,13144,55917,55883,55916,55917,57592,1675,1.00,100.00
388,3,33,34,5840,56950,56950,56983,56984,57746,796,1.04,100.00
394,1,137,22,24,57757,57757,-1,57757,57793,36,1.03,100.00
1165,2,120,31,5840,57276,57241,57275,57276,58038,762,1.00,100.00
397,1,31,35,24,58217,58217,-1,58217,58253,36,1.03,100.00
1166,2,22,137,5840,57791,57757,57790,57791,58553,762,1.00,100.00
396,3,121,42,5840,58051,58051,58084,58085,58847,796,1.04,100.00
1167,2,35,31,5840,58251,58217,58250,58251,59013,762,1.00,100.00
398,3,10,114,5840,58250,58250,58283,58284,59046,796,1.04,100.00
401,1,141,78,24,59163,59163,-1,59163,59198,35,1.00,100.00
399,3,24,132,5840,58750,58750,58783,58784,59546,796,1.04,100.00
400,3,67,86,5840,59123,59123,59156,59157,59919,796,1.04,100.00
407,1,80,47,24,60437,60437,-1,60437,60475,38,1.09,100.00
409,1,55,93,24,60587,60587,-1,60587,60636,49,1.40,100.00
404,3,41,11,5840,59853,59853,59892,59893,60655,802,1.05,100.00
410,1,97,86,24,60869,60869,-1,60869,60904,35,1.00,100.00
1168,2,47,80,5840,60471,60437,60470,60471,61233,762,1.00,100.00
408,3,106,39,5840,60480,60480,60513,60514,61276,796,1.04,100.00
1169,2,93,55,5840,60632,60587,60631,60632,61394,762,1.00,100.00
413,1,54,99,24,61873,61873,-1,61873,61908,35,1.00,100.00
416,1,112,43,24,62777,62777,-1,62777,62813,36,1.03,100.00
417,1,62,60,24,63022,63022,-1,63022,63057,35,1.00,100.00
419,1,131,84,24,63087,63087,-1,63087,63123,36,1.03,100.00
420,1,16,59,24,63108,63108,-1,63108,63149,41,1.17,100.00
1170,2,43,112,5840,62811,62777,62810,62811,63573,762,1.00,100.00
411,3,75,4,17520,61487,61487,61520,61521,63743,2256,1.02,100.00
414,3,3,117,14600,61921,61921,61954,61955,63812,1891,1.02,100.00
418,3,72,35,5840,63057,63057,63090,63091,63853,796,1.04,100.00
422,3,76,140,5840,63368,63368,63401,63402,64164,796,1.04,100.00
423,3,107,60,5840,63463,63463,63496,63497,64259,796,1.04,100.00
421,3,22,117,5840,63261,63261,63796,63797,64559,1298,1.70,100.00
425,1,89,109,24,64528,64528,-1,64528,64564,36,1.03,100.00
427,1,98,11,24,64962,64962,-1,64962,64997,35,1.00,100.00
428,1,57,137,24,65123,65123,-1,65123,65158,35,1.00,100.00
1172,2,109,89,5840,64562,64528,64561,64562,65324,762,1.00,100.00
430,1,64,74,24,65456,65456,-1,65456,65492,36,1.03,100.00
431,1,62,133,24,65473,65473,-1,65473,65509,36,1.03,100.00
297,3,38,92,195640,41251,41251,41284,41285,65773,24522,1.00,100.00
432,1,126,49,24,65757,65757,-1,65757,65798,41,1.17,100.00
429,3,132,39,5840,65187,65187,65220,65221,65983,796,1.04,100.00
434,1,129,69,24,66131,66131,-1,66131,66174,43,1.23,100.00
435,1,29,14,24,66219,66219,-1,66219,66260,41,1.17,100.00
1174,2,133,62,5840,65507,65473,65506,65507,66269,762,1.00,100.00
436,1,114,105,24,66323,66323,-1,66323,66359,36,1.03,100.00
402,3,121,92,5840,59396,59396,65756,65757,66519,7123,9.35,100.00
437,1,99,139,24,66715,66715,-1,66715,66754,39,1.11,100.00
1176,2,14,29,5840,66255,66219,66254,66255,67017,762,1.00,100.00
1177,2,105,114,5840,66357,66323,66356,66357,67119,762,1.00,100.00
439,1,12,103,24,67485,67485,-1,67485,67521,36,1.03,100.00
438,3,121,42,5840,66732,66732,66765,66766,67528,796,1.04,100.00
440,1,55,79,24,67513,67513,-1,67513,67549,36,1.03,100.00
441,1,141,92,24,67604,67604,-1,67604,67640,36,1.03,100.00
1175,2,69,129,11680,66169,66131,66168,66169,67661,1492,1.00,100.00
443,1,42,124,24,67752,67752,-1,67752,67788,36,1.03,100.00
1173,2,74,64,18984,65490,65456,65489,65490,67895,2405,1.00,100.00
445,1,112,14,24,67908,67908,-1,67908,67953,45,1.29,100.00
446,1,60,0,24,68072,68072,-1,68072,68107,35,1.00,100.00
1179,2,103,12,5840,67519,67485,67518,67519,68281,762,1.00,100.00
1180,2,79,55,5840,67547,67513,67546,67547,68309,762,1.00,100.00
442,3,6,25,5840,67698,67698,67731,67732,68494,796,1.04,100.00
1183,2,14,112,5840,67948,67908,67947,67948,68710,762,1.00,100.00
448,1,90,3,24,68932,68932,-1,68932,68968,36,1.03,100.00
451,1,95,97,24,69336,69336,-1,69336,69375,39,1.11,100.00
1182,2,124,42,14600,67786,67752,67785,67786,69643,1857,1.00,100.00
1181,2,92,141,16064,67638,67604,67637,67638,69680,2042,1.00,100.00
452,1,9,84,24,69655,69655,-1,69655,69690,35,1.00,100.00
1184,2,3,90,5840,68966,68932,68965,68966,69728,762,1.00,100.00
458,1,88,65,24,69996,69996,-1,69996,70031,35,1.00,100.00
1185,2,97,95,5840,69370,69336,69369,69370,70132,762,1.00,100.00
447,3,92,105,5840,68282,68282,69664,69665,70427,2145,2.81,100.00
460,1,19,138,24,70401,70401,-1,70401,70437,36,1.03,100.00
453,3,71,84,5840,69665,69665,69698,69699,70461,796,1.04,100.00
454,3,140,111,5840,69687,69687,69720,69721,70483,796,1.04,100.00
459,3,26,100,5840,70162,70162,70195,70196,70958,796,1.04,100.00
1000,2,127,120,565024,298,264,297,298,70974,70676,1.00,100.00
463,1,25,115,24,71166,71166,-1,71166,71202,36,1.03,100.00
461,3,27,127,5840,70694,70694,70727,70728,71491,797,1.05,100.00
27,3,105,120,5840,4261,4261,70953,70954,71716,67455,88.52,100.00
1188,2,115,25,5840,71200,71166,71199,71200,71962,762,1.00,100.00
466,1,94,98,24,71990,71990,-1,71990,72032,42,1.20,100.00
468,1,59,16,24,72279,72279,-1,72279,72320,41,1.17,100.00
469,1,39,112,24,72368,72368,-1,72368,72404,36,1.03,100.00
470,1,82,85,24,72450,72450,-1,72450,72486,36,1.03,100.00
1186,2,138,19,17520,70435,70401,70434,70435,72657,2222,1.00,100.00
471,1,106,13,24,72702,72702,-1,72702,72738,36,1.03,100.00
465,3,24,109,5840,71942,71942,71975,71976,72738,796,1.04,100.00
467,3,15,137,5840,72089,72089,72122,72123,72885,796,1.04,100.00
472,1,139,112,24,73014,73014,-1,73014,73049,35,1.00,100.00
473,1,21,24,24,73036,73036,-1,73036,73072,36,1.03,100.00
1189,2,112,39,5840,72402,72368,72401,72402,73164,762,1.00,100.00
1190,2,85,82,5840,72484,72450,72483,72484,73246,762,1.00,100.00
474,1,104,36,24,73555,73555,-1,73555,73591,36,1.03,100.00
1192,2,24,21,5840,73070,73036,73069,73070,73832,762,1.00,100.00
1193,2,36,104,8760,73589,73555,73588,73589,74716,1127,1.00,100.00
480,1,110,83,24,74764,74764,-1,74764,74800,36,1.03,100.00
481,1,17,37,24,74951,74951,-1,74951,74986,35,1.00,100.00
476,3,107,31,5840,74299,74299,74332,74333,75095,796,1.04,100.00
1194,2,83,110,5840,74798,74764,74797,74798,75560,762,1.00,100.00
484,1,21,121,24,75729,75729,-1,75729,75765,36,1.03,100.00
15,3,87,41,584000,2843,2843,2876,2877,75919,73076,1.00,100.00
479,3,47,115,10224,74602,74602,74636,74637,75947,1345,1.03,100.00
482,3,9,78,5840,75167,75167,75200,75201,75963,796,1.04,100.00
485,1,34,88,24,76302,76302,-1,76302,76338,36,1.03,100.00
487,1,88,8,24,76465,76465,-1,76465,76512,47,1.34,100.00
488,1,132,25,24,76566,76566,-1,76566,76601,35,1.00,100.00
489,1,108,59,24,76577,76577,-1,76577,76619,42,1.20,100.00
1198,2,88,34,5840,76336,76302,76335,76336,77101,765,1.00,100.00
486,3,27,22,5840,76329,76329,76362,76363,77125,796,1.04,100.00
491,1,93,64,24,77161,77161,-1,77161,77196,35,1.00,100.00
1199,2,8,88,5840,76507,76465,76506,76507,77269,762,1.00,100.00
1195,2,121,21,13144,75763,75729,75762,75763,77438,1675,1.00,100.00
494,1,104,138,24,77965,77965,-1,77965,78004,39,1.11,100.00
1200,2,138,104,5840,77999,77965,77998,77999,78761,762,1.00,100.00
501,1,82,33,24,78727,78727,-1,78727,78763,36,1.03,100.00
502,1,124,96,24,79045,79045,-1,79045,79081,36,1.03,100.00
498,3,17,128,5840,78440,78440,78473,78474,79236,796,1.04,100.00
503,1,142,52,24,79257,79257,-1,79257,79295,38,1.09,100.00
500,3,119,95,5840,78614,78614,78647,78648,79410,796,1.04,100.00
506,1,56,131,24,79401,79401,-1,79401,79438,37,1.06,100.00
496,3,55,104,5840,78303,78303,78745,78746,79508,1205,1.58,100.00
1201,2,33,82,5840,78761,78727,78760,78761,79523,762,1.00,100.00
509,1,81,135,24,79577,79577,-1,79577,79613,36,1.03,100.00
1202,2,96,124,5840,79079,79045,79078,79079,79841,762,1.00,100.00
504,3,111,86,5840,79275,79275,79308,79309,80071,796,1.04,100.00
499,3,109,11,11680,78569,78569,78602,78603,80095,1526,1.02,100.00
507,3,68,140,5840,79442,79442,79475,79476,80238,796,1.04,100.00
497,3,50,113,14600,78409,78409,78442,78443,80300,1891,1.02,100.00
1154,2,98,59,235064,51250,51216,51249,51250,80675,29425,1.00,100.00
511,3,27,102,5840,80031,80031,80064,80065,80827,796,1.04,100.00
510,3,3,104,7304,79938,79938,79971,79972,80917,979,1.04,100.00
514,1,39,127,24,80923,80923,-1,80923,80958,35,1.00,100.00
516,1,28,138,24,81048,81048,-1,81048,81089,41,1.17,100.00
391,3,37,59,5840,57220,57220,80652,80653,81415,24195,31.75,100.00
518,1,45,142,24,81577,81577,-1,81577,81614,37,1.06,100.00
515,3,94,91,5840,80971,80971,81004,81005,81767,796,1.04,100.00
1203,2,135,81,18984,79611,79577,79610,79611,82016,2405,1.00,100.00
1204,2,98,94,13144,80660,71990,80659,80660,82336,1676,1.00,100.00
519,3,40,143,5840,81782,81782,81821,81822,82584,802,1.05,100.00
521,1,139,43,24,82801,82801,-1,82801,82836,35,1.00,100.00
522,1,8,66,24,82950,82950,-1,82950,82985,35,1.00,100.00
523,1,48,28,24,83182,83182,-1,83182,83219,37,1.06,100.00
528,1,90,52,24,83642,83642,-1,83642,83683,41,1.17,100.00
529,1,125,31,24,83834,83834,-1,83834,83869,35,1.00,100.00
530,1,34,12,24,83839,83839,-1,83839,83875,36,1.03,100.00
531,1,79,127,24,83863,83863,-1,83863,83898,35,1.00,100.00
253,3,19,14,376680,36774,36774,36975,36976,84106,47332,1.00,100.00
533,1,113,7,24,84104,84104,-1,84104,84140,36,1.03,100.00
525,3,14,3,5840,83392,83392,83432,83433,84195,803,1.05,100.00
526,3,61,63,5840,83575,83575,83608,83609,84371,796,1.04,100.00
309,3,19,29,5840,43412,43412,84082,84083,84845,41433,54.37,100.00
1207,2,7,113,5840,84138,84104,84137,84138,84900,762,1.00,100.00
535,1,34,117,24,84867,84867,-1,84867,84904,37,1.06,100.00
537,1,108,93,24,85034,85034,-1,85034,85086,52,1.49,100.00
538,1,134,40,24,85142,85142,-1,85142,85188,46,1.31,100.00
1206,2,12,34,11680,83873,83839,83872,83873,85365,1492,1.00,100.00
540,1,131,141,24,85382,85382,-1,85382,85417,35,1.00,100.00
536,3,3,100,5840,84883,84883,84916,84917,85679,796,1.04,100.00
544,1,62,57,24,85733,85733,-1,85733,85772,39,1.11,100.00
1208,2,93,108,5840,85081,85034,85080,85081,85843,762,1.00,100.00
545,1,74,73,24,85825,85825,-1,85825,85861,36,1.03,100.00
1209,2,40,134,5840,85183,85142,85182,85183,85945,762,1.00,100.00
541,3,69,18,5840,85390,85390,85428,85429,86192,802,1.05,100.00
542,3,7,35,5840,85459,85459,85492,85493,86255,796,1.04,100.00
548,1,15,46,24,86234,86234,-1,86234,86270,36,1.03,100.00
543,3,27,4,5840,85559,85559,85592,85593,86355,796,1.04,100.00
1210,2,57,62,5840,85767,85733,85766,85767,86529,762,1.00,100.00
1211,2,73,74,5840,85859,85825,85858,85859,86621,762,1.00,100.00
551,1,11,69,24,86682,86682,-1,86682,86726,44,1.26,100.00
546,3,39,89,5840,86065,86065,86098,86099,86861,796,1.04,100.00
547,3,18,36,5840,86071,86071,86104,86105,86867,796,1.04,100.00
553,1,140,116,24,86949,86949,-1,86949,86987,38,1.09,100.00
1212,2,46,15,5840,86268,86234,86267,86268,87030,762,1.00,100.00
555,1,41,88,24,87159,87159,-1,87159,87194,35,1.00,100.00
556,1,142,129,24,87199,87199,-1,87199,87234,35,1.00,100.00
549,3,32,31,5840,86440,86440,86473,86474,87236,796,1.04,100.00
557,1,87,41,24,87256,87256,-1,87256,87294,38,1.09,100.00
1213,2,69,11,5840,86722,86682,86721,86722,87484,762,1.00,100.00
550,3,107,91,8760,86541,86541,86574,86575,87702,1161,1.03,100.00
554,3,89,118,5840,87133,87133,87166,87167,87929,796,1.04,100.00
559,1,1,138,24,87962,87962,-1,87962,88004,42,1.20,100.00
558,3,130,58,5840,87268,87268,87301,87302,88064,796,1.04,100.00
1214,2,138,1,5840,88000,87962,87999,88000,88762,762,1.00,100.00
560,3,85,126,5840,88107,88107,88140,88141,88903,796,1.04,100.00
563,3,12,21,5840,88315,88315,88348,88349,89111,796,1.04,100.00
564,3,15,115,5840,88998,88998,89031,89032,89796,798,1.05,100.00
565,3,104,59,5840,89293,89293,89326,89327,90089,796,1.04,100.00
568,1,48,114,24,90121,90121,-1,90121,90156,35,1.00,100.00
259,3,77,93,423400,37168,37168,37201,37202,90178,53010,1.00,100.00
569,1,30,98,24,90574,90574,-1,90574,90620,46,1.31,100.00
567,3,40,83,5840,90089,90089,90133,90134,90896,807,1.06,100.00
573,1,43,106,24,91308,91308,-1,91308,91347,39,1.11,100.00
1215,2,98,30,5840,90616,90574,90615,90616,91378,762,1.00,100.00
574,1,138,67,24,91593,91593,-1,91593,91628,35,1.00,100.00
571,3,141,96,5840,90841,90841,90874,90875,91637,796,1.04,100.00
1216,2,106,43,7304,91342,91308,91341,91342,92287,945,1.00,100.00
576,1,64,51,24,92338,92338,-1,92338,92373,35,1.00,100.00
570,3,67,114,14600,90701,90701,90734,90735,92594,1893,1.02,100.00
579,1,131,26,24,92616,92616,-1,92616,92651,35,1.00,100.00
578,1,127,139,24,92610,92610,-1,92610,92652,42,1.20,100.00
580,1,2,13,24,92690,92690,-1,92690,92725,35,1.00,100.00
581,1,84,56,24,93115,93115,-1,93115,93153,38,1.09,100.00
582,1,61,81,24,93142,93142,-1,93142,93177,35,1.00,100.00
583,1,89,69,24,93190,93190,-1,93190,93239,49,1.40,100.00
1197,2,87,138,138704,75897,5833,75896,75897,93278,17381,1.00,100.00
575,3,67,65,5840,91920,91920,92578,92579,93341,1421,1.86,100.00
585,1,143,68,24,93519,93519,-1,93519,93555,36,1.03,100.00
586,1,113,23,24,93532,93532,-1,93532,93568,36,1.03,100.00
1217,2,69,89,5840,93234,93190,93233,93234,93996,762,1.00,100.00
1218,2,67,138,5840,93326,91593,93325,93326,94088,762,1.00,100.00
584,3,115,71,5840,93380,93380,93413,93414,94176,796,1.04,100.00
1219,2,68,143,5840,93553,93519,93552,93553,94315,762,1.00,100.00
1220,2,23,113,5840,93566,93532,93565,93566,94328,762,1.00,100.00
592,1,69,94,24,94662,94662,-1,94662,94697,35,1.00,100.00
593,1,136,21,24,94883,94883,-1,94883,94918,35,1.00,100.00
591,3,109,3,5840,94582,94582,94615,94616,95378,796,1.04,100.00
597,1,45,104,24,95498,95498,-1,95498,95533,35,1.00,100.00
599,1,76,123,24,95559,95559,-1,95559,95597,38,1.09,100.00
602,1,42,69,24,95834,95834,-1,95834,95886,52,1.49,100.00
605,1,9,20,24,96025,96025,-1,96025,96063,38,1.09,100.00
603,3,40,19,5840,95952,95952,95997,95998,96760,808,1.06,100.00
604,3,22,39,5840,95983,95983,96016,96017,96779,796,1.04,100.00
1222,2,20,9,5840,96059,96025,96058,96059,96821,762,1.00,100.00
607,3,96,105,5840,96157,96157,96190,96191,96953,796,1.04,100.00
613,1,117,70,24,96989,96989,-1,96989,97024,35,1.00,100.00
616,1,105,107,24,97308,97308,-1,97308,97344,36,1.03,100.00
617,1,0,49,24,97341,97341,-1,97341,97378,37,1.06,100.00
618,1,42,45,24,97407,97407,-1,97407,97444,37,1.06,100.00
610,3,83,86,5840,96747,96747,96780,96781,97543,796,1.04,100.00
622,1,56,89,24,97559,97559,-1,97559,97594,35,1.00,100.00
1221,2,69,42,14600,95882,95834,95881,95882,97739,1857,1.00,100.00
611,3,143,77,5840,96965,96965,96998,96999,97761,796,1.04,100.00
612,3,82,74,5840,96981,96981,97014,97015,97777,796,1.04,100.00
623,1,75,1,24,97905,97905,-1,97905,97941,36,1.03,100.00
1223,2,107,105,5840,97342,97308,97341,97342,98104,762,1.00,100.00
619,3,141,83,5840,97440,97440,97473,97474,98236,796,1.04,100.00
620,3,20,108,5840,97463,97463,97500,97501,98263,800,1.05,100.00
621,3,86,132,5840,97520,97520,97553,97554,98318,798,1.05,100.00
625,1,137,120,24,98312,98312,-1,98312,98347,35,1.00,100.00
1224,2,45,42,7304,97727,97407,97726,97727,98672,945,1.00,100.00
1225,2,1,75,5840,97939,97905,97938,97939,98701,762,1.00,100.00
624,3,86,113,5840,98251,98251,98302,98303,99065,814,1.07,100.00
627,1,22,68,24,99413,99413,-1,99413,99449,36,1.03,100.00
628,1,120,29,24,99476,99476,-1,99476,99511,35,1.00,100.00
629,1,25,42,24,99505,99505,-1,99505,99541,36,1.03,100.00
630,1,130,91,24,99697,99697,-1,99697,99732,35,1.00,100.00
631,1,82,23,24,99723,99723,-1,99723,99759,36,1.03,100.00
632,1,67,10,24,99858,99858,-1,99858,99898,40,1.14,100.00
633,1,118,92,24,99994,99994,-1,99994,100032,38,1.09,100.00
634,1,13,32,24,100006,100006,-1,100006,100044,38,1.09,100.00
635,1,5,39,24,100043,100043,-1,100043,100079,36,1.03,100.00
1226,2,68,22,5840,99447,99413,99446,99447,100209,762,1.00,100.00
1227,2,42,25,5840,99539,99505,99538,99539,100301,762,1.00,100.00
1228,2,23,82,5840,99757,99723,99756,99757,100519,762,1.00,100.00
1229,2,10,67,5840,99893,99858,99892,99893,100655,762,1.00,100.00
1230,2,92,118,5840,100028,99994,100027,100028,100790,762,1.00,100.00
1231,2,32,13,5840,100040,100006,100039,100040,100802,762,1.00,100.00
639,1,84,128,24,101098,101098,-1,101098,101133,35,1.00,100.00
641,1,21,37,24,101227,101227,-1,101227,101263,36,1.03,100.00
636,3,47,27,5840,100716,100716,100751,100752,101514,798,1.05,100.00
637,3,135,143,5840,100732,100732,100765,100766,101528,796,1.04,100.00
644,1,16,90,24,101578,101578,-1,101578,101613,35,1.00,100.00
645,1,69,99,24,101736,101736,-1,101736,101773,37,1.06,100.00
646,1,58,64,24,101753,101753,-1,101753,101788,35,1.00,100.00
640,3,74,42,5840,101139,101139,101172,101173,101935,796,1.04,100.00
643,3,114,71,5840,101458,101458,101491,101492,102254,796,1.04,100.00
648,1,12,35,24,102253,102253,-1,102253,102289,36,1.03,100.00
649,1,101,17,24,102254,102254,-1,102254,102292,38,1.09,100.00
651,1,88,18,24,102535,102535,-1,102535,102571,36,1.03,100.00
650,1,23,97,24,102535,102535,-1,102535,102575,40,1.14,100.00
647,3,112,3,5840,101894,101894,101927,101928,102690,796,1.04,100.00
652,1,66,62,24,102865,102865,-1,102865,102900,35,1.00,100.00
1235,2,17,101,5840,102288,102254,102287,102288,103050,762,1.00,100.00
1234,2,35,12,7304,102287,102253,102286,102287,103232,945,1.00,100.00
1236,2,18,88,5840,102569,102535,102568,102569,103331,762,1.00,100.00
1237,2,97,23,5840,102571,102535,102570,102571,103333,762,1.00,100.00
655,1,118,57,24,103309,103309,-1,103309,103349,40,1.14,100.00
656,1,136,97,24,103443,103443,-1,103443,103487,44,1.26,100.00
654,3,143,133,5840,102970,102970,103003,103004,103766,796,1.04,100.00
657,1,42,76,24,103753,103753,-1,103753,103789,36,1.03,100.00
658,1,27,85,24,103911,103911,-1,103911,103947,36,1.03,100.00
1238,2,57,118,5840,103344,103309,103343,103344,104106,762,1.00,100.00
660,1,143,130,24,104112,104112,-1,104112,104152,40,1.14,100.00
1239,2,76,42,5840,103787,103753,103786,103787,104549,762,1.00,100.00
1240,2,85,27,5840,103945,103911,103944,103945,104707,762,1.00,100.00
662,1,97,107,24,104674,104674,-1,104674,104709,35,1.00,100.00
659,3,23,66,5840,103976,103976,104009,104010,104772,796,1.04,100.00
663,1,57,69,24,104718,104718,-1,104718,104773,55,1.57,100.00
664,1,104,42,24,104823,104823,-1,104823,104859,36,1.03,100.00
1241,2,130,143,5840,104147,104112,104146,104147,104909,762,1.00,100.00
661,3,9,0,5840,104247,104247,104280,104281,105043,796,1.04,100.00
666,1,109,87,24,105115,105115,-1,105115,105154,39,1.11,100.00
667,1,23,60,24,105159,105159,-1,105159,105196,37,1.06,100.00
669,1,117,30,24,105237,105237,-1,105237,105272,35,1.00,100.00
1242,2,42,104,5840,104857,104823,104856,104857,105619,762,1.00,100.00
671,1,124,108,24,105861,105861,-1,105861,105897,36,1.03,100.00
1243,2,87,109,5840,105149,105115,105148,105149,105912,763,1.00,100.00
668,3,71,55,5840,105204,105204,105237,105238,106000,796,1.04,100.00
673,1,27,121,24,106075,106075,-1,106075,106111,36,1.03,100.00
674,1,7,86,24,106149,106149,-1,106149,106185,36,1.03,100.00
665,3,33,51,11680,104860,104860,104893,104894,106386,1526,1.02,100.00
670,3,109,43,5840,105755,105755,105788,105789,106551,796,1.04,100.00
1244,2,108,124,5840,105895,105861,105894,105895,106657,762,1.00,100.00
672,3,104,38,5840,105872,105872,105905,105906,106668,796,1.04,100.00
1246,2,86,7,5840,106183,106149,106182,106183,106945,762,1.00,100.00
676,1,11,30,24,106982,106982,-1,106982,107017,35,1.00,100.00
678,1,79,77,24,107015,107015,-1,107015,107050,35,1.00,100.00
1031,2,49,97,766504,11407,11373,11406,11407,107268,95861,1.00,100.00
681,1,142,82,24,107317,107317,-1,107317,107352,35,1.00,100.00
495,3,90,79,233600,78298,78298,78331,78332,107567,29269,1.00,100.00
684,1,74,0,24,107548,107548,-1,107548,107583,35,1.00,100.00
677,3,122,19,5840,107009,107009,107042,107043,107805,796,1.04,100.00
679,3,36,46,5840,107152,107152,107185,107186,107948,796,1.04,100.00
685,1,7,86,24,107963,107963,-1,107963,107998,35,1.00,100.00
147,3,12,97,5840,22043,22043,107243,107244,108006,85963,112.81,100.00
1247,2,49,67,5840,107247,53414,107246,107247,108009,762,1.00,100.00
686,1,126,105,24,108083,108083,-1,108083,108118,35,1.00,100.00
1248,2,77,79,5840,107552,107015,107551,107552,108314,762,1.00,100.00
1245,2,121,27,17520,106109,106075,106108,106109,108331,2222,1.00,100.00
688,1,90,12,24,108420,108420,-1,108420,108456,36,1.03,100.00
680,3,36,76,5840,107170,107170,107932,107933,108695,1525,2.00,100.00
689,1,56,59,24,108718,108718,-1,108718,108753,35,1.00,100.00
1249,2,86,97,5840,107991,60869,107990,107991,108753,762,1.00,100.00
1250,2,49,126,5840,107998,65757,107997,107998,108760,762,1.00,100.00
1251,2,12,90,5840,108454,108420,108453,108454,109216,762,1.00,100.00
693,1,90,25,24,109319,109319,-1,109319,109354,35,1.00,100.00
1252,2,86,7,5840,108738,107963,108737,108738,109500,762,1.00,100.00
1253,2,107,97,5840,108738,104674,108737,108738,109500,762,1.00,100.00
1254,2,105,126,5840,108745,108083,108744,108745,109507,762,1.00,100.00
464,3,49,23,5840,71816,71816,108749,108750,109512,37696,49.47,100.00
691,3,47,90,5840,108878,108878,109203,109204,109966,1088,1.43,100.00
696,1,48,25,24,109946,109946,-1,109946,109981,35,1.00,100.00
698,1,73,5,24,110035,110035,-1,110035,110074,39,1.11,100.00
699,1,19,103,24,110096,110096,-1,110096,110132,36,1.03,100.00
690,3,19,23,5840,108814,108814,109496,109497,110262,1448,1.90,100.00
1255,2,49,0,5840,109503,97341,109502,109503,110265,762,1.00,100.00
694,3,101,118,5840,109490,109490,109523,109524,110286,796,1.04,100.00
697,3,126,13,5840,110018,110018,110051,110052,110814,796,1.04,100.00
1256,2,5,73,5840,110069,110035,110068,110069,110831,762,1.00,100.00
1257,2,103,19,5840,110130,110096,110129,110130,110892,762,1.00,100.00
706,1,27,69,24,111098,111098,-1,111098,111157,59,1.69,100.00
703,3,32,31,7304,110506,110506,110543,110544,111489,983,1.04,100.00
711,1,115,125,24,111865,111865,-1,111865,111904,39,1.11,100.00
1258,2,69,27,5840,111153,111098,111152,111153,111915,762,1.00,100.00
708,3,3,19,5840,111210,111210,111243,111244,112006,796,1.04,100.00
709,3,109,134,5840,111401,111401,111434,111435,112197,796,1.04,100.00
712,1,6,86,24,112265,112265,-1,112265,112300,35,1.00,100.00
710,3,12,46,5840,111710,111710,111743,111744,112506,796,1.04,100.00
713,1,22,107,24,112582,112582,-1,112582,112618,36,1.03,100.00
1259,2,125,115,5840,111899,111865,111898,111899,112661,762,1.00,100.00
1260,2,107,22,5840,112616,112582,112615,112616,113378,762,1.00,100.00
715,1,79,85,24,113388,113388,-1,113388,113424,36,1.03,100.00
717,1,87,129,24,113532,113532,-1,113532,113567,35,1.00,100.00
718,1,22,123,24,113784,113784,-1,113784,113821,37,1.06,100.00
1261,2,85,79,5840,113422,113388,113421,113422,114184,762,1.00,100.00
719,1,68,119,24,114403,114403,-1,114403,114439,36,1.03,100.00
1262,2,119,68,5840,114437,114403,114436,114437,115199,762,1.00,100.00
721,1,55,101,24,115529,115529,-1,115529,115565,36,1.03,100.00
722,1,129,92,24,115630,115630,-1,115630,115671,41,1.17,100.00
724,1,52,134,24,115655,115655,-1,115655,115690,35,1.00,100.00
726,1,137,132,24,116005,116005,-1,116005,116041,36,1.03,100.00
727,1,19,95,24,116018,116018,-1,116018,116054,36,1.03,100.00
1263,2,101,55,5840,115563,115529,115562,115563,116325,762,1.00,100.00
1264,2,92,129,5840,115666,115630,115665,115666,116428,762,1.00,100.00
729,1,120,1,24,116492,116492,-1,116492,116528,36,1.03,100.00
725,3,18,103,5840,115769,115769,115802,115803,116565,796,1.04,100.00
732,1,121,29,24,116748,116748,-1,116748,116783,35,1.00,100.00
731,1,54,17,24,116743,116743,-1,116743,116784,41,1.17,100.00
1265,2,132,137,5840,116039,116005,116038,116039,116801,762,1.00,100.00
733,1,21,119,24,117014,117014,-1,117014,117049,35,1.00,100.00
730,3,79,141,5840,116625,116625,116658,116659,117421,796,1.04,100.00
1266,2,95,19,11680,116052,116018,116051,116052,117544,1492,1.00,100.00
736,1,116,25,24,117809,117809,-1,117809,117844,35,1.00,100.00
737,1,33,76,24,117944,117944,-1,117944,117980,36,1.03,100.00
738,1,133,75,24,118103,118103,-1,118103,118139,36,1.03,100.00
735,3,45,13,5840,117734,117734,117769,117770,118532,798,1.05,100.00
742,1,105,23,24,118839,118839,-1,118839,118875,36,1.03,100.00
1269,2,75,133,5840,118137,118103,118136,118137,118899,762,1.00,100.00
739,3,5,115,5840,118204,118204,118241,118242,119004,800,1.05,100.00
1268,2,76,33,10224,117978,117944,117977,117978,119288,1310,1.00,100.00
743,1,140,92,24,119531,119531,-1,119531,119576,45,1.29,100.00
744,1,39,108,24,119546,119546,-1,119546,119582,36,1.03,100.00
1270,2,23,105,5840,118873,118839,118872,118873,119635,762,1.00,100.00
745,1,42,52,24,120057,120057,-1,120057,120098,41,1.17,100.00
1272,2,108,39,5840,119580,119546,119579,119580,120342,762,1.00,100.00
746,1,64,84,24,120328,120328,-1,120328,120363,35,1.00,100.00
751,1,82,28,24,120958,120958,-1,120958,120996,38,1.09,100.00
747,3,66,118,5840,120345,120345,120378,120379,121141,796,1.04,100.00
752,1,127,28,24,121143,121143,-1,121143,121184,41,1.17,100.00
753,1,118,99,24,121282,121282,-1,121282,121320,38,1.09,100.00
1271,2,92,140,14600,119571,119531,119570,119571,121428,1857,1.00,100.00
155,3,53,98,786944,22996,22996,23029,23030,121448,98452,1.00,100.00
756,1,87,135,24,121812,121812,-1,121812,121847,35,1.00,100.00
757,1,27,116,24,121881,121881,-1,121881,121918,37,1.06,100.00
1273,2,53,23,5840,121423,51546,121422,121423,122185,762,1.00,100.00
754,3,87,78,5840,121391,121391,121428,121429,122194,803,1.05,100.00
758,1,136,20,24,122318,122318,-1,122318,122361,43,1.23,100.00
759,1,47,97,24,122593,122593,-1,122593,122628,35,1.00,100.00
760,1,139,3,24,122682,122682,-1,122682,122717,35,1.00,100.00
1274,2,61,98,11680,121423,37452,121422,121423,122915,1492,1.00,100.00
600,3,53,102,5840,95625,95625,122170,122171,122933,27308,35.84,100.00
763,1,101,142,24,123596,123596,-1,123596,123634,38,1.09,100.00
1275,2,11,98,5840,122900,64962,122899,122900,123662,762,1.00,100.00
764,1,23,51,24,123947,123947,-1,123947,123982,35,1.00,100.00
766,1,91,121,24,124466,124466,-1,124466,124502,36,1.03,100.00
768,1,99,83,24,124651,124651,-1,124651,124686,35,1.00,100.00
765,3,5,67,5840,123969,123969,124002,124003,124765,796,1.04,100.00
769,1,20,123,24,124805,124805,-1,124805,124845,40,1.14,100.00
1276,2,121,91,5840,124500,124466,124499,124500,125262,762,1.00,100.00
772,1,100,3,24,125238,125238,-1,125238,125274,36,1.03,100.00
773,1,29,47,24,125558,125558,-1,125558,125597,39,1.11,100.00
777,1,143,103,24,125685,125685,-1,125685,125721,36,1.03,100.00
1277,2,3,100,5840,125272,125238,125271,125272,126034,762,1.00,100.00
493,3,77,98,18984,77598,77598,123646,123647,126052,48454,20.16,100.00
1278,2,47,29,5840,125593,125558,125592,125593,126355,762,1.00,100.00
776,3,83,13,5840,125675,125675,125708,125709,126471,796,1.04,100.00
1279,2,103,143,5840,125719,125685,125718,125719,126481,762,1.00,100.00
779,1,86,64,24,126491,126491,-1,126491,126526,35,1.00,100.00
780,1,15,135,24,126519,126519,-1,126519,126555,36,1.03,100.00
762,3,134,98,5840,123486,123486,126036,126037,126799,3313,4.35,100.00
782,1,135,45,24,126854,126854,-1,126854,126892,38,1.09,100.00
783,1,37,38,24,127324,127324,-1,127324,127359,35,1.00,100.00
784,1,65,125,24,127515,127515,-1,127515,127554,39,1.11,100.00
1281,2,45,135,5840,126888,126854,126887,126888,127650,762,1.00,100.00
785,1,2,65,24,128055,128055,-1,128055,128092,37,1.06,100.00
787,1,135,41,24,128273,128273,-1,128273,128312,39,1.11,100.00
1282,2,125,65,5840,127550,127515,127549,127550,128315,765,1.00,100.00
786,3,118,85,5840,128116,128116,128149,128150,128912,796,1.04,100.00
791,1,39,117,24,129019,129019,-1,129019,129056,37,1.06,100.00
1283,2,41,135,5840,128307,128273,128306,128307,129069,762,1.00,100.00
788,3,12,76,5840,128529,128529,128562,128563,129325,796,1.04,100.00
794,1,4,26,24,129664,129664,-1,129664,129702,38,1.09,100.00
795,1,54,25,24,129828,129828,-1,129828,129863,35,1.00,100.00
793,3,66,89,5840,129202,129202,129235,129236,129998,796,1.04,100.00
797,1,39,64,24,130090,130090,-1,130090,130125,35,1.00,100.00
1284,2,26,4,5840,129698,129664,129697,129698,130460,762,1.00,100.00
798,1,120,6,24,130428,130428,-1,130428,130466,38,1.09,100.00
799,1,19,4,24,130709,130709,-1,130709,130745,36,1.03,100.00
801,1,72,105,24,130771,130771,-1,130771,130807,36,1.03,100.00
803,1,102,20,24,130800,130800,-1,130800,130844,44,1.26,100.00
796,3,10,63,5840,130086,130086,130124,130125,130887,801,1.05,100.00
805,1,16,65,24,131475,131475,-1,131475,131510,35,1.00,100.00
807,1,11,127,24,131521,131521,-1,131521,131556,35,1.00,100.00
800,3,141,108,5840,130768,130768,130801,130802,131564,796,1.04,100.00
808,1,57,115,24,131586,131586,-1,131586,131621,35,1.00,100.00
23,3,56,123,1022000,3918,3918,3951,3952,131764,127846,1.00,100.00
810,1,99,129,24,132016,132016,-1,132016,132051,35,1.00,100.00
804,3,27,90,5840,131369,131369,131402,131403,132165,796,1.04,100.00
806,3,96,109,5840,131519,131519,131552,131553,132315,796,1.04,100.00
811,1,19,125,24,132434,132434,-1,132434,132474,40,1.14,100.00
1288,2,56,97,5840,131743,8564,131742,131743,132505,762,1.00,100.00
812,1,17,118,24,132473,132473,-1,132473,132508,35,1.00,100.00
216,3,125,123,5840,31483,31483,131747,131748,132510,101027,132.58,100.00
815,1,122,75,24,132937,132937,-1,132937,132973,36,1.03,100.00
373,3,56,83,5840,53302,53302,132490,132491,133253,79951,104.92,100.00
349,3,49,123,5840,49629,49629,132496,132497,133259,83630,109.75,100.00
818,1,18,24,24,133350,133350,-1,133350,133386,36,1.03,100.00
813,3,23,46,5840,132785,132785,132818,132819,133581,796,1.04,100.00
819,1,44,101,24,133645,133645,-1,133645,133680,35,1.00,100.00
814,3,112,133,5840,132909,132909,132942,132943,133705,796,1.04,100.00
1289,2,75,122,5840,132971,132937,132970,132971,133733,762,1.00,100.00
1290,2,56,84,5840,133240,93115,133239,133240,134002,762,1.00,100.00
449,3,43,123,5840,68977,68977,133243,133244,134006,65029,85.34,100.00
1291,2,24,18,5840,133384,133350,133383,133384,134146,762,1.00,100.00
821,1,76,41,24,134136,134136,-1,134136,134179,43,1.23,100.00
728,3,23,123,5840,116373,116373,133990,133991,134753,18380,24.12,100.00
820,3,14,4,5840,134020,134020,134053,134054,134816,796,1.04,100.00
1292,2,41,76,5840,134174,134136,134173,134174,134936,762,1.00,100.00
822,3,143,11,5840,134291,134291,134324,134325,135087,796,1.04,100.00
827,1,5,104,24,135410,135410,-1,135410,135445,35,1.00,100.00
826,3,115,11,5840,135122,135122,135155,135156,135918,796,1.04,100.00
834,1,46,137,24,136376,136376,-1,136376,136411,35,1.00,100.00
836,1,10,101,24,136637,136637,-1,136637,136674,37,1.06,100.00
830,3,10,83,5840,135926,135926,135965,135966,136731,805,1.06,100.00
838,1,72,57,24,136746,136746,-1,136746,136789,43,1.23,100.00
839,1,91,11,24,136775,136775,-1,136775,136811,36,1.03,100.00
840,1,84,115,24,136975,136975,-1,136975,137011,36,1.03,100.00
843,1,81,51,24,137057,137057,-1,137057,137092,35,1.00,100.00
833,3,96,78,10224,136176,136176,136209,136210,137520,1344,1.03,100.00
1293,2,11,91,5840,136809,136775,136808,136809,137571,762,1.00,100.00
845,1,107,17,24,137544,137544,-1,137544,137585,41,1.17,100.00
1294,2,115,84,5840,137009,136975,137008,137009,137771,762,1.00,100.00
841,3,55,25,5840,137003,137003,137036,137037,137799,796,1.04,100.00
831,3,133,101,14600,136041,136041,136074,136075,137935,1894,1.02,100.00
844,3,68,107,5840,137317,137317,137350,137351,138113,796,1.04,100.00
1171,2,84,131,601520,63121,63087,63120,63121,138352,75231,1.00,100.00
842,3,55,36,5840,137013,137013,137783,137784,138546,1533,2.01,100.00
1296,2,84,9,5840,138337,69655,138336,138337,139099,762,1.00,100.00
1297,2,141,131,5840,138337,85382,138336,138337,139099,762,1.00,100.00
847,3,77,11,5840,138411,138411,138444,138445,139207,796,1.04,100.00
1295,2,17,107,8760,138105,137544,138104,138105,139232,1127,1.00,100.00
849,1,139,70,24,139448,139448,-1,139448,139483,35,1.00,100.00
851,1,79,44,24,139534,139534,-1,139534,139573,39,1.11,100.00
853,1,140,80,24,139690,139690,-1,139690,139725,35,1.00,100.00
848,3,122,34,5840,138968,138968,139001,139002,139764,796,1.04,100.00
854,1,87,112,24,139785,139785,-1,139785,139823,38,1.09,100.00
1298,2,84,64,5840,139084,120328,139083,139084,139846,762,1.00,100.00
1299,2,26,131,5840,139088,92616,139087,139088,139850,762,1.00,100.00
856,1,98,51,24,140002,140002,-1,140002,140037,35,1.00,100.00
858,1,124,47,24,140121,140121,-1,140121,140164,43,1.23,100.00
859,1,68,61,24,140272,140272,-1,140272,140312,40,1.14,100.00
850,3,98,43,5840,139525,139525,139558,139559,140324,799,1.05,100.00
852,3,42,112,5840,139628,139628,139661,139662,140427,799,1.05,100.00
608,3,7,131,5840,96499,96499,139834,139835,140597,44098,57.87,100.00
863,1,128,99,24,140881,140881,-1,140881,140918,37,1.06,100.00
1301,2,47,124,5840,140160,140121,140159,140160,140922,762,1.00,100.00
1302,2,61,68,5840,140307,140272,140306,140307,141069,762,1.00,100.00
860,3,132,11,5840,140367,140367,140400,140401,141163,796,1.04,100.00
861,3,55,1,5840,140422,140422,140455,140456,141218,796,1.04,100.00
865,1,129,73,24,141470,141470,-1,141470,141506,36,1.03,100.00
866,1,74,0,24,141939,141939,-1,141939,141974,35,1.00,100.00
870,1,4,138,24,142212,142212,-1,142212,142248,36,1.03,100.00
1303,2,73,129,5840,141504,141470,141503,141504,142266,762,1.00,100.00
871,1,49,94,24,142346,142346,-1,142346,142381,35,1.00,100.00
873,1,22,11,24,142494,142494,-1,142494,142530,36,1.03,100.00
874,1,114,45,24,142595,142595,-1,142595,142633,38,1.09,100.00
876,1,7,130,24,143335,143335,-1,143335,143376,41,1.17,100.00
1306,2,45,114,5840,142629,142595,142628,142629,143391,762,1.00,100.00
879,1,85,7,24,143490,143490,-1,143490,143528,38,1.09,100.00
875,3,109,124,5840,142994,142994,143027,143028,143790,796,1.04,100.00
880,1,51,89,24,143920,143920,-1,143920,143956,36,1.03,100.00
881,1,52,64,24,143975,143975,-1,143975,144010,35,1.00,100.00
1307,2,130,7,5840,143372,143335,143371,143372,144138,766,1.01,100.00
882,1,121,61,24,144257,144257,-1,144257,144298,41,1.17,100.00
884,1,31,140,24,144309,144309,-1,144309,144344,35,1.00,100.00
877,3,21,39,8760,143353,143353,143386,143387,144514,1161,1.03,100.00
883,3,70,107,5840,144299,144299,144332,144333,145095,796,1.04,100.00
1308,2,7,85,14600,143524,143490,143523,143524,145381,1857,1.00,100.00
1309,2,89,51,11680,143954,143920,143953,143954,145446,1492,1.00,100.00
889,1,113,58,24,145695,145695,-1,145695,145731,36,1.03,100.00
890,1,62,18,24,145850,145850,-1,145850,145885,35,1.00,100.00
279,3,25,56,855560,38973,38973,39006,39007,145997,107024,1.00,100.00
601,3,120,60,401504,95749,95749,95782,95783,146012,50263,1.00,100.00
888,3,73,62,5840,145335,145335,145368,145369,146131,796,1.04,100.00
325,3,51,10,811760,44811,44811,44844,44845,146354,101543,1.00,100.00
896,1,130,17,24,146332,146332,-1,146332,146379,47,1.34,100.00
897,1,32,75,24,146392,146392,-1,146392,146427,35,1.00,100.00
1311,2,58,113,5840,145729,145695,145728,145729,146491,762,1.00,100.00
891,3,76,71,5840,145898,145898,145931,145932,146694,796,1.04,100.00
1312,2,25,132,5840,145979,76566,145978,145979,146741,762,1.00,100.00
150,3,120,123,5840,22247,22247,145996,145997,146759,124512,163.40,100.00
892,3,95,115,5840,145990,145990,146023,146024,146786,796,1.04,100.00
893,3,5,98,5840,146027,146027,146060,146061,146823,796,1.04,100.00
1314,2,18,62,5840,146116,145850,146115,146116,146878,762,1.00,100.00
894,3,56,88,5840,146102,146102,146135,146136,146898,796,1.04,100.00
895,3,27,85,5840,146195,146195,146228,146229,146991,796,1.04,100.00
350,3,82,10,5840,49765,49765,146334,146335,147097,97332,127.73,100.00
598,3,25,2,5840,95556,95556,146725,146726,147488,51932,68.15,100.00
1316,2,120,137,5840,146745,98312,146744,146745,147507,762,1.00,100.00
1034,2,80,130,1083320,12244,12210,12243,12244,147713,135469,1.00,100.00
898,3,68,114,5840,146923,146923,146956,146957,147719,796,1.04,100.00
901,1,46,39,24,148146,148146,-1,148146,148181,35,1.00,100.00
899,3,42,80,5840,147385,147385,147419,147420,148183,798,1.05,100.00
1315,2,51,64,14600,146335,92338,146334,146335,148192,1857,1.00,100.00
1318,2,25,90,5840,147473,109319,147472,147473,148235,762,1.00,100.00
905,1,102,97,24,148350,148350,-1,148350,148385,35,1.00,100.00
82,3,80,36,5840,12830,12830,147690,147691,148455,135625,177.99,100.00
89,3,23,130,5840,14436,14436,147690,147691,148455,134019,175.88,100.00
1317,2,101,10,11680,147082,136637,147081,147082,148574,1492,1.00,100.00
908,1,131,140,24,148815,148815,-1,148815,148850,35,1.00,100.00
1319,2,51,23,5840,148177,123947,148176,148177,148940,763,1.00,100.00
705,3,80,127,5840,111003,111003,148439,148440,149202,38199,50.13,100.00
1320,2,143,130,5840,148440,52082,148439,148440,149202,762,1.00,100.00
906,3,33,93,5840,148530,148530,148563,148564,149326,796,1.04,100.00
909,1,56,142,24,149320,149320,-1,149320,149357,37,1.06,100.00
910,1,135,0,24,149378,149378,-1,149378,149413,35,1.00,100.00
911,1,134,48,24,149538,149538,-1,149538,149576,38,1.09,100.00
1321,2,51,81,5840,148924,137057,148923,148924,149686,762,1.00,100.00
904,3,23,113,11680,148329,148329,148439,148440,149932,1603,1.07,100.00
720,3,10,130,5840,114729,114729,149186,149187,149949,35220,46.22,100.00
1322,2,80,140,5840,149187,139690,149186,149187,149949,762,1.00,100.00
1323,2,51,98,5840,149671,140002,149670,149671,150433,762,1.00,100.00
915,1,41,127,24,150401,150401,-1,150401,150436,35,1.00,100.00
902,3,80,3,5840,148213,148213,149933,149934,150696,2483,3.26,100.00
770,3,43,130,5840,124883,124883,149933,149934,150696,25813,33.88,100.00
919,1,57,112,24,151101,151101,-1,151101,151136,35,1.00,100.00
921,1,127,108,24,151299,151299,-1,151299,151335,36,1.03,100.00
916,3,87,119,5840,150742,150742,150777,150778,151540,798,1.05,100.00
923,1,133,101,24,151648,151648,-1,151648,151684,36,1.03,100.00
925,1,44,40,24,152209,152209,-1,152209,152248,39,1.11,100.00
927,1,37,40,24,152408,152408,-1,152408,152450,42,1.20,100.00
38,3,102,40,1172384,5964,5964,5997,5998,152607,146643,1.00,100.00
930,1,143,133,24,152897,152897,-1,152897,152935,38,1.09,100.00
932,1,34,128,24,153026,153026,-1,153026,153061,35,1.00,100.00
933,1,63,74,24,153087,153087,-1,153087,153123,36,1.03,100.00
54,3,55,40,5840,8213,8213,152583,152584,153346,145133,190.46,100.00
935,1,8,110,24,153444,153444,-1,153444,153481,37,1.06,100.00
1325,2,101,133,14600,151682,151648,151681,151682,153542,1860,1.00,100.00
1327,2,74,63,5840,153121,153087,153120,153121,153883,762,1.00,100.00
937,1,103,79,24,153891,153891,-1,153891,153930,39,1.11,100.00
1326,2,102,77,11680,152584,18241,152583,152584,154076,1492,1.00,100.00
91,3,7,40,5840,14548,14548,153330,153331,154093,139545,183.13,100.00
939,1,90,18,24,154580,154580,-1,154580,154616,36,1.03,100.00
1328,2,79,103,5840,153925,153891,153924,153925,154687,762,1.00,100.00
255,3,118,40,5840,37031,37031,154077,154078,154840,117809,154.60,100.00
1054,2,60,69,1089160,18898,18864,18897,18898,155105,136207,1.00,100.00
940,1,68,59,24,155111,155111,-1,155111,155146,35,1.00,100.00
1329,2,18,90,5840,154614,154580,154613,154614,155376,762,1.00,100.00
934,3,70,77,11680,153287,153287,154060,154061,155553,2266,1.52,100.00
270,3,16,87,928560,37759,37759,39694,39695,155811,118052,1.02,100.00
269,3,60,114,5840,37752,37752,155064,155065,155827,118075,154.95,100.00
1330,2,41,69,5840,155073,19717,155072,155073,155835,762,1.00,100.00
943,1,72,108,24,155844,155844,-1,155844,155879,35,1.00,100.00
944,1,111,101,24,155850,155850,-1,155850,155886,36,1.03,100.00
946,1,130,132,24,156153,156153,-1,156153,156189,36,1.03,100.00
947,1,110,17,24,156180,156180,-1,156180,156226,46,1.31,100.00
948,1,58,14,24,156282,156282,-1,156282,156318,36,1.03,100.00
949,1,128,50,24,156345,156345,-1,156345,156380,35,1.00,100.00
950,1,112,108,24,156357,156357,-1,156357,156392,35,1.00,100.00
477,3,111,87,5840,74442,74442,155792,155793,156558,82116,107.76,100.00
1331,2,16,59,5840,155800,72279,155799,155800,156562,762,1.00,100.00
1332,2,60,62,5840,155812,63022,155811,155812,156574,762,1.00,100.00
951,1,87,37,24,156539,156539,-1,156539,156577,38,1.09,100.00
1333,2,94,69,5840,155820,94662,155819,155820,156582,762,1.00,100.00
953,1,55,127,24,156802,156802,-1,156802,156839,37,1.06,100.00
1335,2,132,130,5840,156187,156153,156186,156187,156949,762,1.00,100.00
954,1,135,121,24,157115,157115,-1,157115,157153,38,1.09,100.00
1337,2,41,87,5840,156552,87256,156551,156552,157314,762,1.00,100.00
1338,2,60,23,5840,156559,105159,156558,156559,157321,762,1.00,100.00
958,1,76,21,24,157452,157452,-1,157452,157491,39,1.11,100.00
1336,2,14,58,10224,156316,156282,156315,156316,157626,1310,1.00,100.00
1334,2,101,111,14600,155884,155850,155883,155884,157741,1857,1.00,100.00
963,1,20,94,24,157842,157842,-1,157842,157877,35,1.00,100.00
596,3,34,87,5840,95313,95313,157298,157299,158061,62748,82.35,100.00
1339,2,21,76,5840,157486,157452,157485,157486,158248,762,1.00,100.00
959,3,83,1,5840,157519,157519,157552,157553,158315,796,1.04,100.00
964,1,126,102,24,158516,158516,-1,158516,158554,38,1.09,100.00
965,1,96,100,24,158727,158727,-1,158727,158763,36,1.03,100.00
966,1,48,138,24,158747,158747,-1,158747,158782,35,1.00,100.00
1340,2,112,87,5840,158046,139785,158045,158046,158808,762,1.00,100.00
967,1,16,119,24,159042,159042,-1,159042,159077,35,1.00,100.00
969,1,53,43,24,159209,159209,-1,159209,159244,35,1.00,100.00
1341,2,100,96,5840,158761,158727,158760,158761,159523,762,1.00,100.00
900,3,115,87,5840,147935,147935,158792,158793,159555,11620,15.25,100.00
971,1,3,52,24,159525,159525,-1,159525,159569,44,1.26,100.00
973,1,64,79,24,159857,159857,-1,159857,159900,43,1.23,100.00
1342,2,79,64,5840,159895,159857,159894,159895,160657,762,1.00,100.00
977,1,113,80,24,160807,160807,-1,160807,160843,36,1.03,100.00
976,1,67,44,24,160807,160807,-1,160807,160847,40,1.14,100.00
968,3,143,31,16064,159160,159160,159193,159194,161234,2074,1.02,100.00
974,3,113,64,5840,160037,160037,160641,160642,161407,1370,1.80,100.00
981,1,9,57,24,161487,161487,-1,161487,161533,46,1.31,100.00
982,1,93,28,24,161570,161570,-1,161570,161608,38,1.09,100.00
983,1,69,45,24,161845,161845,-1,161845,161884,39,1.11,100.00
984,1,116,100,24,161855,161855,-1,161855,161890,35,1.00,100.00
980,3,125,50,5840,161167,161167,161206,161207,161969,802,1.05,100.00
986,1,35,46,24,162205,162205,-1,162205,162241,36,1.03,100.00
1344,2,57,9,5840,161529,161487,161528,161529,162291,762,1.00,100.00
988,1,132,54,24,162267,162267,-1,162267,162306,39,1.11,100.00
989,1,85,23,24,162599,162599,-1,162599,162635,36,1.03,100.00
990,1,38,108,24,162648,162648,-1,162648,162683,35,1.00,100.00
1345,2,46,35,5840,162239,162205,162238,162239,163001,762,1.00,100.00
993,1,142,23,24,163147,163147,-1,163147,163182,35,1.00,100.00
1346,2,54,132,7304,162301,162267,162300,162301,163246,945,1.00,100.00
994,1,116,100,24,163282,163282,-1,163282,163317,35,1.00,100.00
1347,2,23,85,5840,162633,162599,162632,162633,163395,762,1.00,100.00
996,1,130,115,24,163466,163466,-1,163466,163502,36,1.03,100.00
997,1,48,56,24,163531,163531,-1,163531,163568,37,1.06,100.00
987,3,113,63,14600,162225,162225,162258,162259,164116,1891,1.02,100.00
995,3,96,50,5840,163411,163411,163444,163445,164207,796,1.04,100.00
999,3,60,55,5840,163666,163666,163699,163700,164462,796,1.04,100.00
992,3,9,2,17520,162946,162946,162979,162980,165202,2256,1.02,100.00
1287,2,20,102,316824,130839,130800,130838,130839,170482,39643,1.00,100.00
1349,2,97,102,5840,170464,148350,170463,170464,171226,762,1.00,100.00
903,3,20,18,5840,148259,148259,170466,170467,171229,22970,30.14,100.00
1300,2,44,79,256960,139568,139534,139567,139568,171731,32163,1.00,100.00
942,3,84,79,5840,155830,155830,171707,171708,172470,16640,21.84,100.00
887,3,17,83,267184,145065,145065,145106,145107,178538,33473,1.00,100.00
1348,2,115,130,221920,163500,163466,163499,163500,191272,27772,1.00,100.00
1351,2,17,130,5840,191269,146332,191268,191269,192031,762,1.00,100.00
701,3,136,42,678904,110416,110416,110449,110450,195350,84934,1.00,100.00
1304,2,138,4,433624,142246,142212,142245,142246,196481,54235,1.00,100.00
886,3,36,4,5840,144446,144446,196465,196466,197228,52782,69.27,100.00
741,3,38,42,17520,118695,118695,195332,195333,197555,78860,35.49,100.00
1280,2,135,15,586920,126553,126519,126552,126553,199962,73409,1.00,100.00
855,3,53,15,5840,139823,139823,199946,199947,200709,60886,79.90,100.00
1352,2,135,87,5840,199947,121812,199946,199947,200709,762,1.00,100.00
178,3,102,29,385440,25006,25006,154061,154062,202274,177268,3.68,100.00
1196,2,64,41,1043904,75897,22205,75896,75897,206435,130538,1.00,100.00
326,3,12,41,5840,44841,44841,206412,206413,207175,162334,213.04,100.00
1353,2,64,93,5840,206413,77161,206412,206413,207175,762,1.00,100.00
1354,2,64,58,5840,207160,101753,207159,207160,207922,762,1.00,100.00
527,3,47,41,5840,83588,83588,207165,207166,207928,124340,163.18,100.00
1355,2,64,86,5840,207907,126491,207906,207907,208669,762,1.00,100.00
1356,2,88,41,5840,207913,87159,207912,207913,208675,762,1.00,100.00
781,3,64,126,5840,126745,126745,208653,208654,209416,82671,108.49,100.00
1357,2,64,39,5840,209401,130090,209400,209401,210163,762,1.00,100.00
1048,2,30,57,1568040,17712,17678,17711,17712,213771,196059,1.00,100.00
368,3,30,51,5840,51623,51623,213743,213744,214506,162883,213.76,100.00
283,3,130,57,5840,39485,39485,213743,213744,214506,175021,229.69,100.00
403,3,31,136,1239544,59763,59763,59796,59797,214783,155020,1.00,100.00
1359,2,30,11,5840,214491,106982,214490,214491,215253,762,1.00,100.00
1358,2,19,57,5840,214491,45922,214490,214491,215253,762,1.00,100.00
508,3,8,136,5840,79460,79460,214769,214770,215532,136072,178.57,100.00
412,3,30,57,5840,61717,61717,215237,215238,216000,154283,202.47,100.00
513,3,26,136,5840,80311,80311,215521,215522,216284,135973,178.44,100.00
792,3,31,70,14600,129086,129086,214767,214768,216625,87539,47.14,100.00
517,3,16,57,5840,81298,81298,215990,215991,216753,135455,177.76,100.00
1360,2,21,136,5840,216271,94883,216270,216271,217033,762,1.00,100.00
872,3,31,118,5840,142433,142433,216609,216610,217372,74939,98.35,100.00
148,3,2,8,1562200,22110,22110,22143,22144,217470,195360,1.00,100.00
1361,2,69,57,5840,216738,104718,216737,216738,217500,762,1.00,100.00
1362,2,97,136,5840,217018,103443,217017,217018,217780,762,1.00,100.00
390,3,81,40,505160,57214,57214,154824,154825,218002,160788,2.55,100.00
165,3,21,8,5840,23701,23701,217454,217455,218217,194516,255.27,100.00
1363,2,115,57,5840,217485,131586,217484,217485,218247,762,1.00,100.00
1364,2,20,136,5840,217769,122318,217768,217769,218531,762,1.00,100.00
58,3,16,40,5840,8689,8689,217993,217994,218756,210067,275.68,100.00
642,3,2,94,10224,101287,101287,217451,217452,218762,117475,89.74,100.00
121,3,78,16,1603080,18353,18353,18386,18387,218819,200466,1.00,100.00
294,3,63,8,5840,40757,40757,218201,218202,218964,178207,233.87,100.00
462,3,140,45,1186984,70886,70886,70919,70920,219347,148461,1.00,100.00
775,3,21,40,5840,125647,125647,218744,218745,219507,93860,123.18,100.00
1367,2,69,16,5840,218797,39363,218796,218797,219559,762,1.00,100.00
917,3,133,135,553344,150817,150817,150850,150851,220057,69240,1.00,100.00
716,3,140,118,5840,113424,113424,219326,219327,220089,106665,139.98,100.00
846,3,100,40,5840,137929,137929,219491,219492,220254,82325,108.04,100.00
912,3,25,10,565024,149564,149564,149597,149598,220258,70694,1.00,100.00
1368,2,104,45,7304,219327,95498,219326,219327,220272,945,1.00,100.00
1369,2,90,16,5840,219544,101578,219543,219544,220306,762,1.00,100.00
938,3,133,132,5840,154355,154355,220040,220041,220804,66449,87.20,100.00
1370,2,121,135,5840,220044,157115,220043,220044,220806,762,1.00,100.00
857,3,140,11,5840,140084,140084,220073,220074,220836,80752,105.97,100.00
913,3,119,10,5840,150042,150042,220242,220243,221005,70963,93.13,100.00
483,3,25,42,5840,75363,75363,220242,220243,221005,145642,191.13,100.00
750,3,132,45,5840,120936,120936,220256,220257,221019,100083,131.34,100.00
626,3,104,16,11680,98637,98637,220290,220291,221783,123146,82.54,100.00
1371,2,140,31,8760,220821,144309,220820,220821,221948,1127,1.00,100.00
832,3,132,16,5840,136171,136171,221767,221768,222530,86359,113.33,100.00
1372,2,140,131,5840,221933,148815,221932,221933,222695,762,1.00,100.00
1373,2,119,16,5840,222515,159042,222514,222515,223277,762,1.00,100.00
864,3,75,45,18984,140901,140901,221003,221004,223409,82508,34.32,100.00
1140,2,142,53,1432264,44594,44560,44593,44594,223678,179084,1.00,100.00
289,3,142,87,5840,40235,40235,223662,223663,224425,184190,241.72,100.00
271,3,56,53,5840,37778,37778,223664,223665,224427,186649,244.95,100.00
1374,2,142,45,5840,224412,81577,224411,224412,225174,762,1.00,100.00
520,3,120,53,5840,82579,82579,224413,224414,225176,142597,187.14,100.00
1375,2,43,53,5840,225161,159209,225160,225161,225923,762,1.00,100.00
653,3,142,55,5840,102935,102935,225161,225162,225924,122989,161.40,100.00
778,3,40,37,801544,126228,126228,126268,126269,226497,100269,1.00,100.00
1376,2,142,101,5840,225913,123596,225912,225913,226675,762,1.00,100.00
1377,2,38,37,5840,226481,127324,226480,226481,227243,762,1.00,100.00
956,3,40,128,5840,157380,157380,226480,226481,227243,69863,91.68,100.00
606,3,50,44,1049744,96071,96071,96104,96105,227363,131292,1.00,100.00
825,3,142,68,5840,134973,134973,226664,226665,227427,92454,121.33,100.00
1378,2,40,37,5840,227228,152408,227227,227228,227990,762,1.00,100.00
957,3,142,23,5840,157404,157404,227417,227418,228180,70776,92.88,100.00
907,3,50,111,7304,148675,148675,227341,227342,228287,79612,84.33,100.00
1380,2,50,128,5840,228272,156345,228271,228272,229034,762,1.00,100.00
1020,2,91,139,1810400,7269,7235,7268,7269,233620,226351,1.00,100.00
1381,2,91,130,5840,233605,99697,233604,233605,234367,762,1.00,100.00
76,3,35,139,5840,11912,11912,233604,233605,234367,222455,291.94,100.00
359,3,29,49,1467304,51007,51007,51040,51041,234504,183497,1.00,100.00
95,3,66,139,5840,15054,15054,234351,234352,235114,220060,288.79,100.00
1382,2,87,49,5840,234488,31634,234487,234488,235250,762,1.00,100.00
761,3,29,78,5840,123381,123381,234487,234488,235250,111869,146.81,100.00
1187,2,127,17,1315464,70954,5025,70953,70954,235443,164489,1.00,100.00
1383,2,69,139,5840,235101,16780,235100,235101,235863,762,1.00,100.00
1384,2,94,49,5840,235235,142346,235234,235235,235997,762,1.00,100.00
936,3,29,107,5840,153454,153454,235234,235235,235997,82543,108.32,100.00
566,3,15,17,5840,89574,89574,235414,235415,236177,146603,192.39,100.00
104,3,127,138,5840,16530,16530,235415,235416,236178,219648,288.25,100.00
816,3,91,123,17520,133152,133152,234351,234352,236574,103422,46.54,100.00
319,3,106,139,5840,44586,44586,235847,235848,236610,192024,252.00,100.00
1385,2,118,17,5840,236162,132473,236161,236162,236924,762,1.00,100.00
505,3,127,24,5840,79278,79278,236164,236165,236927,157649,206.89,100.00
1386,2,93,139,5840,236595,47572,236594,236595,237357,762,1.00,100.00
1387,2,127,39,5840,236915,80923,236914,236915,237677,762,1.00,100.00
1178,2,139,99,1368024,66749,66715,66748,66749,237801,171052,1.00,100.00
1388,2,43,139,5840,237342,82801,237341,237342,238105,763,1.00,100.00
1390,2,83,99,5840,237783,124651,237782,237783,238545,762,1.00,100.00
723,3,139,131,5840,115630,115630,237782,237783,238545,122915,161.31,100.00
1391,2,3,139,5840,238089,122682,238088,238089,238851,762,1.00,100.00
1389,2,127,79,11680,237666,83863,237665,237666,239158,1492,1.00,100.00
1232,2,39,5,1116904,100077,100043,100076,100077,239734,139657,1.00,100.00
1393,2,104,5,5840,239718,135410,239717,239718,240480,762,1.00,100.00
478,3,39,136,5840,74540,74540,239717,239718,240480,165940,217.77,100.00
755,3,39,76,5840,121800,121800,240464,240465,241227,119427,156.73,100.00
1394,2,39,46,5840,241212,148146,241211,241212,241974,762,1.00,100.00
1365,2,112,57,197104,218232,151101,218231,218232,242902,24670,1.00,100.00
1395,2,112,139,5840,242887,73014,242886,242887,243649,762,1.00,100.00
978,3,112,139,5840,160960,160960,243633,243634,244396,83436,109.50,100.00
301,3,129,47,1643960,41877,41877,41910,41911,247454,205577,1.00,100.00
1305,2,11,22,840960,142528,142494,142527,142528,247680,105152,1.00,100.00
320,3,79,47,5840,44595,44595,247431,247432,248194,203599,267.19,100.00
1396,2,129,87,5840,247432,113532,247431,247432,248194,762,1.00,100.00
380,3,3,47,5840,54225,54225,248178,248179,248941,194716,255.53,100.00
1397,2,129,99,5840,248179,132016,248178,248179,248941,762,1.00,100.00
300,3,52,61,1660024,41772,41772,41805,41806,249357,207585,1.00,100.00
405,3,141,47,5840,59907,59907,248925,248926,249688,189781,249.06,100.00
512,3,140,61,5840,80035,80035,249335,249336,250098,170063,223.18,100.00
1398,2,52,68,5840,249345,42643,249344,249345,250107,762,1.00,100.00
1399,2,97,47,5840,249673,122593,249672,249673,250435,762,1.00,100.00
1400,2,81,61,5840,250083,93142,250082,250083,250845,762,1.00,100.00
1401,2,52,75,5840,250102,45233,250101,250102,250864,762,1.00,100.00
867,3,132,61,5840,141965,141965,250829,250830,251592,109627,143.87,100.00
1402,2,52,90,5840,250860,83642,250859,250860,251622,762,1.00,100.00
595,3,52,118,5840,95113,95113,251618,251619,252381,157268,206.39,100.00
1205,2,28,48,1353424,83217,83182,83216,83217,252430,169213,1.00,100.00
1403,2,52,42,5840,252379,120057,252378,252379,253141,762,1.00,100.00
970,3,28,33,5840,159430,159430,252413,252414,253176,93746,123.03,100.00
1404,2,114,48,8760,252414,90121,252413,252414,253541,1127,1.00,100.00
1405,2,52,3,5840,253140,159525,253139,253140,253902,762,1.00,100.00
577,3,73,48,5840,92502,92502,253525,253526,254288,161786,212.32,100.00
1406,2,28,93,13144,253162,161570,253161,253162,254837,1675,1.00,100.00
588,3,55,48,5840,93791,93791,254272,254273,255035,161244,211.61,100.00
590,3,22,48,5840,94063,94063,255019,255020,255782,161719,212.23,100.00
1407,2,25,48,5840,255767,109946,255766,255767,256529,762,1.00,100.00
267,3,102,143,445304,37561,37561,202258,202259,257954,220393,3.96,100.00
107,3,102,10,5840,17046,17046,257938,257939,258701,241655,317.13,100.00
687,3,102,134,5840,108343,108343,258685,258686,259448,151105,198.30,100.00
695,3,102,0,5840,109542,109542,259432,259433,260195,150653,197.71,100.00
1408,2,102,126,5840,260180,158516,260179,260180,260942,762,1.00,100.00
365,3,0,52,1716960,51534,51534,51567,51568,266240,214706,1.00,100.00
372,3,32,52,5840,53240,53240,266209,266210,266972,213732,280.49,100.00
424,3,0,112,5840,63747,63747,266209,266210,266972,203225,266.70,100.00
1409,2,0,60,5840,266957,68072,266956,266957,267719,762,1.00,100.00
1286,2,105,72,1099384,130805,130771,130804,130805,268266,137461,1.00,100.00
1411,2,0,74,5840,267704,107548,267703,267704,268466,762,1.00,100.00
1412,2,57,72,5840,268251,136746,268250,268251,269013,762,1.00,100.00
1413,2,0,74,5840,268451,141939,268450,268451,269213,762,1.00,100.00
1414,2,0,135,5840,269198,149378,269197,269198,269960,762,1.00,100.00
914,3,46,72,8760,150170,150170,268997,268998,270125,119955,106.44,100.00
817,3,105,31,16064,133283,133283,268250,268251,270291,137008,67.19,100.00
823,3,105,24,5840,134672,134672,270275,270276,271038,136366,178.96,100.00
1379,2,101,44,353320,227342,133645,227341,227342,271539,44197,1.00,100.00
885,3,118,44,5840,144402,144402,271523,271524,272286,127884,167.83,100.00
1415,2,40,44,5840,272271,152209,272270,272271,273033,762,1.00,100.00
1123,2,65,6,1903840,37495,37461,37494,37495,275519,238024,1.00,100.00
212,3,117,54,1956400,31302,31302,31335,31336,275935,244633,1.00,100.00
311,3,65,43,5840,43651,43651,275502,275503,276265,232614,305.27,100.00
1416,2,54,6,5840,275507,56664,275506,275507,276269,762,1.00,100.00
415,3,117,135,5840,62199,62199,275914,275915,276677,214478,281.47,100.00
342,3,65,85,5840,47899,47899,276249,276250,277012,229113,300.67,100.00
299,3,63,54,16064,41655,41655,275914,275915,277955,236300,115.89,100.00
707,3,40,54,5840,111201,111201,277939,277940,278702,167501,219.82,100.00
1417,2,117,34,16064,276663,84867,276662,276663,278703,2040,1.00,100.00
1161,2,59,116,1800184,53648,53614,53647,53648,278713,225065,1.00,100.00
1419,2,17,54,5840,278687,116743,278686,278687,279449,762,1.00,100.00
1420,2,117,39,5840,278690,129019,278689,278690,279452,762,1.00,100.00
1421,2,59,16,5840,278695,63108,278694,278695,279457,762,1.00,100.00
534,3,9,116,5840,84520,84520,278694,278695,279457,194937,255.82,100.00
1350,2,44,67,864320,171713,160807,171712,171713,279785,108072,1.00,100.00
1056,2,48,28,2087800,18987,18953,18986,18987,280021,261034,1.00,100.00
1422,2,25,54,5840,279434,129828,279433,279434,280196,762,1.00,100.00
1423,2,59,108,5840,279442,76577,279441,279442,280204,762,1.00,100.00
552,3,29,116,5840,86809,86809,279441,279442,280204,193395,253.80,100.00
1425,2,138,28,5840,280004,81048,280003,280004,280766,762,1.00,100.00
1424,2,48,71,5840,280004,25613,280003,280004,280766,762,1.00,100.00
594,3,110,116,5840,94927,94927,280191,280192,280954,186027,244.13,100.00
1426,2,48,2,5840,280752,26144,280751,280752,281514,762,1.00,100.00
961,3,141,28,5840,157717,157717,280751,280752,281514,123797,162.46,100.00
1410,2,134,52,116800,266957,115655,266956,266957,281589,14632,1.00,100.00
614,3,56,116,5840,97045,97045,280942,280943,281705,184660,242.34,100.00
1427,2,48,13,5840,281501,39794,281500,281501,282263,762,1.00,100.00
367,3,134,28,5840,51608,51608,281573,281574,282336,230728,302.79,100.00
1428,2,64,52,5840,281574,143975,281573,281574,282336,762,1.00,100.00
700,3,59,83,18984,110287,110287,280188,280189,282594,172307,71.68,100.00
562,3,48,18,5840,88278,88278,282250,282251,283013,194735,255.56,100.00
740,3,59,122,5840,118415,118415,282578,282579,283341,164926,216.44,100.00
1429,2,25,116,13144,281690,117809,281689,281690,283365,1675,1.00,100.00
589,3,48,123,5840,93886,93886,283001,283002,283764,189878,249.18,100.00
924,3,143,116,5840,151970,151970,283349,283350,284112,132142,173.41,100.00
771,3,48,33,5840,125002,125002,283753,283754,284516,159514,209.34,100.00
928,3,87,116,5840,152787,152787,284096,284097,284859,132072,173.32,100.00
869,3,48,27,5840,142196,142196,284506,284507,285269,143073,187.76,100.00
1431,2,100,116,5840,284844,161855,284843,284844,285606,762,1.00,100.00
1432,2,48,134,5840,285261,149538,285260,285261,286023,762,1.00,100.00
1433,2,100,116,5840,285591,163282,285590,285591,286353,762,1.00,100.00
931,3,48,27,5840,152969,152969,286015,286016,286778,133809,175.60,100.00
1418,2,65,88,78840,276997,69996,276996,276997,286884,9887,1.00,100.00
1434,2,65,2,5840,286869,128055,286868,286869,287631,762,1.00,100.00
790,3,126,82,1273120,128916,128916,128949,128950,288127,159211,1.00,100.00
1435,2,65,16,5840,287616,131475,287615,287616,288378,762,1.00,100.00
455,3,116,117,1803104,69856,69856,69889,69890,295324,225468,1.00,100.00
1285,2,4,19,1319840,130743,130709,130742,130743,295759,165016,1.00,100.00
1436,2,30,117,5840,295306,105237,295305,295306,296068,762,1.00,100.00
1437,2,116,140,5840,295306,86949,295305,295306,296068,762,1.00,100.00
322,3,91,143,308064,44657,44657,257938,257939,296480,251823,6.53,100.00
1438,2,116,27,5840,296053,121881,296052,296053,296815,762,1.00,100.00
828,3,126,117,5840,135613,135613,296052,296053,296815,161202,211.55,100.00
1439,2,133,143,5840,296464,152897,296463,296464,297226,762,1.00,100.00
184,3,56,19,13144,26087,26087,295747,295748,297423,271336,162.09,100.00
941,3,116,64,5840,155536,155536,296799,296800,297562,142026,186.39,100.00
918,3,2,117,13144,151047,151047,296799,296800,298475,147428,88.07,100.00
393,3,62,142,1930120,57284,57284,57317,57318,298642,241358,1.00,100.00
1163,2,128,32,1947640,55513,55479,55512,55513,299009,243496,1.00,100.00
922,3,67,117,5840,151435,151435,298459,298460,299222,147787,193.95,100.00
395,3,62,109,5840,57990,57990,298619,298620,299382,241392,316.79,100.00
188,3,56,142,5840,26633,26633,298625,298626,299388,272755,357.95,100.00
1440,2,125,19,16064,297415,132434,297414,297415,299455,2040,1.00,100.00
962,3,100,117,5840,157778,157778,299206,299207,299969,142191,186.60,100.00
457,3,62,9,5840,69964,69964,299366,299367,300129,230165,302.05,100.00
1442,2,52,142,5840,299373,79257,299372,299373,300135,762,1.00,100.00
1443,2,62,66,5840,300114,102865,300113,300114,300876,762,1.00,100.00
1444,2,129,142,5840,300120,87199,300119,300120,300882,762,1.00,100.00
539,3,29,32,17520,85315,85315,298992,298993,301215,215900,97.16,100.00
1441,2,128,14,18984,298993,47196,298992,298993,301398,2405,1.00,100.00
809,3,62,33,5840,131736,131736,300860,300861,301623,169887,222.95,100.00
1445,2,82,142,5840,300867,107317,300866,300867,301629,762,1.00,100.00
1446,2,128,40,5840,301383,49116,301382,301383,302145,762,1.00,100.00
975,3,62,72,5840,160742,160742,301607,301608,302370,141628,185.86,100.00
1447,2,23,142,8760,301614,163147,301613,301614,302741,1127,1.00,100.00
1448,2,128,84,13144,302130,101098,302129,302130,303805,1675,1.00,100.00
444,3,72,20,1896544,67767,67767,67800,67801,304915,237148,1.00,100.00
952,3,117,20,5840,156745,156745,304894,304895,305657,148912,195.42,100.00
1191,2,13,106,1864424,72736,72702,72735,72736,305827,233091,1.00,100.00
406,3,99,125,1968080,60287,60287,60320,60321,306382,246095,1.00,100.00
1450,2,94,20,5840,305642,157842,305641,305642,306404,762,1.00,100.00
1451,2,13,2,5840,305811,92690,305810,305811,306573,762,1.00,100.00
835,3,79,106,5840,136537,136537,305810,305811,306573,170036,223.14,100.00
1452,2,99,54,5840,306359,61873,306358,306359,307121,762,1.00,100.00
972,3,87,20,5840,159542,159542,306388,306389,307151,147609,193.71,100.00
1343,2,80,113,1170920,160841,160807,160840,160841,307239,146398,1.00,100.00
682,3,99,39,5840,107344,107344,307105,307106,307868,200524,263.15,100.00
1267,2,1,120,1613304,116526,116492,116525,116526,318224,201698,1.00,100.00
675,3,1,60,5840,106493,106493,318205,318206,318968,212475,278.84,100.00
1454,2,29,120,5840,318206,99476,318205,318206,318968,762,1.00,100.00
1455,2,6,120,5840,318953,130428,318952,318953,319715,762,1.00,100.00
929,3,65,120,5840,152817,152817,319699,319700,320462,167645,220.01,100.00
998,3,103,120,5840,163564,163564,320446,320447,321209,157645,206.88,100.00
450,3,123,92,2016264,69109,69109,69142,69143,321222,252113,1.00,100.00
426,3,56,92,5840,64770,64770,321207,321208,321970,257200,337.53,100.00
1392,2,127,11,662840,239148,131521,239147,239148,322035,82887,1.00,100.00
532,3,115,92,5840,83896,83896,321954,321955,322717,238821,313.41,100.00
1456,2,127,55,5840,322026,156802,322025,322026,322788,762,1.00,100.00
749,3,137,26,1627904,120429,120429,120462,120463,323989,203560,1.00,100.00
1457,2,137,57,5840,323968,65123,323967,323968,324730,762,1.00,100.00
1458,2,137,46,5840,324715,136376,324714,324715,325477,762,1.00,100.00
615,3,124,110,1833760,97197,97197,97230,97231,326495,229298,1.00,100.00
868,3,124,43,5840,142175,142175,326475,326476,327238,185063,242.86,100.00
1459,2,17,110,5840,326476,156180,326475,326476,327238,762,1.00,100.00
433,3,31,82,362080,65846,65846,288111,288112,333405,267559,5.91,100.00
1460,2,28,82,5840,333389,120958,333388,333389,334151,762,1.00,100.00
1461,2,31,125,5840,333389,83834,333388,333389,334151,762,1.00,100.00
774,3,70,69,1489200,125624,125624,156566,156567,342753,217129,1.17,100.00
702,3,138,69,5840,110484,110484,342733,342734,343496,233012,305.79,100.00
1462,2,70,117,5840,342734,96989,342733,342734,343497,763,1.00,100.00
704,3,117,69,5840,110578,110578,343480,343481,344243,233665,306.65,100.00
1463,2,70,139,5840,343481,139448,343480,343481,344243,762,1.00,100.00
1233,2,37,21,1952024,101261,101227,101260,101261,345311,244050,1.00,100.00
1464,2,45,69,8760,344228,161845,344227,344228,345355,1127,1.00,100.00
1465,2,37,17,5840,345291,74951,345290,345291,346053,762,1.00,100.00
1466,2,119,21,5840,345291,117014,345290,345291,346053,762,1.00,100.00
862,3,31,21,5840,140691,140691,346037,346038,346800,206109,270.48,100.00
789,3,37,71,5840,128801,128801,346037,346038,346800,217999,286.09,100.00
456,3,14,6,569400,69954,69954,276253,276254,347462,277508,3.90,100.00
1467,2,37,87,5840,346785,156539,346784,346785,347547,762,1.00,100.00
475,3,41,6,5840,73972,73972,347445,347446,348208,274236,359.89,100.00
960,3,37,131,5840,157586,157586,347531,347532,348294,190708,250.27,100.00
829,3,69,48,886224,135873,135873,256516,256517,367336,231463,2.09,100.00
524,3,65,48,5840,83255,83255,367311,367312,368074,284819,373.78,100.00
1468,2,138,48,5840,368059,158747,368058,368059,368821,762,1.00,100.00
1469,2,56,48,13144,368814,163531,368813,368814,370489,1675,1.00,100.00
1430,2,59,68,728544,283326,155111,283325,283326,374426,91100,1.00,100.00
1310,2,61,121,1940344,144293,144257,144292,144293,386872,242579,1.00,100.00
683,3,13,121,5840,107446,107446,386852,386853,387615,280169,367.68,100.00
1470,2,29,121,5840,387600,116748,387599,387600,388362,762,1.00,100.00
920,3,140,121,5840,151101,151101,388346,388347,389109,238008,312.35,100.00
1313,2,131,56,1946184,145979,79401,145978,145979,389298,243319,1.00,100.00
802,3,43,47,1112520,130798,130798,250419,250420,389517,258719,1.86,100.00
1471,2,89,56,5840,389274,97559,389273,389274,390036,762,1.00,100.00
824,3,42,47,5840,134774,134774,389501,389502,390264,255490,335.29,100.00
1472,2,59,56,5840,390021,108718,390020,390021,390783,762,1.00,100.00
985,3,94,47,5840,162023,162023,390248,390249,391011,228988,300.51,100.00
767,3,102,56,5840,124562,124562,390767,390768,391530,266968,350.35,100.00
1324,2,108,127,2011880,151333,151299,151332,151333,402861,251528,1.00,100.00
734,3,108,110,5840,117707,117707,402838,402839,403601,285894,375.19,100.00
1474,2,139,127,5840,402839,92610,402838,402839,403601,762,1.00,100.00
1475,2,28,127,5840,403586,121143,403585,403586,404348,762,1.00,100.00
1476,2,108,72,7304,403586,155844,403585,403586,404531,945,1.00,100.00
945,3,108,78,5840,155994,155994,404515,404516,405278,249284,327.14,100.00
1477,2,108,112,5840,405263,156357,405262,405263,406025,762,1.00,100.00
1366,2,78,141,1572424,218796,59163,218795,218796,415383,196587,1.00,100.00
348,3,78,16,5840,49620,49620,415365,415366,416128,366508,480.98,100.00
979,3,78,11,5840,161009,161009,416112,416113,416875,255866,335.78,100.00
561,3,131,106,283240,88150,88150,389273,389274,424711,336561,9.50,100.00
837,3,131,102,5840,136734,136734,424695,424696,425458,288724,378.90,100.00
955,3,131,27,5840,157258,157258,425442,425443,426205,268947,352.95,100.00
1453,2,99,118,953384,307853,121282,307852,307853,427058,119205,1.00,100.00
1479,2,99,69,5840,427043,101736,427042,427043,427805,762,1.00,100.00
1473,2,142,56,451144,391515,149320,391514,391515,447940,56425,1.00,100.00
609,3,57,6,902280,96525,96525,348192,348193,461010,364485,3.23,100.00
1481,2,86,6,8760,460995,112265,460994,460995,462122,1127,1.00,100.00
714,3,109,6,5840,113122,113122,462106,462107,462869,349747,458.99,100.00
389,3,24,8,1982680,56971,56971,218948,218949,466816,409845,1.65,100.00
276,3,80,8,5840,38549,38549,466800,466801,467563,429014,563.01,100.00
1482,2,66,8,5840,467548,82950,467547,467548,468310,762,1.00,100.00
1483,2,110,8,5840,468295,153444,468294,468295,469057,762,1.00,100.00
926,3,105,79,1589944,152331,152331,271022,271023,469799,317468,1.60,100.00
492,3,105,92,5840,77580,77580,469782,469783,470545,392965,515.70,100.00
226,3,123,41,1327144,32309,32309,321200,321201,487127,454818,2.74,100.00
1484,2,127,41,5840,487111,150401,487110,487111,487873,762,1.00,100.00
490,3,123,56,5840,77029,77029,487110,487111,487873,410844,539.17,100.00
1485,2,123,76,5840,487858,95559,487857,487858,488620,762,1.00,100.00
692,3,123,131,5840,109174,109174,488604,488605,489367,380193,498.94,100.00
1486,2,123,22,109504,489352,113784,489351,489352,503072,13720,1.00,100.00
748,3,123,84,5840,120382,120382,503056,503057,503819,383437,503.20,100.00
1478,2,108,38,804464,406010,162648,406009,406010,506600,100590,1.00,100.00
991,3,108,140,5840,162939,162939,506584,506585,507347,344408,451.98,100.00
1449,2,128,34,1665864,303790,153026,303789,303790,512055,208265,1.00,100.00
572,3,128,121,5840,90887,90887,512039,512040,512802,421915,553.69,100.00
587,3,130,32,1700904,93550,93550,301199,301200,513845,420295,1.98,100.00
638,3,52,32,5840,100938,100938,513829,513830,514592,413654,542.85,100.00
1488,2,75,32,5840,514577,146392,514576,514577,515339,762,1.00,100.00
1487,2,123,20,281784,503804,124805,503803,503804,539059,35255,1.00,100.00
878,3,123,134,5840,143358,143358,539043,539044,539806,396448,520.27,100.00
