FlowID,Type,Src,Dst,FlowSize,FCT,Slowdown,Xput
395,1,11,29,1464,249,1.16,100.00
808,1,49,25,24,36,1.03,100.00
78,1,10,49,24,38,1.09,100.00
565,1,13,52,24,36,1.03,100.00
2000,1,25,49,1464,219,1.02,100.00
1230,1,14,24,24,36,1.03,100.00
987,1,18,41,1464,249,1.16,100.00
2002,1,52,13,1464,215,1.00,100.00
1142,1,44,25,24,36,1.03,100.00
786,1,1,27,24,36,1.03,100.00
930,1,35,48,24,36,1.03,100.00
116,1,23,59,24,36,1.03,100.00
2001,1,49,10,2920,397,1.00,100.00
2004,1,25,44,1464,215,1.00,100.00
1159,1,2,45,24,36,1.03,100.00
942,1,14,6,1464,249,1.16,100.00
2005,1,27,1,1464,215,1.00,100.00
2007,1,59,23,1464,215,1.00,100.00
728,1,23,41,24,36,1.03,100.00
1147,1,52,26,24,36,1.03,100.00
2006,1,48,35,2920,397,1.00,100.00
279,1,36,1,1464,463,2.16,100.00
946,1,6,47,1464,249,1.16,100.00
1498,1,35,36,24,36,1.03,100.00
969,1,42,49,24,37,1.06,100.00
2008,1,45,2,2920,397,1.00,100.00
2010,1,26,52,1464,215,1.00,100.00
387,1,52,61,24,36,1.03,100.00
2003,1,24,14,5840,763,1.00,100.00
1112,1,42,48,24,35,1.00,100.00
1153,1,24,42,24,304,8.69,100.00
226,1,3,29,24,36,1.03,100.00
1878,1,58,34,24,36,1.03,100.00
2013,1,61,52,1464,215,1.00,100.00
970,1,11,49,2920,654,1.65,100.00
2011,1,36,35,2920,398,1.00,100.00
189,1,56,63,11680,1526,1.02,100.00
2014,1,42,24,1464,215,1.00,100.00
735,1,56,59,24,343,9.80,100.00
2012,1,49,42,2920,401,1.01,100.00
929,1,17,63,24,36,1.03,100.00
973,1,35,61,2920,431,1.09,100.00
816,1,57,36,2920,431,1.09,100.00
899,1,57,55,24,79,2.26,100.00
2015,1,29,3,2920,397,1.00,100.00
515,1,50,26,24,36,1.03,100.00
2018,1,48,42,1464,215,1.00,100.00
2016,1,34,58,2920,397,1.00,100.00
351,1,47,55,1464,253,1.18,100.00
782,1,34,5,24,158,4.51,100.00
2020,1,55,57,1464,215,1.00,100.00
461,1,38,40,24,36,1.03,100.00
1150,1,42,9,24,36,1.03,100.00
2022,1,5,34,1464,215,1.00,100.00
926,1,6,63,2920,431,1.09,100.00
607,1,3,56,24,38,1.09,100.00
2021,1,26,50,2920,397,1.00,100.00
2024,1,9,42,1464,216,1.01,100.00
766,1,3,50,24,38,1.09,100.00
1431,1,42,1,1464,249,1.16,100.00
1758,1,58,5,24,36,1.03,100.00
1608,1,37,39,1464,249,1.16,100.00
1540,1,14,10,4384,615,1.06,100.00
1721,1,52,7,24,36,1.03,100.00
23,1,5,33,2920,497,1.25,100.00
1031,1,11,6,2920,431,1.09,100.00
2025,1,56,3,2920,397,1.00,100.00
2009,1,41,23,13144,1675,1.00,100.00
446,1,0,50,2920,816,2.06,100.00
282,1,46,47,24,36,1.03,100.00
759,1,41,56,24,1279,36.54,100.00
1834,1,20,58,24,39,1.11,100.00
2027,1,7,52,1464,215,1.00,100.00
2026,1,5,58,1464,336,1.57,100.00
1029,1,19,1,24,36,1.03,100.00
99,1,10,12,2920,431,1.09,100.00
225,1,33,56,24,46,1.31,100.00
2031,1,58,20,1464,215,1.00,100.00
197,1,0,7,1464,249,1.16,100.00
54,1,55,40,1464,249,1.16,100.00
790,1,44,35,24,36,1.03,100.00
2028,1,50,3,2920,397,1.00,100.00
2029,1,56,41,2920,397,1.00,100.00
2030,1,47,46,2920,397,1.00,100.00
488,1,13,5,24,36,1.03,100.00
1829,1,30,12,24,36,1.03,100.00
523,1,33,62,1464,286,1.34,100.00
2032,1,1,19,2920,397,1.00,100.00
430,1,50,0,24,36,1.03,100.00
2035,1,5,13,1464,215,1.00,100.00
734,1,16,40,2920,488,1.23,100.00
2034,1,35,44,2920,397,1.00,100.00
2033,1,56,33,2920,591,1.49,100.00
2037,1,0,50,1464,215,1.00,100.00
549,1,12,8,2920,431,1.09,100.00
493,1,31,13,1464,354,1.65,100.00
165,1,10,23,5840,1667,2.19,100.00
309,1,19,20,24,36,1.03,100.00
658,1,3,50,1464,383,1.79,100.00
2036,1,12,30,1464,597,2.79,100.00
348,1,26,33,24,36,1.03,100.00
2039,1,33,26,1464,215,1.00,100.00
706,1,56,49,24,35,1.00,100.00
198,1,48,44,2920,431,1.09,100.00
450,1,33,49,24,211,6.03,100.00
357,1,36,23,2920,1049,2.64,100.00
2038,1,20,19,2920,397,1.00,100.00
1396,1,22,31,1464,249,1.16,100.00
117,1,51,55,2920,431,1.09,100.00
1775,1,51,52,24,168,4.80,100.00
118,1,4,44,1464,583,2.72,100.00
1324,1,35,11,1464,250,1.17,100.00
1236,1,8,25,1464,249,1.16,100.00
1259,1,16,36,24,35,1.00,100.00
883,1,9,3,1464,249,1.16,100.00
2041,1,52,51,1464,215,1.00,100.00
392,1,10,13,24,36,1.03,100.00
366,1,47,26,24,39,1.11,100.00
2042,1,13,10,1464,215,1.00,100.00
884,1,52,42,24,36,1.03,100.00
1729,1,36,33,24,38,1.09,100.00
1751,1,1,26,4384,618,1.07,100.00
1654,1,22,30,24,36,1.03,100.00
1034,1,15,5,1464,249,1.16,100.00
2044,1,42,52,1464,215,1.00,100.00
2045,1,33,36,1464,215,1.00,100.00
2043,1,26,47,2920,397,1.00,100.00
822,1,23,2,1464,249,1.16,100.00
1638,1,9,8,2920,431,1.09,100.00
854,1,7,40,1464,249,1.16,100.00
917,1,33,58,24,35,1.00,100.00
1465,1,3,54,2920,431,1.09,100.00
1517,1,22,14,1464,249,1.16,100.00
1229,1,19,30,24,36,1.03,100.00
363,1,4,3,2920,431,1.09,100.00
1516,1,28,27,24,39,1.11,100.00
813,1,18,62,24,36,1.03,100.00
2046,1,30,22,4384,581,1.00,100.00
598,1,19,25,24,35,1.00,100.00
1762,1,9,10,1464,249,1.16,100.00
1308,1,5,26,4384,614,1.06,100.00
2048,1,27,28,1464,215,1.00,100.00
974,1,4,30,24,36,1.03,100.00
2047,1,30,19,1464,302,1.41,100.00
2049,1,62,18,2920,397,1.00,100.00
452,1,28,16,24,38,1.09,100.00
291,1,10,28,1464,440,2.06,100.00
604,1,27,49,24,35,1.00,100.00
2051,1,25,19,1464,215,1.00,100.00
1719,1,55,47,24,36,1.03,100.00
133,1,15,27,24,43,1.23,100.00
2052,1,16,28,1464,215,1.00,100.00
241,1,5,0,1464,249,1.16,100.00
1549,1,38,10,2920,431,1.09,100.00
2053,1,47,55,1464,215,1.00,100.00
2050,1,30,4,4384,618,1.07,100.00
1865,1,16,54,1464,255,1.19,100.00
591,1,5,1,1464,465,2.17,100.00
1241,1,20,31,1464,249,1.16,100.00
551,1,5,60,24,79,2.26,100.00
2054,1,27,15,2920,397,1.00,100.00
666,1,44,55,1464,451,2.11,100.00
325,1,27,10,24,76,2.17,100.00
1785,1,53,0,1464,249,1.16,100.00
580,1,9,38,24,39,1.11,100.00
1224,1,42,8,24,36,1.03,100.00
152,1,45,34,2920,431,1.09,100.00
730,1,14,10,24,36,1.03,100.00
2056,1,38,9,1464,215,1.00,100.00
563,1,22,39,2920,431,1.09,100.00
1645,1,24,11,24,36,1.03,100.00
258,1,33,6,24,35,1.00,100.00
2057,1,8,42,1464,215,1.00,100.00
2058,1,10,14,1464,215,1.00,100.00
2040,1,49,33,23360,2956,1.00,100.00
91,1,26,29,1464,249,1.16,100.00
1125,1,5,41,2920,431,1.09,100.00
550,1,36,15,1464,250,1.17,100.00
1445,1,58,54,24,36,1.03,100.00
1794,1,15,35,1464,249,1.16,100.00
2060,1,6,33,2920,397,1.00,100.00
968,1,30,1,2920,431,1.09,100.00
696,1,36,26,1464,442,2.07,100.00
760,1,12,33,24,38,1.09,100.00
2061,1,54,58,1464,216,1.01,100.00
323,1,25,42,1464,249,1.16,100.00
533,1,5,31,2920,432,1.09,100.00
326,1,0,10,1464,249,1.16,100.00
1835,1,12,7,24,35,1.00,100.00
586,1,32,14,2920,431,1.09,100.00
427,1,43,24,24,36,1.03,100.00
2063,1,33,12,1464,215,1.00,100.00
514,1,56,59,1464,261,1.22,100.00
466,1,14,24,24,36,1.03,100.00
727,1,31,15,24,36,1.03,100.00
2064,1,24,43,1464,215,1.00,100.00
2065,1,7,12,1464,215,1.00,100.00
81,1,5,28,1464,251,1.17,100.00
2062,1,58,33,4384,584,1.01,100.00
2066,1,24,14,1464,271,1.27,100.00
1444,1,3,2,2920,431,1.09,100.00
558,1,55,10,24,36,1.03,100.00
2067,1,15,31,2920,397,1.00,100.00
1375,1,24,20,24,35,1.00,100.00
1642,1,29,4,2920,431,1.09,100.00
473,1,8,13,1464,249,1.16,100.00
399,1,26,0,24,38,1.09,100.00
522,1,47,33,2920,542,1.37,100.00
1266,1,21,8,2920,432,1.09,100.00
1026,1,36,14,1464,249,1.16,100.00
983,1,47,49,24,257,7.34,100.00
1402,1,27,44,1464,257,1.20,100.00
1126,1,3,1,1464,249,1.16,100.00
2068,1,10,55,2920,397,1.00,100.00
655,1,7,48,24,38,1.09,100.00
277,1,46,12,24,36,1.03,100.00
1697,1,15,36,2920,777,1.96,100.00
1134,1,36,21,1464,249,1.16,100.00
1311,1,9,13,2920,450,1.13,100.00
2069,1,0,26,2920,397,1.00,100.00
1338,1,29,1,1464,674,3.15,100.00
2072,1,12,46,1464,215,1.00,100.00
1792,1,47,36,1464,581,2.71,100.00
1239,1,30,6,24,35,1.00,100.00
1922,1,45,32,24,36,1.03,100.00
2071,1,48,7,2920,397,1.00,100.00
492,1,24,42,1464,249,1.16,100.00
2070,1,49,47,5840,763,1.00,100.00
870,1,18,27,24,48,1.37,100.00
2073,1,32,45,1464,215,1.00,100.00
1822,1,31,34,24,38,1.09,100.00
153,1,37,1,1464,249,1.16,100.00
321,1,24,41,1464,249,1.16,100.00
1319,1,17,43,24,35,1.00,100.00
162,1,38,29,8760,1167,1.04,100.00
2017,1,59,56,62784,7894,1.00,100.00
2074,1,27,18,2920,397,1.00,100.00
2075,1,34,31,2920,397,1.00,100.00
527,1,43,62,1464,249,1.16,100.00
247,1,9,5,24,41,1.17,100.00
1351,1,17,34,24,41,1.17,100.00
1974,1,9,58,24,35,1.00,100.00
1204,1,56,19,4384,1139,1.97,100.00
243,1,38,35,2920,1327,3.34,100.00
1616,1,12,42,1464,249,1.16,100.00
689,1,59,19,1464,8043,37.58,100.00
2077,1,5,9,2920,397,1.00,100.00
536,1,56,14,1464,1208,5.64,100.00
388,1,24,49,24,35,1.00,100.00
2023,1,40,38,67160,8434,1.00,100.00
2076,1,49,56,7304,948,1.00,100.00
2078,1,58,9,2920,397,1.00,100.00
109,1,40,38,24,4146,118.46,100.00
2019,1,63,17,70080,8794,1.00,100.00
1088,1,46,57,24,36,1.03,100.00
659,1,63,10,24,5020,143.43,100.00
227,1,19,39,2920,431,1.09,100.00
1689,1,17,24,24,35,1.00,100.00
1194,1,61,59,24,36,1.03,100.00
441,1,63,15,24,4641,132.60,100.00
1104,1,42,27,24,52,1.49,100.00
1765,1,31,56,1464,7110,33.22,100.00
2079,1,38,40,1464,215,1.00,100.00
12,1,26,17,1464,748,3.50,100.00
2082,1,59,61,1464,215,1.00,100.00
2081,1,10,63,1464,239,1.12,100.00
364,1,56,26,24,36,1.03,100.00
146,1,49,23,1464,249,1.16,100.00
2083,1,27,42,1464,215,1.00,100.00
170,1,59,41,24,36,1.03,100.00
332,1,63,11,1464,4758,22.23,100.00
126,1,15,17,1464,1823,8.52,100.00
1470,1,50,38,24,43,1.23,100.00
951,1,17,44,1464,249,1.16,100.00
234,1,13,38,4384,4946,8.54,100.00
2087,1,43,17,1464,215,1.00,100.00
1944,1,23,49,1464,249,1.16,100.00
2088,1,38,50,1464,215,1.00,100.00
1874,1,31,50,24,36,1.03,100.00
2085,1,26,56,2920,397,1.00,100.00
1,1,32,8,1464,249,1.16,100.00
805,1,46,0,24,42,1.20,100.00
1190,1,53,34,27744,3542,1.01,100.00
1285,1,63,12,2920,765,1.93,100.00
1859,1,53,17,24,2353,67.23,100.00
1024,1,63,6,24,182,5.20,100.00
2084,1,15,63,2920,580,1.46,100.00
2089,1,34,17,1464,219,1.02,100.00
2090,1,50,31,1464,215,1.00,100.00
2091,1,17,53,1464,217,1.01,100.00
1195,1,23,0,24,45,1.29,100.00
1222,1,53,21,1464,3587,16.76,100.00
2092,1,6,63,1464,215,1.00,100.00
1814,1,25,8,2920,497,1.25,100.00
1803,1,59,38,4384,614,1.06,100.00
2094,1,0,23,1464,215,1.00,100.00
67,1,53,56,1464,1937,9.05,100.00
456,1,3,18,24,36,1.03,100.00
756,1,27,40,2920,448,1.13,100.00
1156,1,4,38,1464,644,3.01,100.00
2095,1,18,3,1464,215,1.00,100.00
2093,1,24,17,4384,580,1.00,100.00
1667,1,1,40,24,36,1.03,100.00
1053,1,42,39,1464,249,1.16,100.00
1767,1,63,19,24,36,1.03,100.00
2096,1,40,1,1464,216,1.01,100.00
934,1,43,41,1464,249,1.16,100.00
1661,1,15,35,24,36,1.03,100.00
1039,1,27,22,24,35,1.00,100.00
2097,1,19,63,1464,226,1.06,100.00
678,1,2,16,65704,8284,1.00,100.00
857,1,19,14,24,104,2.97,100.00
1983,1,1,3,2920,431,1.09,100.00
1120,1,2,11,24,7371,210.60,100.00
880,1,54,40,24,35,1.00,100.00
521,1,12,26,1464,249,1.16,100.00
743,1,1,22,24,402,11.49,100.00
1526,1,2,8,24,5050,144.29,100.00
1812,1,5,46,24,35,1.00,100.00
1303,1,2,17,24,4608,131.66,100.00
596,1,43,23,24,36,1.03,100.00
2098,1,35,15,1464,215,1.00,100.00
1725,1,2,48,24,3782,108.06,100.00
1712,1,2,51,24,1343,38.37,100.00
1352,1,6,1,24,38,1.09,100.00
1075,1,38,15,24,36,1.03,100.00
1044,1,30,13,24,35,1.00,100.00
2101,1,22,1,1464,219,1.02,100.00
1652,1,16,23,24,35,1.00,100.00
1452,1,56,53,24,38,1.09,100.00
119,1,10,8,1464,249,1.16,100.00
188,1,9,10,1464,249,1.16,100.00
10,1,37,32,24,36,1.03,100.00
222,1,45,18,24,36,1.03,100.00
943,1,2,26,1464,4748,22.19,100.00
762,1,20,7,2920,431,1.09,100.00
1387,1,36,60,24,36,1.03,100.00
2106,1,32,37,1464,215,1.00,100.00
2107,1,18,45,1464,215,1.00,100.00
168,1,12,25,24,36,1.03,100.00
375,1,2,3,1464,3228,15.08,100.00
402,1,20,13,1464,585,2.73,100.00
2102,1,23,43,4384,580,1.00,100.00
1625,1,10,13,24,36,1.03,100.00
1231,1,34,61,4384,614,1.06,100.00
1165,1,16,8,1464,249,1.16,100.00
2109,1,25,12,1464,215,1.00,100.00
664,1,25,56,24,154,4.40,100.00
745,1,32,39,1464,249,1.16,100.00
1811,1,2,57,1464,249,1.16,100.00
620,1,50,26,1464,249,1.16,100.00
25,1,13,29,8760,1161,1.03,100.00
1980,1,63,8,24,36,1.03,100.00
2104,1,15,38,8760,1127,1.00,100.00
171,1,5,18,2920,438,1.10,100.00
648,1,43,45,2920,431,1.09,100.00
1488,1,42,29,1464,1003,4.69,100.00
2110,1,13,10,1464,725,3.39,100.00
733,1,5,26,24,322,9.20,100.00
1294,1,13,48,24,547,15.63,100.00
771,1,40,61,1464,249,1.16,100.00
851,1,50,58,2920,589,1.48,100.00
679,1,2,41,24,35,1.00,100.00
958,1,37,42,2920,432,1.09,100.00
1573,1,63,54,24,39,1.11,100.00
1772,1,42,36,24,36,1.03,100.00
2112,1,8,63,1464,398,1.86,100.00
2113,1,48,13,1464,215,1.00,100.00
2115,1,36,42,1464,215,1.00,100.00
621,1,20,7,24,36,1.03,100.00
114,1,61,44,2920,431,1.09,100.00
262,1,12,51,1464,249,1.16,100.00
1180,1,7,39,1464,249,1.16,100.00
335,1,19,29,24,35,1.00,100.00
2055,1,60,5,65704,8253,1.00,100.00
1288,1,60,50,24,2054,58.69,100.00
753,1,4,52,2920,431,1.09,100.00
2116,1,7,20,1464,340,1.59,100.00
597,1,35,16,24,40,1.14,100.00
1280,1,38,28,7304,979,1.04,100.00
918,1,51,48,24,50,1.43,100.00
2118,1,50,60,1464,215,1.00,100.00
2108,1,60,36,1464,2054,9.60,100.00
761,1,60,13,24,1302,37.20,100.00
1409,1,15,47,24,36,1.03,100.00
1660,1,27,15,24,35,1.00,100.00
448,1,51,10,24,35,1.00,100.00
1999,1,12,41,24,40,1.14,100.00
2119,1,16,35,2920,397,1.00,100.00
2114,1,54,63,4384,1173,2.03,100.00
1538,1,42,11,1464,249,1.16,100.00
1090,1,55,51,24,39,1.11,100.00
680,1,42,32,24,251,7.17,100.00
2117,1,26,5,4384,580,1.00,100.00
2120,1,48,51,2920,401,1.01,100.00
2121,1,13,60,1464,398,1.86,100.00
2122,1,47,15,2920,397,1.00,100.00
2125,1,32,42,1464,215,1.00,100.00
334,1,25,52,1464,779,3.64,100.00
881,1,16,5,1464,2271,10.61,100.00
248,1,44,63,2920,824,2.08,100.00
1662,1,35,13,24,36,1.03,100.00
657,1,12,18,24,35,1.00,100.00
838,1,41,0,65704,8291,1.01,100.00
732,1,59,60,1464,249,1.16,100.00
2124,1,51,55,4384,580,1.00,100.00
1425,1,41,6,24,5130,146.57,100.00
1401,1,0,14,4384,625,1.08,100.00
2128,1,13,35,1464,276,1.29,100.00
56,1,63,0,1464,1231,5.75,100.00
121,1,22,42,24,36,1.03,100.00
2127,1,46,5,4384,580,1.00,100.00
495,1,32,12,24,36,1.03,100.00
1025,1,4,29,1464,249,1.16,100.00
1761,1,0,8,24,35,1.00,100.00
2129,1,6,41,2920,397,1.00,100.00
2130,1,42,22,2920,397,1.00,100.00
1169,1,22,0,2920,8523,21.47,100.00
176,1,15,52,24,40,1.14,100.00
700,1,25,63,1464,763,3.57,100.00
2131,1,12,32,4384,580,1.00,100.00
1261,1,49,59,24,43,1.23,100.00
537,1,2,8,24,35,1.00,100.00
43,1,19,40,2920,431,1.09,100.00
557,1,57,30,86144,10835,1.00,100.00
2134,1,59,49,1464,215,1.00,100.00
1539,1,47,63,24,36,1.03,100.00
1966,1,18,10,1464,249,1.16,100.00
2132,1,8,0,4384,580,1.00,100.00
2080,1,57,46,1464,6433,30.06,100.00
474,1,57,13,24,6332,180.91,100.00
90,1,12,55,2920,996,2.51,100.00
1531,1,29,15,24,36,1.03,100.00
1037,1,57,19,24,1687,48.20,100.00
1536,1,40,0,1464,730,3.41,100.00
643,1,63,20,2920,431,1.09,100.00
2137,1,0,46,1464,215,1.00,100.00
2139,1,15,29,1464,216,1.01,100.00
632,1,17,40,2920,432,1.09,100.00
909,1,12,5,1464,487,2.28,100.00
129,1,57,14,1464,6595,30.82,100.00
568,1,16,39,24,35,1.00,100.00
869,1,0,52,24,36,1.03,100.00
1558,1,23,53,24,36,1.03,100.00
174,1,30,51,24,38,1.09,100.00
2135,1,13,30,4384,580,1.00,100.00
1407,1,44,50,1464,249,1.16,100.00
772,1,6,28,1464,253,1.18,100.00
2138,1,13,57,1464,543,2.54,100.00
2142,1,51,30,1464,215,1.00,100.00
300,1,55,37,2920,431,1.09,100.00
2136,1,63,47,2920,683,1.72,100.00
875,1,3,22,2920,431,1.09,100.00
2144,1,6,30,1464,215,1.00,100.00
1254,1,32,18,1464,249,1.16,100.00
787,1,32,52,24,56,1.60,100.00
2143,1,19,57,2920,397,1.00,100.00
505,1,18,3,24,38,1.09,100.00
1921,1,4,6,24,45,1.29,100.00
1250,1,59,34,7304,983,1.04,100.00
2146,1,6,4,1464,215,1.00,100.00
2147,1,3,18,1464,215,1.00,100.00
517,1,63,19,24,36,1.03,100.00
429,1,3,47,24,77,2.20,100.00
2111,1,56,25,36504,5110,1.11,100.00
159,1,12,47,1464,253,1.18,100.00
11,1,56,19,24,511,14.60,100.00
2148,1,19,63,1464,215,1.00,100.00
995,1,11,27,125560,15990,1.02,100.00
1027,1,11,5,24,12837,366.77,100.00
1361,1,11,8,24,12217,349.06,100.00
1221,1,32,0,24,35,1.00,100.00
2149,1,47,3,2920,397,1.00,100.00
52,1,55,27,1464,8334,38.94,100.00
1005,1,24,7,2920,431,1.09,100.00
496,1,56,31,2920,1822,4.59,100.00
2150,1,5,11,2920,397,1.00,100.00
2059,1,11,24,2920,12039,30.32,100.00
145,1,11,43,24,9491,271.17,100.00
17,1,11,25,24,8179,233.69,100.00
1062,1,33,34,24,36,1.03,100.00
2126,1,10,51,30664,3869,1.00,100.00
1388,1,17,40,24,36,1.03,100.00
1246,1,37,59,24,41,1.17,100.00
1637,1,62,14,24,36,1.03,100.00
2152,1,8,11,2920,397,1.00,100.00
374,1,40,24,2920,7011,17.66,100.00
2153,1,34,33,1464,215,1.00,100.00
895,1,30,50,4384,614,1.06,100.00
1040,1,9,22,24,36,1.03,100.00
2100,1,11,2,2920,6957,17.52,100.00
2151,1,10,27,1464,753,3.52,100.00
327,1,11,29,24,3494,99.83,100.00
1443,1,57,42,24,36,1.03,100.00
2158,1,49,24,1464,215,1.00,100.00
193,1,31,35,24,36,1.03,100.00
2155,1,59,37,2920,397,1.00,100.00
2157,1,25,11,2920,399,1.01,100.00
2162,1,42,57,1464,215,1.00,100.00
2163,1,35,31,1464,215,1.00,100.00
1038,1,7,24,1464,9525,44.51,100.00
93,1,10,50,1464,249,1.16,100.00
2159,1,22,9,2920,397,1.00,100.00
2160,1,8,2,2920,397,1.00,100.00
902,1,62,45,2920,431,1.09,100.00
2164,1,43,11,1464,215,1.00,100.00
1366,1,57,28,24,36,1.03,100.00
819,1,3,22,1464,249,1.16,100.00
1050,1,31,8,24,40,1.14,100.00
2161,1,49,27,4384,716,1.24,100.00
2165,1,20,24,2920,397,1.00,100.00
21,1,11,52,2920,5040,12.70,100.00
311,1,35,61,24,38,1.09,100.00
1349,1,16,47,24,35,1.00,100.00
108,1,55,29,24,36,1.03,100.00
606,1,54,27,1464,10137,47.37,100.00
640,1,33,22,24,36,1.03,100.00
2172,1,22,27,1464,215,1.00,100.00
2154,1,40,17,10224,1434,1.10,100.00
1862,1,42,39,2920,431,1.09,100.00
1243,1,30,57,24,36,1.03,100.00
1541,1,34,24,4384,9349,16.15,100.00
2173,1,22,33,2920,533,1.34,100.00
2174,1,57,30,2920,397,1.00,100.00
572,1,16,59,24,37,1.06,100.00
372,1,22,53,24,39,1.11,100.00
906,1,12,13,24,35,1.00,100.00
1690,1,48,43,1464,264,1.23,100.00
45,1,43,60,24,38,1.09,100.00
340,1,3,53,4384,618,1.07,100.00
1478,1,62,60,1464,253,1.18,100.00
1795,1,3,20,24,266,7.60,100.00
1460,1,11,4,4384,806,1.39,100.00
654,0,18,41,21904,8533,1.97,100.00
1271,1,25,45,24,36,1.03,100.00
2176,1,60,43,2920,397,1.00,100.00
46,1,56,28,24,38,1.09,100.00
96,1,4,39,24,36,1.03,100.00
1061,1,57,9,2920,431,1.09,100.00
1879,1,50,41,24,36,1.03,100.00
2179,1,39,4,2920,397,1.00,100.00
566,0,49,25,21904,10658,2.46,61.21
147,1,62,5,2920,431,1.09,100.00
2178,1,45,25,2920,723,1.82,100.00
976,1,35,11,24,35,1.00,100.00
365,1,62,49,24,378,10.80,100.00
660,1,0,10,4384,614,1.06,100.00
417,1,57,42,1464,249,1.16,100.00
1098,1,12,39,2920,431,1.09,100.00
1565,1,31,18,7304,980,1.04,100.00
2177,1,20,3,13144,1675,1.00,100.00
1328,1,6,25,1464,403,1.88,100.00
1047,1,43,59,24,40,1.14,100.00
1773,1,42,60,4384,614,1.06,100.00
2181,1,59,43,1464,215,1.00,100.00
662,1,9,20,24,36,1.03,100.00
1535,1,7,20,24,36,1.03,100.00
1397,1,12,47,24,35,1.00,100.00
1485,1,59,28,24,243,6.94,100.00
1701,1,31,33,1464,250,1.17,100.00
1927,1,26,3,2920,431,1.09,100.00
1740,1,26,36,24,58,1.66,100.00
927,1,19,10,24,35,1.00,100.00
691,1,27,63,24,38,1.09,100.00
2182,1,20,9,2920,397,1.00,100.00
780,1,14,16,90520,17579,1.55,100.00
2185,1,39,16,1464,215,1.00,100.00
1797,1,62,9,1464,543,2.54,100.00
120,1,25,51,1464,250,1.17,100.00
464,1,49,23,24,35,1.00,100.00
2183,1,20,7,2920,792,1.99,100.00
290,1,15,9,24,35,1.00,100.00
2186,1,59,16,1464,215,1.00,100.00
30,1,59,16,24,35,1.00,100.00
359,1,39,48,24,55,1.57,100.00
49,1,18,21,24,36,1.03,100.00
2189,1,21,18,1464,215,1.00,100.00
2184,1,36,26,4384,996,1.72,100.00
2086,1,41,59,70080,13732,1.56,100.00
1734,1,40,36,24,36,1.03,100.00
2188,1,48,39,2920,397,1.00,100.00
856,1,30,34,4384,614,1.06,100.00
1605,1,21,24,1464,305,1.43,100.00
2123,1,41,12,1464,9760,45.61,100.00
2187,1,36,16,1464,639,2.99,100.00
2099,1,14,19,8760,12449,11.05,100.00
202,1,43,31,24,41,1.17,100.00
1304,1,14,16,24,12393,354.09,100.00
2190,1,16,59,2920,397,1.00,100.00
88,1,39,8,24,44,1.26,100.00
2192,1,18,12,1464,215,1.00,100.00
2193,1,47,16,1464,218,1.02,100.00
1961,1,46,19,24,36,1.03,100.00
2195,1,31,43,1464,215,1.00,100.00
1809,1,17,37,24,36,1.03,100.00
645,1,9,14,24,39,1.11,100.00
2200,1,37,17,1464,215,1.00,100.00
2166,1,41,2,4384,5608,9.69,100.00
2191,1,36,40,4384,746,1.29,100.00
2199,1,19,46,2920,397,1.00,100.00
1218,1,25,42,1464,249,1.16,100.00
70,1,34,24,24,36,1.03,100.00
2202,1,17,2,1464,215,1.00,100.00
2180,1,41,50,1464,3380,15.79,100.00
1996,1,47,51,4384,684,1.18,100.00
1491,1,0,2,1464,12733,59.50,100.00
31,1,41,30,1464,14118,65.97,100.00
859,1,4,25,1464,249,1.16,100.00
1910,1,41,28,24,36,1.03,100.00
955,1,29,49,71544,9024,1.01,100.00
1502,1,40,10,24,35,1.00,100.00
1353,1,26,15,24,36,1.03,100.00
68,1,55,40,24,35,1.00,100.00
2167,1,29,11,1464,6433,30.06,100.00
578,1,45,11,24,35,1.00,100.00
1931,1,52,61,99280,12488,1.00,100.00
77,1,3,49,2920,8613,21.70,100.00
1237,1,52,17,24,11592,331.20,100.00
683,1,41,11,1464,6502,30.38,100.00
1956,1,52,36,24,10635,303.86,100.00
127,1,47,22,24,36,1.03,100.00
1876,1,63,24,24,36,1.03,100.00
1527,1,18,33,1464,249,1.16,100.00
1559,1,56,3,24,38,1.09,100.00
2207,1,23,49,1464,215,1.00,100.00
2171,1,29,55,2920,6408,16.14,100.00
2208,1,17,52,1464,215,1.00,100.00
1248,1,34,11,1464,5010,23.41,100.00
1475,1,17,7,24,140,4.00,100.00
141,1,29,14,24,4606,131.60,100.00
2133,1,52,15,1464,10191,47.62,100.00
2209,1,22,47,1464,215,1.00,100.00
1633,1,3,40,24,36,1.03,100.00
105,1,26,8,24,48,1.37,100.00
2194,1,29,19,1464,2114,9.88,100.00
184,1,2,15,1464,9550,44.63,100.00
1853,1,27,38,1464,249,1.16,100.00
644,1,39,63,24,38,1.09,100.00
2211,1,40,55,2920,397,1.00,100.00
2212,1,36,52,2920,397,1.00,100.00
2206,1,15,26,7304,945,1.00,100.00
553,1,37,19,1464,14641,68.42,100.00
2216,1,9,15,1464,215,1.00,100.00
1464,1,16,57,24,35,1.00,100.00
594,1,50,49,4384,1104,1.91,100.00
191,1,45,14,24,48,1.37,100.00
2214,1,7,17,4384,580,1.00,100.00
773,1,56,15,1464,13318,62.23,100.00
2215,1,40,3,4384,920,1.59,100.00
904,1,55,15,1464,5189,24.25,100.00
912,1,56,53,24,184,5.26,100.00
1022,1,11,43,1464,249,1.16,100.00
975,1,34,12,24,35,1.00,100.00
998,1,15,63,24,36,1.03,100.00
157,1,51,28,24,39,1.11,100.00
1776,1,49,7,24,36,1.03,100.00
774,1,40,15,2920,817,2.06,100.00
2218,1,10,19,4384,1127,1.95,100.00
1838,1,26,52,2920,431,1.09,100.00
1462,1,3,36,24,36,1.03,100.00
783,1,44,29,24,36,1.03,100.00
281,1,3,13,24,38,1.09,100.00
1068,1,9,52,1464,354,1.65,100.00
2169,1,8,31,68624,8616,1.00,100.00
1510,1,27,4,24,35,1.00,100.00
449,1,8,35,24,7589,216.83,100.00
320,1,62,57,24,35,1.00,100.00
436,1,8,20,24,6052,172.91,100.00
2221,1,63,15,4384,583,1.01,100.00
922,1,5,18,1464,249,1.16,100.00
2222,1,36,3,1464,398,1.86,100.00
41,1,18,36,24,36,1.03,100.00
1360,1,55,31,1464,2560,11.96,100.00
2223,1,29,44,2920,397,1.00,100.00
2220,1,7,49,2920,762,1.92,100.00
2196,1,8,39,1464,3967,18.54,100.00
200,1,32,31,24,35,1.00,100.00
1547,1,46,15,1464,10325,48.25,100.00
972,1,34,53,4384,614,1.06,100.00
1188,1,11,5,24,38,1.09,100.00
285,1,15,46,1464,249,1.16,100.00
2226,1,63,39,1464,215,1.00,100.00
614,1,41,24,24,35,1.00,100.00
532,1,39,25,2920,431,1.09,100.00
1277,1,2,58,24,35,1.00,100.00
2227,1,5,11,1464,215,1.00,100.00
1403,1,29,52,1464,249,1.16,100.00
2224,1,36,18,1464,583,2.72,100.00
1370,1,21,62,24,39,1.11,100.00
1848,0,11,29,27744,29412,5.81,96.31
1503,1,15,51,24,36,1.03,100.00
173,1,53,54,144544,19351,1.07,100.00
2228,1,62,21,2920,397,1.00,100.00
2105,1,53,56,1464,17369,81.16,100.00
1589,1,53,14,24,15191,434.03,100.00
2103,1,1,6,140160,17564,1.00,100.00
1382,1,40,19,24,35,1.00,100.00
1561,1,1,22,24,16611,474.60,100.00
2229,1,51,15,2920,398,1.00,100.00
892,1,1,10,24,797,22.77,100.00
44,1,6,54,2920,11272,28.39,100.00
2141,1,53,23,1464,13039,60.93,100.00
561,1,30,34,24,36,1.03,100.00
196,1,35,6,1464,12063,56.37,100.00
1513,1,53,7,24,9549,272.83,100.00
122,1,15,17,2920,431,1.09,100.00
2230,1,19,56,2920,399,1.01,100.00
916,1,3,42,7304,979,1.04,100.00
415,1,31,6,1464,16991,79.40,100.00
953,1,43,42,24,35,1.00,100.00
2175,1,53,22,1464,9377,43.82,100.00
836,1,29,54,2920,13476,33.94,100.00
2233,1,34,30,2920,397,1.00,100.00
2232,1,22,1,2920,580,1.46,100.00
1433,0,44,25,11680,9408,3.08,50.64
1457,1,0,51,24,35,1.00,100.00
2235,1,10,1,1464,365,1.71,100.00
1295,1,27,22,2920,5441,13.71,100.00
1982,1,63,11,24,35,1.00,100.00
55,1,3,50,4384,743,1.28,100.00
525,1,3,1,24,372,10.63,100.00
1952,1,3,26,24,176,5.03,100.00
1905,1,20,56,24,36,1.03,100.00
510,1,25,5,24,36,1.03,100.00
2236,1,40,54,4384,580,1.00,100.00
855,1,51,7,24,35,1.00,100.00
1468,1,15,4,24,36,1.03,100.00
426,1,13,14,86144,11571,1.07,100.00
475,1,55,48,24,60,1.71,100.00
966,1,25,54,1464,2286,10.68,100.00
2238,1,5,25,1464,268,1.25,100.00
2239,1,4,15,1464,215,1.00,100.00
2240,1,16,14,1464,215,1.00,100.00
2237,1,56,20,1464,398,1.86,100.00
1332,1,13,27,1464,20091,93.88,100.00
1913,1,13,47,24,11579,330.83,100.00
703,1,5,30,24,35,1.00,100.00
2198,1,13,12,1464,6821,31.87,100.00
1138,1,13,34,24,5920,169.14,100.00
1664,1,45,40,24,35,1.00,100.00
2242,1,63,27,2920,399,1.01,100.00
1957,1,46,52,1464,249,1.16,100.00
1656,1,22,54,4384,17028,29.41,100.00
874,1,4,12,1464,5483,25.62,100.00
1493,1,22,48,24,617,17.63,100.00
2225,1,13,3,1464,3266,15.26,100.00
160,1,22,39,24,35,1.00,100.00
1532,1,12,45,67160,8462,1.00,100.00
217,1,32,41,24,35,1.00,100.00
1989,1,12,61,24,5441,155.46,100.00
143,1,53,38,1464,249,1.16,100.00
2243,1,47,12,1464,216,1.01,100.00
383,1,45,3,1464,676,3.16,100.00
266,0,36,1,23360,9492,2.10,100.00
1081,1,30,27,2920,5297,13.34,100.00
1837,1,19,22,24,35,1.00,100.00
1752,1,12,52,1464,3381,15.80,100.00
280,1,18,10,24,36,1.03,100.00
809,1,53,6,24,35,1.00,100.00
148,1,40,19,2920,431,1.09,100.00
341,1,7,3,1464,252,1.18,100.00
516,1,60,46,24,35,1.00,100.00
107,1,9,20,2920,431,1.09,100.00
1078,1,41,43,24,35,1.00,100.00
1992,1,0,49,24,38,1.09,100.00
2247,1,4,27,1464,215,1.00,100.00
299,1,13,19,24,37,1.06,100.00
717,1,11,1,24,36,1.03,100.00
2248,1,10,18,1464,398,1.86,100.00
2249,1,22,19,2920,400,1.01,100.00
1553,1,22,4,24,345,9.86,100.00
1618,1,22,49,24,144,4.11,100.00
15,1,2,27,24,37,1.06,100.00
811,1,54,28,24,44,1.26,100.00
86,1,5,39,24,35,1.00,100.00
204,1,22,4,1464,249,1.16,100.00
2251,1,15,27,7304,948,1.00,100.00
1179,1,25,42,2920,431,1.09,100.00
1477,1,47,27,24,38,1.09,100.00
1117,1,7,15,24,36,1.03,100.00
1018,1,56,60,8760,1725,1.53,100.00
1458,1,3,10,2920,431,1.09,100.00
1043,1,20,0,24,38,1.09,100.00
1197,1,10,42,24,38,1.09,100.00
2254,1,15,7,1464,215,1.00,100.00
674,1,5,35,24,41,1.17,100.00
1840,1,43,27,4384,5181,8.95,100.00
623,1,37,17,24,35,1.00,100.00
585,1,12,35,24,44,1.26,100.00
2256,1,0,20,4384,580,1.00,100.00
576,1,15,5,24,36,1.03,100.00
228,1,56,52,2920,2090,5.26,100.00
545,1,54,57,24,35,1.00,100.00
2258,1,5,15,1464,215,1.00,100.00
1329,1,23,33,2920,431,1.09,100.00
986,0,13,52,24824,20581,4.38,95.18
1520,1,56,25,1464,2152,10.06,100.00
1097,1,27,21,24,36,1.03,100.00
1668,1,9,0,24,40,1.14,100.00
303,1,2,30,4384,1047,1.81,100.00
990,1,2,62,24,562,16.06,100.00
1417,1,33,43,24,36,1.03,100.00
186,1,33,51,24,35,1.00,100.00
571,1,23,60,24,37,1.06,100.00
175,1,53,30,24,35,1.00,100.00
182,1,40,42,1464,249,1.16,100.00
2260,1,43,33,2920,397,1.00,100.00
764,1,40,38,24,35,1.00,100.00
362,1,27,57,24,35,1.00,100.00
400,1,7,22,24,36,1.03,100.00
2262,1,22,7,1464,215,1.00,100.00
69,1,58,19,24,36,1.03,100.00
1847,1,15,13,24,43,1.23,100.00
242,1,36,12,24,36,1.03,100.00
1955,1,10,0,24,43,1.23,100.00
2261,1,51,33,4384,580,1.00,100.00
2264,1,13,15,1464,215,1.00,100.00
2265,1,12,36,1464,215,1.00,100.00
1049,1,36,46,1464,260,1.21,100.00
413,1,7,22,24,36,1.03,100.00
1680,1,62,41,24,35,1.00,100.00
2263,1,19,58,2920,397,1.00,100.00
2266,1,22,7,1464,215,1.00,100.00
1511,1,56,59,24,38,1.09,100.00
1984,1,47,26,24,35,1.00,100.00
1771,1,11,30,2920,672,1.69,100.00
1933,1,37,54,24,35,1.00,100.00
642,1,38,0,24,44,1.26,100.00
1256,1,48,28,70080,8855,1.01,100.00
693,1,26,25,1464,249,1.16,100.00
1281,1,35,39,4384,934,1.61,100.00
1076,1,19,39,24,36,1.03,100.00
2267,1,0,38,1464,215,1.00,100.00
1331,1,48,14,1464,14178,66.25,100.00
1730,1,48,18,24,7406,211.60,100.00
1962,1,48,50,24,6827,195.06,100.00
270,1,10,5,24,38,1.09,100.00
1537,1,48,59,24,5606,160.17,100.00
531,1,53,5,24,35,1.00,100.00
2268,1,39,19,1464,215,1.00,100.00
1783,1,16,63,24,38,1.09,100.00
1688,1,27,5,24,35,1.00,100.00
629,1,40,54,24,35,1.00,100.00
1228,1,13,28,4384,14643,25.29,100.00
1723,1,45,6,24,35,1.00,100.00
4,1,12,46,24,35,1.00,100.00
2241,1,48,55,2920,5982,15.07,100.00
673,1,32,31,4384,614,1.06,100.00
1121,1,24,8,147464,18513,1.00,100.00
32,1,24,45,24,13548,387.09,100.00
1744,1,7,55,1464,2438,11.39,100.00
2244,1,48,22,1464,5550,25.93,100.00
1709,1,48,3,24,3582,102.34,100.00
768,1,22,43,24,35,1.00,100.00
2270,1,45,24,1464,215,1.00,100.00
101,1,59,19,5840,950,1.25,100.00
821,1,51,61,2920,431,1.09,100.00
370,0,23,59,23360,13848,3.07,79.00
1612,1,48,25,1464,1172,5.48,100.00
2203,1,24,34,2920,12456,31.38,100.00
2271,1,39,22,2920,397,1.00,100.00
1928,1,3,19,1464,857,4.00,100.00
1065,1,10,2,24,42,1.20,100.00
2170,1,61,35,146000,18293,1.00,100.00
1901,1,61,31,24,10495,299.86,100.00
2272,1,12,34,4384,580,1.00,100.00
579,1,6,22,4384,1057,1.83,100.00
1064,1,55,37,24,38,1.09,100.00
319,1,4,55,2920,431,1.09,100.00
2274,1,31,61,1464,216,1.01,100.00
2246,1,61,12,1464,6478,30.27,100.00
2210,1,24,63,2920,12226,30.80,100.00
1710,1,9,4,24,37,1.06,100.00
738,1,19,31,24,36,1.03,100.00
283,1,54,35,2920,18184,45.80,100.00
2276,1,37,55,1464,215,1.00,100.00
124,1,18,39,1464,249,1.16,100.00
275,1,61,17,1464,7819,36.54,100.00
750,1,24,4,1464,19343,90.39,100.00
2275,1,43,22,2920,397,1.00,100.00
1249,1,15,13,24,48,1.37,100.00
1484,1,57,29,24,35,1.00,100.00
2280,1,4,22,1464,215,1.00,100.00
2281,1,13,15,1464,215,1.00,100.00
2273,1,11,63,1464,946,4.42,100.00
2278,1,31,19,4384,580,1.00,100.00
8,1,45,13,24,52,1.49,100.00
2282,1,49,22,1464,215,1.00,100.00
812,1,54,17,2920,431,1.09,100.00
2204,1,8,2,84680,13737,1.29,100.00
386,1,8,9,24,13021,372.03,100.00
1964,1,44,46,1464,252,1.18,100.00
1118,1,38,42,24,36,1.03,100.00
1193,1,24,1,5840,16348,21.45,100.00
1203,1,41,23,24,35,1.00,100.00
2217,1,8,26,1464,12634,59.04,100.00
610,1,61,63,2920,11893,29.96,100.00
602,1,8,2,24,12110,346.00,100.00
457,1,8,21,24,8159,233.11,100.00
715,1,8,33,24,5334,152.40,100.00
2283,1,27,2,2920,400,1.01,100.00
3,1,24,18,1464,5688,26.58,100.00
1918,1,12,28,24,35,1.00,100.00
1543,1,59,58,2920,431,1.09,100.00
439,1,16,26,1464,6061,28.32,100.00
945,1,23,1,1464,2194,10.25,100.00
1864,1,2,54,24,35,1.00,100.00
2140,1,52,0,108040,23037,1.70,100.00
1602,1,50,44,65704,8283,1.00,100.00
1292,1,18,28,24,36,1.03,100.00
755,1,0,20,1464,259,1.21,100.00
2145,1,52,32,1464,22664,105.91,100.00
1314,1,52,59,24,22631,646.60,100.00
781,1,52,53,24,17239,492.54,100.00
37,1,60,44,1464,5225,24.42,100.00
893,1,52,54,24,8833,252.37,100.00
1168,1,52,6,24,2004,57.26,100.00
254,1,62,0,2920,22612,56.96,100.00
139,1,59,20,1464,457,2.14,100.00
132,1,23,2,1464,5971,27.90,100.00
713,1,63,28,1464,251,1.17,100.00
6,1,13,32,1464,10382,48.51,100.00
935,1,39,44,1464,867,4.05,100.00
824,1,50,7,2920,6915,17.42,100.00
1107,1,23,14,24,351,10.03,100.00
2287,1,62,2,1464,215,1.00,100.00
2288,1,31,32,1464,215,1.00,100.00
1754,1,23,7,24,247,7.06,100.00
1060,1,47,33,24,35,1.00,100.00
778,1,60,0,2920,18339,46.19,100.00
719,1,42,13,134320,16874,1.00,100.00
403,1,42,5,24,9179,262.26,100.00
656,1,42,45,24,8690,248.29,100.00
144,1,52,25,4384,1900,3.28,100.00
850,1,17,0,1464,15089,70.51,100.00
1174,1,6,34,24,38,1.09,100.00
2289,1,58,2,2920,397,1.00,100.00
287,1,37,14,24,38,1.09,100.00
2290,1,41,32,2920,399,1.01,100.00
1743,1,23,51,24,35,1.00,100.00
2291,1,19,13,2920,397,1.00,100.00
1556,1,15,2,1464,6764,31.61,100.00
982,1,58,0,1464,7553,35.29,100.00
307,1,60,32,1464,15163,70.86,100.00
2257,1,42,10,2920,7808,19.67,100.00
1302,1,29,14,2920,434,1.09,100.00
163,1,35,19,24,35,1.00,100.00
1604,1,25,2,1464,9840,45.98,100.00
382,1,13,32,1464,8372,39.12,100.00
1287,1,8,42,14600,4896,2.64,100.00
1671,1,48,33,24,35,1.00,100.00
2293,1,5,10,1464,216,1.01,100.00
1108,1,52,32,1464,8277,38.68,100.00
1693,1,6,5,24,35,1.00,100.00
977,1,19,13,24,42,1.20,100.00
1860,1,8,20,1464,1170,5.47,100.00
1337,1,29,0,2920,16284,41.02,100.00
2292,1,34,13,4384,588,1.02,100.00
1653,1,43,2,2920,437,1.10,100.00
2284,1,42,38,4384,2524,4.36,100.00
888,1,40,37,24,42,1.20,100.00
1438,1,15,39,1464,249,1.16,100.00
2295,1,2,10,1464,398,1.86,100.00
731,1,42,52,24,2143,61.23,100.00
714,1,1,47,96360,28289,2.34,100.00
89,1,22,0,24,36,1.03,100.00
2294,1,5,42,4384,642,1.11,100.00
238,1,29,47,1464,533,2.49,100.00
33,1,1,43,1464,27913,130.43,100.00
2298,1,51,2,2920,397,1.00,100.00
451,1,37,38,24,35,1.00,100.00
2297,1,13,19,4384,580,1.00,100.00
2302,1,33,47,1464,215,1.00,100.00
2156,1,14,62,143080,23633,1.32,100.00
2304,1,48,2,1464,215,1.00,100.00
1312,1,2,13,1464,11864,55.44,100.00
128,1,14,6,24,19470,556.29,100.00
18,1,54,21,24,38,1.09,100.00
1738,1,1,21,2920,26895,67.75,100.00
2305,1,27,47,1464,215,1.00,100.00
925,1,2,1,24,245,7.00,100.00
1815,1,62,13,1464,6287,29.38,100.00
739,1,14,23,1464,29621,138.42,100.00
2307,1,54,2,1464,255,1.19,100.00
2303,1,42,43,4384,580,1.00,100.00
1167,1,12,21,1464,13598,63.54,100.00
2301,1,45,42,4384,676,1.17,100.00
1700,1,31,6,24,36,1.03,100.00
2306,1,57,62,2920,398,1.00,100.00
245,1,34,23,1464,11427,53.40,100.00
2310,1,52,42,1464,295,1.38,100.00
993,1,45,43,1464,7993,37.35,100.00
617,1,4,26,24,39,1.11,100.00
2309,1,26,47,2920,463,1.17,100.00
1505,1,54,25,24,38,1.09,100.00
1384,1,2,25,1464,252,1.18,100.00
1163,1,1,5,4384,21383,36.93,100.00
422,1,19,23,1464,7129,33.31,100.00
1032,1,10,63,24,38,1.09,100.00
2313,1,49,62,2920,399,1.01,100.00
2314,1,26,4,1464,238,1.11,100.00
458,1,14,40,4384,29062,50.19,100.00
2250,1,1,3,1464,11196,52.32,100.00
1404,1,13,44,24,35,1.00,100.00
635,1,8,41,24,39,1.11,100.00
1786,1,38,20,24,36,1.03,100.00
444,1,49,23,1464,12557,58.68,100.00
589,1,5,3,1464,2482,11.60,100.00
979,1,27,26,24,43,1.23,100.00
1748,1,32,45,24,35,1.00,100.00
724,1,15,7,13144,1709,1.02,100.00
2316,1,41,62,2920,398,1.00,100.00
996,1,57,51,24,35,1.00,100.00
2319,1,60,23,1464,215,1.00,100.00
2317,1,54,40,2920,397,1.00,100.00
377,1,62,33,24,36,1.03,100.00
2252,1,1,11,2920,11344,28.57,100.00
1430,1,1,28,24,5492,156.91,100.00
1496,1,35,1,24,41,1.17,100.00
865,1,45,23,1464,9124,42.64,100.00
2321,1,33,62,1464,215,1.00,100.00
726,1,10,3,1464,13707,64.05,100.00
2308,1,6,14,11680,1493,1.00,100.00
2311,1,1,2,1464,1277,5.97,100.00
789,1,37,7,2920,1351,3.40,100.00
1423,1,14,0,5840,28640,37.59,100.00
2320,1,38,40,2920,397,1.00,100.00
815,1,58,11,24,40,1.14,100.00
709,1,5,11,2920,5030,12.67,100.00
841,1,36,3,1464,2677,12.51,100.00
1461,1,1,61,1464,1954,9.13,100.00
1899,1,15,13,4384,12170,21.02,100.00
164,1,14,16,1464,28047,131.06,100.00
964,1,12,13,1464,1835,8.57,100.00
1843,1,18,24,1464,249,1.16,100.00
1800,1,14,6,1464,27873,130.25,100.00
2312,1,6,31,4384,1743,3.01,100.00
1869,1,15,21,2920,7079,17.83,100.00
2326,1,44,13,1464,215,1.00,100.00
187,1,15,11,24,130,3.71,100.00
2325,1,57,16,2920,397,1.00,100.00
2201,1,14,9,1464,19906,93.02,100.00
214,1,14,52,24,18619,531.97,100.00
873,1,23,46,2920,798,2.01,100.00
2328,1,52,14,1464,215,1.00,100.00
2213,1,14,29,1464,18593,86.88,100.00
677,1,14,3,24,17492,499.77,100.00
1676,1,62,53,24,36,1.03,100.00
609,1,14,1,24,16266,464.74,100.00
1214,1,10,9,1464,16739,78.22,100.00
1508,1,51,16,2920,37939,95.56,100.00
961,1,51,11,24,299,8.54,100.00
600,1,41,31,4384,959,1.66,100.00
1344,1,42,47,24,494,14.11,100.00
1810,1,41,24,24,532,15.20,100.00
158,1,32,14,24,38,1.09,100.00
2330,1,53,62,1464,215,1.00,100.00
454,1,10,19,24,183,5.23,100.00
992,1,15,42,24,38,1.09,100.00
2332,1,47,13,1464,215,1.00,100.00
2329,1,3,14,2920,400,1.01,100.00
1140,1,55,36,24,36,1.03,100.00
237,1,10,37,24,197,5.63,100.00
1313,1,4,43,24,35,1.00,100.00
216,1,27,11,1464,249,1.16,100.00
1636,1,40,16,4384,13039,22.52,100.00
2335,1,36,55,1464,215,1.00,100.00
2333,1,47,42,1464,547,2.56,100.00
665,1,55,25,2920,438,1.10,100.00
2334,1,1,14,2920,497,1.25,100.00
442,1,13,11,24,36,1.03,100.00
161,1,58,34,1464,250,1.17,100.00
546,1,12,16,24,36,1.03,100.00
1175,1,34,43,1464,249,1.16,100.00
1012,1,34,51,24,128,3.66,100.00
35,1,4,61,24,38,1.09,100.00
837,1,4,11,24,46,1.31,100.00
697,1,55,1,24,50,1.43,100.00
2338,1,51,34,1464,215,1.00,100.00
406,1,12,11,2920,434,1.09,100.00
1926,1,31,21,1464,249,1.16,100.00
1749,0,24,42,8760,10317,3.84,68.18
1363,1,60,47,24,498,14.23,100.00
2339,1,1,55,2920,397,1.00,100.00
1479,1,10,0,24,38,1.09,100.00
330,1,31,54,24,36,1.03,100.00
1172,1,4,61,1464,249,1.16,100.00
333,1,4,10,24,204,5.83,100.00
1205,1,60,43,1464,256,1.20,100.00
1599,1,49,30,1464,251,1.17,100.00
2340,1,54,31,1464,215,1.00,100.00
2279,1,11,35,70080,9270,1.05,100.00
1570,1,51,25,24,35,1.00,100.00
1209,1,52,0,24,35,1.00,100.00
271,1,7,2,1464,250,1.17,100.00
218,1,11,3,24,7165,204.71,100.00
681,1,54,44,24,35,1.00,100.00
2323,1,37,40,30664,3866,1.00,100.00
380,1,17,19,24,36,1.03,100.00
172,1,36,40,1464,2433,11.37,100.00
2324,1,11,58,2920,4102,10.33,100.00
404,1,12,7,24,35,1.00,100.00
682,1,27,21,24,35,1.00,100.00
1833,1,6,43,2920,683,1.72,100.00
1201,1,2,17,24,38,1.09,100.00
1545,1,49,58,1464,251,1.17,100.00
939,1,6,40,1464,20675,96.61,100.00
2327,1,11,15,4384,4139,7.15,100.00
2343,1,17,2,1464,216,1.01,100.00
1973,1,5,34,2920,433,1.09,100.00
140,1,4,50,1464,250,1.17,100.00
1958,1,51,23,24,35,1.00,100.00
2345,1,42,15,2920,397,1.00,100.00
2337,1,11,13,2920,3255,8.20,100.00
1804,1,16,3,24,35,1.00,100.00
670,1,11,6,24,2985,85.29,100.00
179,1,11,45,24,2539,72.54,100.00
1769,1,3,12,24,35,1.00,100.00
2255,1,46,60,128480,16100,1.00,100.00
1577,1,38,33,1464,249,1.16,100.00
1274,1,53,15,2920,3214,8.10,100.00
1880,1,7,0,24,36,1.03,100.00
1192,1,45,60,1464,2244,10.49,100.00
2277,1,46,12,1464,11312,52.86,100.00
232,1,6,48,24,69,1.97,100.00
1494,1,50,47,24,502,14.34,100.00
98,1,26,12,1464,14032,65.57,100.00
1893,1,46,39,1464,781,3.65,100.00
686,1,41,63,24,38,1.09,100.00
1506,1,46,8,24,147,4.20,100.00
1260,1,1,60,2920,14859,37.43,100.00
1083,1,12,57,24,35,1.00,100.00
2347,1,47,50,4384,580,1.00,100.00
194,1,33,12,4384,11429,19.74,100.00
2348,1,8,46,4384,580,1.00,100.00
1782,1,41,15,24,35,1.00,100.00
616,1,57,6,45264,18700,3.29,100.00
1732,1,57,61,24,2781,79.46,100.00
2349,1,7,12,1464,215,1.00,100.00
2350,1,47,60,1464,215,1.00,100.00
130,1,15,5,24,41,1.17,100.00
1269,1,63,10,24,35,1.00,100.00
2351,1,48,6,1464,215,1.00,100.00
358,1,8,46,24,35,1.00,100.00
1518,1,29,43,24,35,1.00,100.00
2353,1,5,15,1464,215,1.00,100.00
692,1,38,6,1464,15210,71.07,100.00
2352,1,16,12,2920,397,1.00,100.00
507,1,11,63,14600,7537,4.06,100.00
2354,1,34,6,2920,397,1.00,100.00
2356,1,10,63,1464,398,1.86,100.00
2315,1,39,5,67160,8435,1.00,100.00
948,1,21,37,144544,18146,1.00,100.00
2355,1,35,12,4384,580,1.00,100.00
1960,1,22,11,35040,4447,1.01,100.00
590,1,47,37,24,35,1.00,100.00
785,1,39,0,1464,8656,40.45,100.00
113,1,9,26,94904,11938,1.00,100.00
2259,1,21,27,1464,17432,81.46,100.00
276,1,21,39,24,4322,123.49,100.00
885,1,46,17,24,36,1.03,100.00
1988,1,48,44,24,35,1.00,100.00
42,1,39,15,1464,951,4.44,100.00
524,1,44,14,1464,249,1.16,100.00
513,1,6,13,4384,1164,2.01,100.00
2359,1,57,12,1464,398,1.86,100.00
878,1,21,55,1464,13345,62.36,100.00
1258,1,56,1,91984,13534,1.17,100.00
1483,1,19,4,70080,8828,1.00,100.00
264,1,7,57,24,35,1.00,100.00
1995,1,19,61,24,8289,236.83,100.00
295,1,9,5,2920,15812,39.83,100.00
1119,1,3,27,24,35,1.00,100.00
29,1,9,62,24,4049,115.69,100.00
469,1,53,20,1464,250,1.17,100.00
487,1,43,47,67160,8929,1.06,100.00
2360,1,45,11,4384,583,1.01,100.00
1183,1,12,21,24,37,1.06,100.00
51,1,16,1,1464,8727,40.78,100.00
1320,1,56,29,1464,19439,90.84,100.00
2361,1,51,0,4384,580,1.00,100.00
1793,1,56,6,24,9132,260.91,100.00
102,1,13,28,24,36,1.03,100.00
1620,1,56,24,24,3930,112.29,100.00
2341,1,19,35,1464,4638,21.67,100.00
2365,1,17,46,4384,580,1.00,100.00
1937,1,55,63,2920,431,1.09,100.00
2369,1,3,11,1464,215,1.00,100.00
2371,1,43,29,1464,215,1.00,100.00
2366,1,61,4,2920,397,1.00,100.00
1383,1,40,0,1464,331,1.55,100.00
236,1,58,14,4384,734,1.27,100.00
2364,1,39,21,4384,739,1.28,100.00
1856,1,62,38,24,36,1.03,100.00
301,1,32,36,24,37,1.06,100.00
2373,1,6,11,1464,215,1.00,100.00
1836,1,48,10,24,35,1.00,100.00
2368,1,35,5,2920,524,1.32,100.00
1757,1,33,29,1464,3473,16.23,100.00
1560,1,52,0,1464,1172,5.48,100.00
2362,1,37,47,4384,1015,1.75,100.00
2336,1,23,16,51104,7204,1.12,100.00
183,1,37,3,24,560,16.00,100.00
1238,1,23,49,24,3674,104.97,100.00
1085,1,23,55,24,2908,83.09,100.00
1670,1,32,11,1464,4379,20.46,100.00
2376,1,30,5,1464,215,1.00,100.00
1377,1,23,52,24,2273,64.94,100.00
1213,1,39,12,2920,12662,31.89,100.00
1418,1,23,37,24,1056,30.17,100.00
2375,1,38,62,2920,397,1.00,100.00
1624,1,53,43,1464,251,1.17,100.00
2367,1,61,19,4384,942,1.63,100.00
1252,1,42,16,1464,4254,19.88,100.00
2377,1,21,12,1464,215,1.00,100.00
2363,1,57,27,4384,1393,2.41,100.00
1330,1,16,55,2920,436,1.10,100.00
634,1,23,20,1464,303,1.42,100.00
2342,1,19,17,7304,5198,5.51,100.00
1685,1,4,16,1464,8218,38.40,100.00
1232,1,48,5,2920,9341,23.53,100.00
1297,1,15,31,4384,614,1.06,100.00
252,1,61,50,24,36,1.03,100.00
2378,1,63,16,1464,215,1.00,100.00
605,1,48,27,1464,6453,30.15,100.00
1480,1,42,12,1464,19316,90.26,100.00
313,1,9,57,24,35,1.00,100.00
1219,1,56,14,8760,4189,3.72,100.00
2344,1,19,40,2920,4986,12.56,100.00
1824,1,52,36,24,39,1.11,100.00
1551,1,57,5,2920,19162,48.27,100.00
2380,1,21,27,1464,227,1.06,100.00
1968,1,48,11,1464,470,2.20,100.00
742,1,43,17,4384,8327,14.38,100.00
1501,1,21,23,24,36,1.03,100.00
2231,1,14,53,71544,24313,2.71,100.00
432,1,38,44,24,35,1.00,100.00
2382,1,26,27,1464,258,1.21,100.00
817,1,44,40,2920,3641,9.17,100.00
480,1,44,12,24,91,2.60,100.00
24,1,30,47,1464,432,2.02,100.00
424,1,29,28,4384,614,1.06,100.00
2379,1,50,61,2920,743,1.87,100.00
82,1,35,46,1464,434,2.03,100.00
338,1,32,50,24,35,1.00,100.00
1367,1,39,56,24,40,1.14,100.00
1306,1,21,40,1464,12736,59.51,100.00
2245,1,14,45,1464,22637,105.78,100.00
2374,1,10,4,8760,1908,1.69,100.00
675,1,14,55,24,20426,583.60,100.00
1948,1,14,18,24,18998,542.80,100.00
2269,1,20,8,138704,17376,1.00,100.00
1534,1,60,55,1464,253,1.18,100.00
315,1,52,36,1464,392,1.83,100.00
2384,1,30,53,2920,598,1.51,100.00
2388,1,55,14,1464,215,1.00,100.00
1978,1,9,2,4384,617,1.07,100.00
2383,1,23,21,2920,732,1.84,100.00
261,1,62,8,1464,1398,6.53,100.00
1827,1,20,44,1464,22557,105.41,100.00
390,1,39,53,1464,12079,56.44,100.00
2390,1,18,14,1464,215,1.00,100.00
2322,1,14,23,2920,11008,27.73,100.00
2387,1,56,39,2920,588,1.48,100.00
1706,1,14,4,24,10194,291.26,100.00
710,1,36,4,2920,7054,17.77,100.00
2391,1,46,8,1464,215,1.00,100.00
2393,1,55,23,1464,215,1.00,100.00
2394,1,4,14,1464,215,1.00,100.00
2386,1,13,45,2920,945,2.38,100.00
2396,1,9,8,1464,215,1.00,100.00
2358,1,14,37,2920,3738,9.42,100.00
900,1,14,11,24,1929,55.11,100.00
2398,1,35,8,1464,398,1.86,100.00
2399,1,3,37,1464,363,1.70,100.00
2286,1,59,52,122640,15525,1.01,100.00
2318,1,20,38,7304,12328,13.06,100.00
1951,1,20,51,24,10336,295.31,100.00
84,1,20,15,24,4071,116.31,100.00
2401,1,21,8,1464,215,1.00,100.00
1318,1,20,30,24,3435,98.14,100.00
994,1,59,3,1464,19799,92.52,100.00
2403,1,51,20,1464,215,1.00,100.00
253,1,59,6,24,8416,240.46,100.00
305,1,3,52,2920,3149,7.93,100.00
2404,1,27,3,1464,216,1.01,100.00
2389,1,11,45,4384,1519,2.62,100.00
582,1,24,8,2920,31015,78.12,100.00
2405,1,15,20,2920,397,1.00,100.00
2407,1,2,8,1464,215,1.00,100.00
1411,1,11,3,2920,18278,46.04,100.00
317,1,44,37,7304,12347,13.08,100.00
853,1,4,45,2920,16668,41.98,100.00
2408,1,30,20,2920,397,1.00,100.00
2410,1,12,3,1464,216,1.01,100.00
2395,1,11,4,1464,1812,8.47,100.00
2412,1,38,37,1464,215,1.00,100.00
2413,1,26,3,1464,216,1.01,100.00
872,1,2,4,1464,5166,24.14,100.00
1206,1,50,45,1464,9719,45.42,100.00
2400,1,11,14,2920,1799,4.53,100.00
2414,1,17,37,1464,398,1.86,100.00
1564,1,7,45,1464,15280,71.40,100.00
2415,1,43,4,2920,397,1.00,100.00
410,0,6,47,39424,25982,3.98,61.19
1113,0,2,45,112424,29032,1.86,93.22
2411,1,40,45,4384,1311,2.26,100.00
2416,1,6,45,1464,946,4.42,100.00
876,0,52,61,8760,14672,5.46,68.18
1091,1,54,35,56944,19387,2.71,100.00
2296,1,0,32,144544,18101,1.00,100.00
2417,1,1,35,1464,398,1.86,100.00
2299,1,0,10,1464,18071,84.44,100.00
1600,1,7,35,1464,31975,149.42,100.00
2300,1,0,22,1464,18237,85.22,100.00
937,0,1,27,43800,37880,5.36,84.27
2331,1,0,9,1464,15342,71.69,100.00
1659,1,0,35,24,13716,391.89,100.00
2402,1,44,38,30664,4801,1.24,100.00
2419,1,37,10,4384,581,1.00,100.00
2420,1,62,9,1464,215,1.00,100.00
2346,1,0,7,1464,11058,51.67,100.00
2418,1,14,32,4384,919,1.59,100.00
2421,1,19,10,1464,215,1.00,100.00
2357,1,5,6,74464,9348,1.00,100.00
820,1,0,62,1464,18877,88.21,100.00
2424,1,36,32,1464,215,1.00,100.00
2422,1,57,9,1464,307,1.43,100.00
684,1,55,10,1464,11195,52.31,100.00
1802,1,0,50,1464,9200,42.99,100.00
989,1,46,9,1464,15925,74.42,100.00
1435,1,5,40,2920,16315,41.10,100.00
2423,1,57,7,1464,606,2.83,100.00
2425,1,50,32,2920,397,1.00,100.00
1912,1,0,15,1464,8243,38.52,100.00
1077,1,1,9,2920,14620,36.83,100.00
2427,1,10,40,1464,398,1.86,100.00
800,1,3,38,4384,16310,28.17,100.00
962,1,5,37,4384,16687,28.82,100.00
1711,1,37,40,1464,11248,52.56,100.00
1101,1,21,7,4384,14249,24.61,100.00
2428,1,4,9,2920,397,1.00,100.00
933,1,49,16,67160,8675,1.03,100.00
1820,1,49,63,24,8243,235.51,100.00
2429,1,3,16,1464,215,1.00,100.00
1521,1,5,37,4384,12052,20.82,100.00
2397,1,49,23,4384,7568,13.07,100.00
2431,1,54,37,2920,397,1.00,100.00
409,1,14,23,1464,10746,50.21,100.00
940,1,14,23,4384,9673,16.71,100.00
1683,1,5,7,11680,13824,9.27,100.00
2432,1,52,23,1464,216,1.01,100.00
1343,1,5,4,1464,12858,60.08,100.00
1173,1,5,45,24,10392,296.91,100.00
2433,1,37,23,1464,216,1.01,100.00
1557,1,14,4,1464,19871,92.86,100.00
2385,1,5,27,1464,10290,48.08,100.00
1724,1,18,23,1464,31527,147.32,100.00
2392,1,5,53,1464,9719,45.42,100.00
1979,1,48,27,1464,13831,64.63,100.00
2434,1,45,5,4384,580,1.00,100.00
2435,1,51,23,2920,398,1.00,100.00
2436,1,6,53,1464,398,1.86,100.00
965,1,36,53,1464,12802,59.82,100.00
1920,1,34,0,99280,14497,1.17,100.00
2437,1,7,23,2920,400,1.01,100.00
2409,1,41,8,65704,9068,1.10,100.00
725,1,49,0,1464,12371,57.81,100.00
1290,1,3,53,1464,15321,71.59,100.00
944,0,14,6,8760,43477,16.17,68.18
1886,1,47,23,1464,41164,192.36,100.00
2438,1,33,8,1464,215,1.00,100.00
1808,1,41,6,1464,41430,193.60,100.00
2440,1,7,53,1464,215,1.00,100.00
1916,1,45,6,1464,28556,133.44,100.00
1305,0,52,26,71544,36241,3.44,88.54
2406,1,53,52,124104,15550,1.00,100.00
2441,1,54,52,1464,215,1.00,100.00
1473,0,47,55,54024,15564,1.86,92.97
2442,1,6,52,5840,1494,1.96,100.00
2443,1,0,52,1464,215,1.00,100.00
1255,1,27,52,2920,33603,84.64,100.00
1499,1,15,52,1464,23761,111.03,100.00
1016,0,59,19,16064,6478,1.80,100.00
2444,1,36,52,1464,215,1.00,100.00
1362,1,2,32,105120,43555,3.31,100.00
2445,1,45,32,1464,215,1.00,100.00
1967,1,2,53,4384,24918,43.04,100.00
329,1,63,44,162064,24925,1.23,100.00
1987,1,29,32,4384,47109,81.36,100.00
2426,1,63,10,1464,14368,67.14,100.00
1036,0,57,55,55480,18483,2.17,100.00
391,1,15,44,7304,29804,31.57,100.00
2446,1,12,44,1464,215,1.00,100.00
455,0,34,5,42344,15967,2.32,100.00
2430,1,63,49,4384,14386,24.85,100.00
1590,0,42,9,8760,7680,2.86,100.00
1045,1,25,10,11680,27218,18.24,100.00
2447,1,0,10,2920,446,1.12,100.00
721,0,42,1,8760,7747,2.88,100.00
1678,1,3,44,37960,28078,5.88,100.00
1774,1,8,44,4384,30318,52.36,100.00
2439,1,35,0,129944,17058,1.05,100.00
2448,1,49,0,1464,216,1.01,100.00
1611,0,37,39,24824,8895,1.89,100.00
1476,0,20,58,8760,5561,2.07,100.00
1326,0,52,7,40880,11046,1.65,100.00
1115,0,0,7,26280,10707,2.19,100.00
928,0,55,40,23360,12903,2.86,100.00
85,0,31,13,8760,5556,2.07,100.00
1286,0,13,5,73000,14959,1.40,100.00
1207,0,30,12,73000,14947,1.39,100.00
1998,0,46,47,294920,42657,1.11,100.00
931,0,26,33,8760,7924,2.95,68.18
1291,0,44,35,230680,34698,1.14,100.00
637,0,4,44,59864,13823,1.52,100.00
312,0,5,33,459904,64947,1.10,100.00
1578,0,36,23,121184,38565,2.30,90.39
1369,0,22,31,21904,8530,1.97,100.00
470,0,9,3,21904,8530,1.97,100.00
1309,0,8,25,39424,10738,1.65,100.00
1591,0,0,50,639480,98181,1.20,97.72
223,0,52,42,18984,6834,1.72,100.00
1099,0,15,5,24824,8895,1.89,100.00
9,0,23,2,26280,10741,2.20,100.00
506,0,22,14,8760,6327,2.35,100.00
1598,0,36,33,18984,17925,4.52,59.85
1672,0,51,55,394200,55067,1.08,100.00
921,0,51,52,8760,50533,18.79,100.00
207,0,35,36,423400,147461,2.70,99.46
123,0,19,30,8760,8963,3.33,100.00
1466,0,63,10,8760,9703,3.61,71.38
611,0,42,49,446760,157763,2.75,76.00
1807,0,50,26,789864,137935,1.37,100.00
1720,0,31,56,73000,81115,7.57,20.92
211,0,9,10,71544,22029,2.09,100.00
63,0,19,20,274480,80813,2.25,100.00
1574,0,19,25,43800,20960,2.97,100.00
627,0,5,0,8760,7078,2.63,100.00
1799,0,20,31,8760,5556,2.07,100.00
1691,0,5,1,30664,15511,2.86,100.00
583,0,50,0,56944,102976,11.82,100.00
1307,0,55,47,52560,12381,1.52,100.00
1186,0,44,55,59864,13297,1.47,100.00
508,0,53,0,8760,5556,2.07,100.00
1613,0,7,40,26280,58606,12.01,16.57
1035,0,27,10,8760,7113,2.65,68.18
499,0,9,38,10224,9996,3.48,61.00
1587,0,47,26,147464,80082,4.00,32.03
192,0,40,38,18984,22467,5.66,77.37
1471,0,36,15,27744,13490,2.67,100.00
412,0,42,8,8760,26119,9.71,28.40
615,0,26,29,27744,25996,5.14,96.93
667,0,12,33,16064,8459,2.35,100.00
1571,0,25,42,64240,13822,1.44,100.00
1736,0,0,10,45264,13480,1.86,100.00
650,0,38,10,258424,69030,2.04,100.00
434,0,43,24,8760,6892,2.56,100.00
1714,0,19,1,900824,169198,1.48,100.00
641,1,28,48,2083424,260534,1.00,100.00
155,1,28,11,24,256128,7317.94,100.00
844,1,28,12,24,250885,7168.14,100.00
2168,1,28,57,1464,247281,1155.52,100.00
1419,1,28,41,24,244385,6982.43,100.00
2449,1,11,28,1464,592,2.77,100.00
289,1,27,57,1464,225983,1056.00,100.00
349,1,8,57,1464,222095,1037.83,100.00
903,1,21,57,4384,243074,419.82,100.00
2450,1,12,28,4384,1091,1.88,100.00
95,1,57,48,7304,218119,231.06,100.00
379,1,0,48,1464,247610,1157.06,100.00
2451,1,51,57,2920,762,1.92,100.00
2452,1,41,28,1464,649,3.03,100.00
476,1,1,48,1464,241482,1128.42,100.00
1189,1,13,57,1464,233631,1091.73,100.00
1450,1,0,57,1464,239384,1118.62,100.00
2453,1,29,57,1464,398,1.86,100.00
396,0,12,7,46720,17099,2.30,100.00
180,0,32,14,232144,34960,1.14,100.00
740,1,5,48,42344,230339,43.26,100.00
784,1,23,48,2920,229397,577.83,100.00
831,1,42,48,2920,229993,579.33,100.00
389,0,2,11,356240,107726,2.34,100.00
952,1,54,48,1464,268386,1254.14,100.00
1421,1,45,48,2920,262507,661.23,100.00
2455,1,59,48,1464,398,1.86,100.00
1567,1,9,48,1464,248003,1158.89,100.00
1603,1,11,48,2920,255337,643.17,100.00
2456,1,33,48,2920,1192,3.00,100.00
1707,0,5,28,24824,25118,5.35,90.81
2457,1,3,48,2920,999,2.52,100.00
2458,1,18,48,1464,889,4.15,100.00
2459,1,10,48,1464,747,3.49,100.00
1289,0,42,48,8760,237649,88.38,3.56
2460,1,50,48,4384,1311,2.26,100.00
2461,1,44,48,4384,1327,2.29,100.00
1850,0,2,17,36504,23157,3.76,100.00
2454,1,61,57,143080,17918,1.00,100.00
1623,0,33,62,16064,192179,53.37,100.00
2197,1,28,59,170824,264423,12.37,100.00
2205,1,28,41,1464,263815,1232.78,100.00
2219,1,28,51,1464,261923,1223.94,100.00
190,1,47,41,1464,262422,1226.27,100.00
2234,1,28,56,1464,259967,1214.80,100.00
2253,1,28,54,1464,257154,1201.65,100.00
296,1,23,41,1464,261579,1222.33,100.00
135,1,31,51,2920,241976,609.51,100.00
2285,1,28,18,1464,250370,1169.95,100.00
747,1,1,56,1464,239901,1121.03,100.00
2463,1,21,54,2920,415,1.05,100.00
1380,1,62,18,1464,242301,1132.25,100.00
2462,1,24,41,1464,807,3.77,100.00
2370,1,28,1,1464,238559,1114.76,100.00
230,1,12,54,1464,253429,1184.25,100.00
564,1,5,51,2920,252031,634.84,100.00
2372,1,28,13,1464,238790,1115.84,100.00
60,1,19,1,1464,238980,1116.73,100.00
2465,1,57,54,1464,398,1.86,100.00
2466,1,7,51,1464,216,1.01,100.00
779,1,31,56,2920,272789,687.13,100.00
2468,1,44,54,1464,215,1.00,100.00
2381,1,28,12,4384,238131,411.28,100.00
1372,0,47,36,27744,14558,2.88,100.00
2464,1,63,41,2920,1435,3.61,100.00
1148,1,28,31,1464,285445,1333.86,100.00
891,0,18,62,819064,110564,1.06,100.00
233,1,4,59,17520,240636,108.30,100.00
796,1,12,41,1464,247723,1157.58,100.00
2467,1,6,59,1464,961,4.49,100.00
871,1,9,56,2920,259841,654.51,100.00
1919,1,31,12,4384,244471,422.23,100.00
694,1,28,23,1464,281082,1313.47,100.00
2469,1,43,41,1464,755,3.53,100.00
1051,0,27,44,39424,14910,2.29,93.25
889,1,4,54,4384,238829,412.49,100.00
2472,1,25,54,1464,215,1.00,100.00
2470,1,53,56,2920,1139,2.87,100.00
858,1,2,51,7304,238682,252.84,100.00
2471,1,23,41,2920,1144,2.88,100.00
1817,1,28,10,2920,266445,671.15,100.00
1985,1,17,54,1464,249367,1165.27,100.00
653,1,27,59,4384,249142,430.30,100.00
1096,1,38,56,1464,252025,1177.69,100.00
1030,1,28,33,1464,240461,1123.65,100.00
1575,1,7,41,1464,250885,1172.36,100.00
957,1,17,51,2920,248495,625.93,100.00
2474,1,11,51,1464,340,1.59,100.00
1376,1,48,56,4384,240036,414.57,100.00
802,1,22,59,5840,257041,337.32,100.00
2476,1,59,56,1464,462,2.16,100.00
2475,1,25,51,4384,582,1.01,100.00
1080,1,40,59,1464,265497,1240.64,100.00
1487,0,46,12,17520,6745,1.78,100.00
2478,1,23,51,1464,217,1.01,100.00
1212,1,28,59,1464,286073,1336.79,100.00
1422,1,20,59,7304,255253,270.40,100.00
1594,1,12,59,2920,265394,668.50,100.00
1825,1,44,59,2920,272214,685.68,100.00
1972,1,23,59,4384,259605,448.37,100.00
765,0,36,26,8760,65766,24.46,15.59
1400,1,62,18,68624,256590,29.80,100.00
1907,1,20,18,2920,250519,631.03,100.00
1941,1,26,18,1464,248664,1161.98,100.00
1481,0,53,21,20440,36118,8.71,100.00
2473,1,15,41,89064,12317,1.10,100.00
2479,1,24,41,1464,962,4.50,100.00
1432,0,8,13,73000,36100,3.37,95.19
595,0,36,14,48184,39347,5.17,100.00
66,0,57,36,1141720,268112,1.86,99.24
1855,0,63,11,26280,108235,22.18,73.49
2477,1,3,56,144544,19757,1.09,100.00
2480,1,24,56,1464,960,4.49,100.00
1677,1,59,56,1464,289262,1351.69,100.00
2481,1,6,56,2920,1123,2.83,100.00
1986,0,38,35,127024,29167,1.67,85.78
408,0,36,21,27744,36916,7.29,100.00
1640,0,24,42,27744,31517,6.23,68.51
1631,0,15,35,26280,96105,19.70,67.40
1341,0,43,62,65704,14005,1.43,100.00
1646,0,22,39,573784,120792,1.65,100.00
569,0,55,10,451144,62833,1.08,100.00
1127,0,37,1,109504,34771,2.28,100.00
1368,0,3,50,164984,263914,11.88,100.00
76,0,30,1,429240,112339,2.03,77.85
428,0,2,26,30664,83234,15.34,36.16
879,0,21,8,176664,87182,3.68,41.51
288,0,3,50,78840,243962,21.31,100.00
1184,0,46,57,8760,5557,2.07,100.00
61,0,16,40,1496504,264081,1.40,80.59
167,0,55,27,46720,19337,2.60,100.00
1896,0,30,6,18984,68965,17.39,79.34
1935,0,49,23,14600,15780,4.62,89.24
1463,0,58,34,1743240,324017,1.48,100.00
447,0,29,4,836584,110863,1.04,100.00
999,0,24,41,70080,74144,7.16,32.20
294,0,58,5,14600,297855,87.12,100.00
489,0,16,36,58400,237434,26.70,79.73
954,0,50,38,13144,16063,4.96,41.82
498,0,24,20,110960,111057,7.18,89.29
378,0,42,27,70080,32899,3.18,41.59
588,0,29,1,64240,117375,12.20,100.00
1354,0,16,54,8760,191625,71.26,38.65
16,0,11,6,1259984,326013,2.05,99.93
1722,0,54,48,83224,114721,9.56,42.84
199,0,58,54,51104,161159,20.19,100.00
529,0,47,33,1026384,147326,1.13,100.00
1514,0,42,39,35040,15310,2.56,100.00
1244,0,51,16,1156320,159721,1.09,100.00
1178,0,6,63,1398680,359075,2.04,100.00
867,0,61,59,42344,66700,9.69,22.95
1649,0,4,3,1544680,253694,1.30,98.87
1420,0,37,19,20440,8354,2.01,100.00
1058,0,3,54,468664,267688,4.45,100.00
38,0,46,0,73000,56991,5.32,28.18
848,0,60,50,29200,9454,1.80,100.00
1679,0,37,32,8760,9723,3.62,100.00
1223,0,42,29,13144,7911,2.44,100.00
1070,0,36,60,14600,8329,2.44,100.00
1756,0,20,7,137240,22952,1.22,100.00
1334,0,18,27,740224,132610,1.41,100.00
1760,0,54,27,74464,100108,9.18,47.70
1524,0,31,15,949000,187836,1.56,70.38
1863,0,48,44,1061424,329915,2.46,98.87
1406,0,3,2,113880,192591,12.17,100.00
1489,0,20,13,73000,35691,3.33,100.00
433,0,3,1,20440,185216,44.64,100.00
1008,0,60,13,21904,9058,2.09,93.22
1111,0,50,26,8760,22622,8.41,32.75
1198,0,0,2,36504,34069,5.53,99.20
577,0,42,36,8760,5560,2.07,100.00
284,0,20,7,55480,12731,1.49,100.00
465,0,26,0,489104,223400,3.56,54.23
1867,0,24,11,1305240,277432,1.68,98.73
292,0,42,11,52560,13647,1.67,100.00
57,0,26,17,24824,187686,39.97,69.42
1151,0,42,32,51104,24723,3.10,100.00
804,0,19,39,1454160,191943,1.05,100.00
1253,0,44,63,151840,48933,2.38,54.64
1364,0,63,15,1210344,347096,2.27,50.27
1897,0,61,44,681824,91457,1.05,100.00
1437,0,24,49,8760,221520,82.38,14.28
405,0,18,10,21904,8530,1.97,100.00
960,0,7,48,1043904,280860,2.13,80.47
1990,0,45,34,711024,359613,3.97,86.84
1069,0,40,24,791320,164978,1.64,67.06
418,0,44,50,8760,5561,2.07,100.00
1216,0,45,32,54024,282926,33.90,100.00
1818,0,40,61,8760,125721,46.75,68.18
1392,0,45,18,18984,164116,41.38,100.00
649,0,31,34,116800,288175,17.80,71.14
1741,0,29,15,29200,32168,6.13,70.23
1629,0,31,50,8760,228217,84.87,100.00
293,0,43,41,67160,201372,20.16,32.05
1592,0,18,3,21904,8537,1.97,100.00
1073,0,31,6,23360,155849,34.53,100.00
908,0,13,38,3251424,422301,1.03,100.00
1131,0,7,24,14600,287705,84.15,22.69
1606,0,3,56,1706744,557248,2.59,99.31
748,0,13,27,8760,247243,91.95,100.00
1976,0,46,15,32120,9807,1.75,100.00
1917,0,7,39,59864,164049,18.08,100.00
50,0,40,0,43800,94842,13.42,31.03
40,0,37,42,1556360,200409,1.02,100.00
419,0,49,59,61320,108104,11.68,55.25
478,0,11,8,220464,463250,15.89,9.63
1002,0,9,8,1205960,521809,3.43,50.11
1695,0,54,40,1938880,273961,1.12,100.00
169,0,35,48,835120,676371,6.38,27.90
1650,0,50,58,1857120,257438,1.10,100.00
1781,0,35,61,138704,683401,36.10,56.24
547,0,8,35,17520,19962,5.28,85.68
314,0,35,11,29200,605800,115.52,69.58
1442,0,11,49,801544,714346,7.02,65.93
991,0,31,56,819064,109568,1.05,98.48
1451,0,48,43,58400,55925,6.29,96.91
1788,0,3,29,816144,715535,6.91,70.47
1327,0,31,35,8760,110303,41.02,47.16
1634,0,12,8,1280424,660742,4.09,33.14
1385,0,24,7,938784,150578,1.27,98.58
397,0,1,26,4190200,624987,1.19,96.87
541,0,3,18,18984,376991,95.06,100.00
1877,0,12,42,18984,442635,111.61,100.00
1586,0,50,41,8760,31930,11.87,22.45
272,0,1,40,48184,381802,50.13,79.08
1082,0,12,26,24824,378373,80.57,89.99
1617,0,12,25,100744,372771,26.28,100.00
1448,0,63,12,1889240,454468,1.91,98.84
1100,0,63,6,8760,443305,164.86,51.72
278,0,12,51,26280,341859,70.07,100.00
1182,0,63,19,8760,418699,155.71,68.18
1416,0,18,21,59864,13275,1.46,100.00
208,0,48,14,26280,72092,14.78,35.43
1963,0,12,41,8760,332949,123.82,32.75
1158,0,49,23,13144,35719,11.04,35.72
1003,0,12,18,32120,321240,57.27,100.00
863,0,32,8,54024,483248,57.90,10.95
905,0,63,8,11680,404068,132.31,26.32
1154,0,26,3,289080,89222,2.36,97.25
618,0,32,39,45264,432287,59.62,100.00
792,0,9,13,1528624,614591,3.19,99.99
346,0,11,5,1324224,706480,4.23,100.00
752,0,18,33,56944,12914,1.48,100.00
0,0,21,24,52560,78522,9.62,56.21
1819,0,9,5,147464,593605,29.64,97.30
20,0,1,3,788400,517958,5.17,80.82
592,0,54,35,1716960,225825,1.04,100.00
503,0,7,20,954840,141531,1.17,100.00
1704,0,62,0,835120,318064,3.00,38.51
914,0,42,39,1887784,247438,1.04,100.00
83,0,1,22,51104,532739,66.75,73.28
347,0,35,16,1687760,466604,2.20,98.84
1610,0,35,13,46720,451481,60.73,91.95
1911,0,7,35,70080,14803,1.43,100.00
1903,0,35,6,36504,369327,59.99,100.00
897,0,3,22,842424,418249,3.91,100.00
479,0,1,22,338720,557531,12.69,78.38
1247,0,18,36,8760,58861,21.89,13.61
1149,0,12,55,1544680,508479,2.61,100.00
1764,0,20,56,8760,6277,2.33,68.18
1763,0,12,5,20440,490604,118.25,86.99
22,0,45,48,1131504,556744,3.89,53.21
265,0,9,58,1127120,736999,5.17,100.00
482,0,55,51,4390224,557943,1.01,100.00
1533,0,46,19,1808944,231959,1.02,100.00
273,0,12,47,51104,467601,58.59,53.05
1519,0,9,10,42344,658960,95.70,100.00
619,0,46,52,8760,11091,4.12,100.00
1831,0,34,24,2515584,702567,2.22,78.67
1669,0,61,63,732920,148778,1.60,71.03
690,0,12,13,48184,376219,49.40,74.07
322,0,55,37,185424,520144,21.00,100.00
1492,0,7,3,68624,14371,1.41,100.00
1997,0,18,10,61320,13457,1.45,100.00
556,0,20,44,46720,11632,1.56,100.00
769,0,49,7,178120,169825,7.12,98.71
1674,0,32,12,1988520,587194,2.35,100.00
1530,0,54,28,8760,5948,2.21,100.00
111,0,61,31,58400,191383,21.52,82.17
297,0,32,18,27744,543514,107.39,100.00
1904,0,7,15,14600,6286,1.84,100.00
862,0,32,52,8760,541296,201.30,100.00
1768,0,54,57,8760,6965,2.59,100.00
1262,0,7,55,21904,8530,1.97,100.00
259,0,61,17,61320,146129,15.78,95.29
702,0,36,46,8760,9667,3.60,71.38
1371,0,58,0,23360,71959,15.94,14.33
1333,0,7,22,65704,22992,2.34,100.00
842,0,15,36,867240,965373,8.78,94.77
1215,0,36,12,27744,35461,7.01,96.93
1703,0,7,22,62784,34331,3.64,41.35
1733,0,51,48,1268744,750954,4.69,37.15
749,0,12,39,1394304,511695,2.91,98.99
1210,0,26,36,2086344,490141,1.87,85.55
938,0,12,47,8760,506555,188.38,32.75
1200,0,9,22,1514024,649871,3.41,100.00
229,0,49,23,18984,249261,62.85,9.88
1615,0,18,23,106584,183456,12.30,55.34
1459,0,18,39,8760,9058,3.37,100.00
1063,0,53,34,7446000,1068307,1.15,98.31
1576,0,58,19,902280,131525,1.15,100.00
1569,0,53,17,8760,1033909,384.50,100.00
1336,0,53,56,23360,1013415,224.50,99.42
1293,0,21,57,3504000,493317,1.12,100.00
1092,0,4,30,3270400,1162564,2.83,96.86
1889,0,18,28,27744,9260,1.83,100.00
1199,0,4,38,100744,992119,69.94,100.00
337,0,15,27,1111064,1170836,8.33,99.99
1737,0,56,59,8237320,1329207,1.29,83.99
39,0,15,17,8760,1073132,399.08,100.00
431,0,4,52,143080,914882,46.97,100.00
1651,0,15,35,75920,983059,88.69,100.00
1497,0,39,48,1461464,592765,3.22,91.05
915,0,60,0,1295024,657629,4.02,63.10
1335,0,36,3,33584,33705,5.82,91.26
687,0,60,32,36504,554366,90.05,74.85
13,0,9,20,1013240,666137,5.19,100.00
376,0,63,54,4321600,983879,1.82,95.70
1684,0,7,45,74464,27355,2.51,50.71
1542,0,4,29,23360,935213,207.18,30.49
542,0,4,6,8760,869735,323.44,100.00
1873,0,39,8,17520,635187,167.86,24.16
138,0,21,62,1001560,485334,3.83,100.00
1525,0,7,41,40880,39868,5.95,35.06
1648,0,45,11,3242664,603948,1.48,100.00
1225,0,18,24,8760,5649,2.10,100.00
1019,0,63,0,20440,1016342,244.96,33.33
519,0,9,14,24824,673597,143.44,34.23
1953,0,37,59,1118360,886658,6.27,75.60
520,0,9,52,58400,581652,65.40,100.00
1580,0,39,63,8760,623238,231.77,13.61
1152,0,54,17,1065800,230648,1.71,100.00
1945,0,9,48,46720,503731,67.76,100.00
744,0,37,17,39424,395438,60.64,100.00
1028,0,45,14,20440,629090,151.62,32.71
1084,0,55,29,1658560,869094,4.16,65.26
34,0,46,9,103664,18776,1.29,100.00
500,0,45,3,13144,493253,152.43,61.65
988,0,55,15,17520,801154,211.72,53.61
416,0,40,36,2533104,734941,2.31,54.86
1155,0,4,39,693504,831851,9.42,100.00
1472,0,36,40,26280,16387,3.36,82.98
1469,0,4,25,20440,715720,172.50,100.00
775,0,22,30,2719984,1415870,4.14,62.44
1839,0,4,12,16064,689894,191.58,100.00
803,0,40,10,56944,707310,81.20,60.25
1673,0,39,25,497864,636229,9.97,100.00
509,0,39,44,8760,265793,98.84,100.00
1000,0,55,40,181040,733087,30.26,100.00
249,0,7,2,8760,5556,2.07,100.00
864,0,55,31,8760,735206,273.41,100.00
1826,0,37,54,486184,422201,6.77,68.07
373,0,46,39,8760,5561,2.07,100.00
483,0,58,11,1350504,176474,1.04,100.00
828,0,49,30,23360,71589,15.86,31.74
830,0,40,15,259880,752707,22.09,60.11
268,0,49,58,11680,44010,14.41,95.18
661,0,58,34,58400,121850,13.70,100.00
1298,0,40,59,8760,684810,254.67,44.01
1854,0,15,47,638024,1189453,14.62,39.39
274,0,4,55,894984,415381,3.66,100.00
298,0,44,59,1838144,842517,3.64,78.66
923,0,15,52,14600,1149234,336.13,89.24
1226,0,3,49,1794344,1116570,4.94,95.77
1227,0,15,9,30664,908947,167.52,70.64
705,0,7,0,21904,71776,16.57,28.59
1196,0,25,8,1903840,1382035,5.77,39.95
1614,0,42,60,3979960,1010419,2.02,90.83
381,0,40,19,459904,761858,12.90,97.28
1185,0,3,47,160600,1165609,53.79,46.17
1568,0,7,57,61320,13490,1.46,100.00
1626,0,63,20,683280,1219591,14.02,68.26
1666,0,3,22,20440,1118953,269.69,100.00
137,0,63,19,20440,1191103,287.08,99.96
336,0,39,12,1566584,442794,2.24,100.00
1202,0,44,29,835120,862806,8.14,100.00
203,0,40,19,163520,744457,33.79,92.80
1378,0,23,41,6767104,1798808,2.12,99.52
712,0,44,46,45264,513276,70.79,100.00
87,0,36,4,1671704,215281,1.02,100.00
676,0,55,48,1686304,786086,3.70,100.00
1139,0,39,53,90520,391347,30.32,100.00
1429,0,5,60,8462160,1634998,1.54,98.97
1947,0,36,53,8760,81171,30.19,38.65
1936,0,55,37,18984,557440,140.55,48.65
1796,0,43,23,4768360,1438866,2.41,68.67
832,0,55,25,119720,337113,20.36,100.00
1891,0,45,40,2352064,808434,2.73,94.22
1635,0,49,0,8760,83685,31.12,10.20
1146,0,23,49,8760,1523028,566.39,13.61
1086,0,55,36,75920,352284,31.78,100.00
1895,0,45,23,26280,726247,148.85,91.81
1157,0,9,20,1533000,830402,4.30,90.50
1441,0,45,43,17520,736801,194.71,85.68
1278,0,39,0,35040,490320,82.08,30.90
672,0,23,0,16064,1569093,435.74,23.47
1562,0,61,50,470120,143637,2.38,97.40
1359,0,9,56,172280,854333,36.94,100.00
751,0,23,53,21904,1393017,321.64,38.67
385,0,39,15,24824,243804,51.92,40.26
1875,0,45,6,56944,727473,83.51,99.48
1675,0,63,24,188344,1093322,43.50,98.57
1057,0,45,6,8760,717811,266.94,71.38
1490,0,22,0,1658560,1725987,8.26,67.68
484,0,23,41,8760,1011331,376.10,32.75
984,0,63,11,8760,951574,353.88,68.18
486,0,4,45,1864424,657789,2.80,90.79
48,0,63,28,54024,659791,79.05,60.36
810,0,4,26,8760,567917,211.20,68.18
1621,0,9,0,49640,856845,109.87,68.44
438,0,55,1,769424,463643,4.74,71.92
1482,0,26,15,5588880,1169567,1.67,100.00
1129,0,55,10,64240,386934,40.21,41.37
1708,0,4,16,42344,556973,80.88,23.87
136,0,4,43,176664,571990,24.16,100.00
511,0,9,5,659920,880559,10.47,100.00
47,0,37,14,1613304,765974,3.77,80.62
1770,0,37,38,8760,733782,272.88,71.38
352,0,43,45,134320,1719335,93.52,37.72
1529,0,9,4,692040,905831,10.28,100.00
1389,0,23,33,1813320,1072207,4.70,100.00
1187,0,51,10,7529224,1724160,1.83,100.00
1413,0,23,2,8760,1061579,394.79,100.00
1971,0,23,60,8760,1055730,392.61,68.18
1296,0,26,8,23360,1337782,296.36,11.82
1929,0,0,14,4015000,1735507,3.45,99.75
1644,0,51,28,18984,1306044,329.31,32.14
94,0,39,56,1638120,411956,2.00,87.88
1632,0,23,1,55480,990069,116.08,43.62
1753,0,51,7,75920,1224966,110.52,100.00
1023,0,3,53,3758040,1585519,3.36,100.00
1315,0,37,7,719784,840416,9.18,88.81
1020,0,37,40,8760,584977,217.54,71.38
638,0,17,63,9224280,2256752,1.95,99.25
861,0,37,3,24824,545491,116.16,69.42
1177,0,17,43,21904,2010603,464.24,100.00
110,0,17,34,8760,2001860,744.46,100.00
1399,0,43,60,1265824,1621934,10.15,100.00
567,0,27,49,3594520,2142501,4.75,95.30
1087,0,45,13,363544,1027850,21.85,97.72
1546,0,43,59,36504,1576792,256.14,62.55
1849,0,51,61,169360,1098008,48.23,45.42
1583,0,51,11,8760,843227,313.58,68.18
1682,0,43,31,29200,1526471,291.09,100.00
1095,0,45,60,40880,773437,115.37,93.04
562,0,40,16,3165280,1293514,3.26,96.07
1323,0,48,28,9348384,1472120,1.26,99.32
544,0,40,42,8760,1229611,457.27,100.00
1692,0,4,61,623424,836643,10.52,66.23
104,0,4,11,8760,841141,312.81,100.00
1766,0,48,18,65704,1428899,145.72,100.00
1544,0,47,49,4933344,2150024,3.48,60.66
1828,0,59,41,9265160,2089869,1.80,95.18
1181,0,4,61,27744,899189,177.67,34.38
1365,0,26,52,1715504,1567857,7.26,99.26
757,0,27,40,1245384,2126278,13.52,98.91
443,0,23,59,1922824,1212632,5.01,100.00
494,0,26,12,17520,1307342,345.49,85.68
1426,0,27,22,20440,2113860,509.49,99.96
1356,0,5,26,3847104,2368719,4.91,94.15
849,0,26,25,35040,1334947,223.46,55.24
1686,0,26,18,8760,836324,311.02,71.38
53,0,17,24,1984144,2233407,8.95,100.00
518,0,57,30,12878664,2393229,1.49,77.12
967,0,17,44,8760,2230342,829.43,100.00
720,0,40,38,735840,1406291,15.03,100.00
1322,0,46,8,2527264,918753,2.89,47.44
652,0,50,49,4044200,1734663,3.42,50.95
1171,0,55,63,1074560,856511,6.30,48.14
244,0,5,41,953384,2420952,20.05,98.59
754,0,57,14,8760,2288016,850.88,14.54
1607,0,57,13,8760,2304319,856.94,38.65
1844,0,17,40,767960,2129844,21.82,100.00
1780,0,23,14,833664,1331347,12.58,69.14
1687,0,12,45,8792120,1924088,1.75,92.14
1790,0,22,54,3993104,2219135,4.43,96.76
1393,0,23,7,175200,1354309,57.64,100.00
1033,0,12,61,23360,1842498,408.17,36.34
75,0,48,50,2518504,1729338,5.47,100.00
1066,0,41,0,8311784,2493934,2.40,81.29
512,0,48,59,8760,1692704,629.49,100.00
421,0,12,52,14600,1771146,518.03,100.00
1130,0,12,21,16064,1762278,489.39,100.00
1093,0,51,25,3181344,1156547,2.90,100.00
847,0,51,23,11680,1117624,365.95,100.00
354,0,34,61,3241200,2380734,5.85,99.47
267,0,34,11,13144,2077891,642.12,100.00
1055,0,5,31,1483360,2580784,13.80,99.84
924,0,23,51,778184,1433653,14.50,100.00
1898,0,54,35,8009560,1489222,1.49,99.81
535,0,46,17,2016264,1115233,4.40,99.35
1350,0,43,27,2718520,1919218,5.62,76.21
1970,0,57,19,1895080,2389694,10.02,100.00
1408,0,40,54,817600,1667731,16.07,67.13
1358,0,59,38,3431000,2561777,5.95,91.76
1114,0,59,60,27744,2423903,478.94,87.16
1658,0,54,21,410264,1509427,28.55,96.83
1846,0,57,42,35040,2296347,384.39,27.12
1211,0,57,28,8760,2286804,850.43,100.00
1427,0,48,3,1715504,1823985,8.44,100.00
134,0,48,25,18984,1741100,439.01,100.00
1300,0,12,59,1770984,1908620,8.56,100.00
1716,0,54,25,52560,1527862,187.15,81.61
209,0,48,33,154760,1597149,76.28,100.00
843,0,34,24,1521320,2150831,11.22,100.00
235,0,54,44,20440,1398679,337.11,55.54
423,0,48,5,175200,1536054,65.38,100.00
636,0,57,9,604440,2303900,29.86,100.00
1528,0,48,27,14600,1440486,421.32,71.09
490,0,47,63,1893624,2480228,10.41,91.70
361,0,47,23,32120,2219944,395.78,100.00
1888,0,48,27,26280,1338433,274.33,56.22
195,0,41,56,1896544,3010018,12.61,62.64
1657,0,41,6,281784,2742128,74.48,100.00
839,0,41,30,8760,2712106,1008.59,100.00
344,0,41,11,8760,2438026,906.67,100.00
425,0,41,6,46720,2291151,308.20,100.00
1345,0,41,28,39424,2261352,346.78,100.00
963,0,41,24,56944,2166783,248.74,100.00
1251,0,41,43,26280,2061886,422.60,100.00
371,0,22,42,1816240,2627082,11.49,95.79
1681,0,22,53,8760,2456954,913.71,100.00
818,0,22,48,8760,2116600,787.13,100.00
1584,0,41,23,163520,1847295,83.84,100.00
504,0,25,56,7676680,2747705,2.86,99.85
1746,0,25,52,8760,2699265,1003.82,100.00
1191,0,57,42,67160,2443135,244.58,40.29
1739,0,25,63,77384,2675133,237.45,100.00
1317,0,3,20,6825504,2555305,2.99,100.00
1779,0,43,42,2175400,2243385,8.20,95.30
62,0,12,35,2296584,2127673,7.37,100.00
1347,0,4,10,6257560,1684406,2.15,100.00
1821,0,22,39,887680,2211795,19.65,100.00
1264,0,4,50,73000,1646430,153.60,100.00
603,0,22,4,24824,2203435,469.22,100.00
601,0,22,49,8760,2200791,818.44,100.00
1340,0,22,4,58400,2200859,247.45,100.00
1832,0,22,43,147464,2077282,103.73,100.00
231,0,12,46,42344,2100502,305.04,52.47
1522,0,56,63,6699944,3371888,4.02,65.90
795,0,25,45,1388464,2661777,15.20,100.00
177,0,27,15,5838544,2890897,3.95,99.48
646,0,25,51,8760,2594069,964.70,100.00
440,0,12,54,8760,2119920,788.37,20.32
543,0,25,42,18984,2553875,643.94,100.00
414,0,49,16,8739560,1602436,1.46,85.87
353,0,34,12,3194480,2473524,6.17,100.00
1924,0,23,46,1490664,1928387,10.26,52.16
1597,0,47,51,2903944,2588027,7.10,100.00
971,0,47,22,21904,2544086,587.41,100.00
1665,0,47,41,67160,2509876,251.26,100.00
1755,0,43,2,1606000,2072971,10.24,100.00
1699,0,25,54,45264,2499566,344.72,21.71
1059,0,47,27,55480,2355334,276.16,34.32
1841,0,25,5,26280,2440627,500.23,100.00
1007,0,25,2,8760,2419613,899.82,100.00
1374,0,6,1,23437384,3089324,1.05,100.00
1391,0,6,28,26280,2945267,603.66,56.22
845,0,52,61,15792824,3096569,1.57,78.37
59,0,52,17,26280,3074259,630.10,100.00
1548,0,23,48,1616224,2060780,10.12,100.00
1010,0,31,8,8967320,2975884,2.65,62.17
1582,0,25,42,1538840,2573737,13.27,100.00
1453,0,48,44,2068824,1945137,7.48,84.59
1870,0,47,26,438000,2493125,44.25,30.96
1434,0,48,10,73000,1943101,181.28,100.00
1447,0,48,11,8760,1923812,715.44,100.00
1694,0,41,31,4346424,2236558,4.10,100.00
1072,0,47,33,108040,2363141,156.51,89.20
1283,0,41,24,23360,2229678,493.95,100.00
1512,0,27,63,1776824,2956331,13.22,93.79
1103,0,17,40,6501384,3114081,3.82,100.00
1500,0,44,37,5990384,2263703,3.02,83.12
1094,0,6,54,1043904,3146400,23.82,80.83
286,0,6,25,8760,3029350,1126.57,68.18
1938,0,52,36,1779744,3269121,14.59,100.00
538,0,6,40,8760,2850345,1060.00,38.65
932,0,3,40,2315560,2912250,10.01,100.00
1884,0,3,36,49640,2868715,367.83,100.00
1906,0,3,13,73000,2901659,270.70,38.53
7,0,11,27,20511544,3791815,1.48,99.56
1395,0,11,43,8760,3561862,1324.60,100.00
560,0,17,37,77384,3040137,269.85,58.31
1102,0,12,28,3817904,2540294,5.31,100.00
79,0,17,0,26280,3010028,616.94,100.00
997,0,59,34,5590344,3323911,4.75,99.64
1932,0,12,13,8760,2458206,914.17,39.07
1777,0,12,41,45264,2406711,331.91,100.00
501,0,34,53,4263200,3001054,5.61,100.00
1857,0,34,23,8760,2889302,1074.49,100.00
1950,0,34,43,26280,2401880,492.29,100.00
36,0,11,25,713944,3611971,39.76,100.00
1787,0,34,51,23360,2405232,532.84,100.00
959,0,27,22,932944,3125707,26.44,56.71
201,0,27,38,8760,3089687,1149.01,100.00
887,0,27,4,8760,3033168,1127.99,100.00
669,0,44,40,858480,2298274,21.10,98.52
1164,0,27,21,65704,2841073,289.73,100.00
1791,0,44,14,36504,2289848,371.97,99.20
14,0,44,12,42344,2252948,327.18,76.94
1379,0,41,63,1725720,2397093,11.03,95.89
1726,0,12,16,1547600,2543596,13.04,100.00
1110,0,30,13,3812064,3728441,7.80,100.05
846,0,30,51,10224,3578044,1246.27,100.00
142,0,57,6,7834360,3096057,3.16,100.00
840,0,11,52,1598704,3672108,18.23,100.00
593,0,11,29,8760,3651724,1358.02,100.00
310,0,48,56,3714240,2365175,5.08,100.00
552,0,6,22,2727280,2972357,8.68,98.96
1628,0,57,5,386904,3059752,61.25,96.36
481,0,57,29,26280,2935428,601.65,67.33
1883,0,9,26,14772280,2924735,1.58,99.69
497,0,6,34,375224,2899874,59.80,98.92
1759,0,9,62,67160,2659227,266.22,100.00
584,0,9,57,23360,2490283,551.68,53.30
1742,0,12,11,1673160,2755141,13.07,100.00
185,0,57,51,712480,2865868,31.61,98.11
1321,0,12,7,56944,2710626,311.17,100.00
741,0,12,57,73000,2685121,250.50,41.75
1872,0,12,21,8760,2619359,974.10,100.00
1915,0,31,18,6019584,3668757,4.87,99.74
913,0,31,33,42344,3641053,528.76,100.00
178,0,17,7,4782960,3608041,6.02,100.00
131,0,17,54,8760,3019566,1122.93,100.00
355,0,23,49,3318584,2873384,6.90,97.70
763,0,25,10,6704320,2864521,3.41,100.00
626,0,23,55,42344,2857373,414.95,100.00
224,0,43,47,8541000,3094915,2.89,100.00
608,0,23,52,65704,2848417,290.48,100.00
256,0,23,37,8760,2816366,1047.37,58.06
1176,0,23,20,8760,2788832,1037.13,100.00
1509,0,47,37,3917184,2834861,5.77,84.28
1357,0,3,42,5756784,3599494,4.99,100.00
1265,0,17,51,696424,3061088,34.53,100.00
1609,0,27,57,4600464,3426884,5.94,100.00
471,0,30,50,3591600,4001436,8.88,100.00
1745,0,27,5,56944,3391177,389.30,100.00
1887,0,30,57,121184,3958543,236.46,90.15
1054,0,56,49,5445800,4544242,6.66,71.73
64,0,49,63,3793080,2884202,6.06,75.30
1940,0,60,46,21231320,3644588,1.37,86.33
1079,0,11,4,4412120,4054142,7.33,100.00
685,0,60,44,21904,3556555,821.19,100.00
73,0,56,59,37960,4497996,709.58,19.43
1011,0,60,47,45264,3183319,439.02,100.00
260,0,60,43,21904,3168794,731.65,100.00
1813,0,11,48,186880,3954166,158.46,100.00
806,0,11,43,8760,3849826,1431.69,100.00
210,0,60,55,71544,2942176,279.25,100.00
166,0,11,5,8760,3818547,1420.06,47.16
485,0,27,52,1608920,3477217,17.15,100.00
1993,0,27,57,36504,3460225,562.09,74.04
736,0,27,26,18984,3389536,854.65,100.00
1242,0,9,2,4571264,3051097,5.32,100.00
1263,0,43,17,2733120,3367930,9.81,100.00
799,0,31,6,4050040,3484707,6.86,100.00
1390,0,31,21,14600,3360669,982.94,100.00
723,0,31,54,8760,3346666,1244.58,100.00
342,0,11,1,1347584,3866748,22.74,100.00
1655,0,42,13,22197840,4237915,1.53,99.86
1728,0,11,30,690584,3857375,43.88,100.00
1885,0,3,50,4003320,4094447,8.16,100.00
1965,0,30,34,3670440,4310008,9.36,100.00
1784,0,3,1,21904,4089794,944.31,100.00
1943,0,3,26,40880,4093434,610.60,100.00
1454,0,30,27,670144,4298755,50.36,100.00
1914,0,11,3,1166544,3912527,26.54,100.00
1235,0,3,10,600064,4093876,53.44,100.00
827,0,11,3,64240,3847532,399.79,100.00
834,0,3,19,8760,3990088,1483.86,28.40
1750,0,31,12,2682024,3666643,10.89,100.00
1067,0,31,51,125560,3669251,212.23,100.00
1456,0,30,34,1388464,4371107,24.96,100.00
250,0,30,47,8760,3574269,1329.22,100.00
722,0,3,38,2007504,3960187,15.68,100.00
1272,0,3,12,13144,3830619,1183.75,100.00
1593,0,3,53,24824,3810090,811.35,100.00
530,0,3,27,24824,3753596,799.32,100.00
647,0,14,24,5237024,5592683,8.52,100.17
1550,0,27,59,4450080,4124734,7.39,90.88
1428,0,27,11,8760,4089604,1520.86,100.00
345,0,56,19,3518600,5339834,12.10,100.00
767,0,27,21,24824,3992719,850.24,100.00
1554,0,56,14,17520,5340809,1411.42,100.00
980,0,56,26,132864,5300875,291.24,100.00
1145,0,56,53,46720,5249684,706.17,100.00
1555,0,3,52,1211800,3885401,25.38,100.00
343,0,56,15,40880,5212905,777.58,100.00
154,0,42,5,3810600,4677153,9.79,87.32
1405,0,17,19,5701304,4134349,5.79,100.00
534,0,41,15,13576544,4083390,2.40,100.00
1630,0,56,31,1197200,5278208,34.90,100.00
1474,0,22,59,5171320,4603416,7.10,91.45
1342,0,22,0,8760,4477044,1664.95,38.65
1339,0,56,19,373760,5300075,109.70,100.00
639,0,56,28,8760,5178121,1925.67,100.00
1381,0,42,45,2122840,4930633,18.47,100.00
213,0,14,10,3308360,5964932,14.37,100.00
1845,0,42,12,23360,4868079,1078.44,100.00
115,0,42,52,16064,4691458,1302.82,100.00
384,0,42,47,55480,4538965,532.18,100.00
1124,0,42,48,296384,4527806,117.18,100.00
574,0,42,16,35040,4455998,745.90,100.00
1208,0,11,63,7031360,4636267,5.27,100.00
106,0,11,6,8760,4553429,1693.35,68.18
1871,0,34,0,15963640,4430208,2.22,100.00
1581,0,20,0,3714240,5050132,10.84,100.24
1170,0,58,14,2879120,4615523,12.77,67.50
92,0,38,29,6098424,6371614,8.34,72.12
1698,0,11,45,4780040,5145097,8.59,99.22
1217,0,22,11,7627040,5259194,5.51,100.00
1455,0,20,59,5749480,5553776,7.71,94.16
919,0,20,51,67160,5431301,543.73,100.00
668,0,20,18,1100840,5447970,39.14,100.00
151,0,20,15,140160,5386270,281.80,100.00
729,0,59,28,26976424,6530117,1.94,99.90
1923,0,0,8,3747824,6785722,14.44,100.26
1552,0,20,30,1903840,5607443,23.41,100.00
369,0,57,61,24590784,5832848,1.90,99.79
318,0,59,16,1296480,6726790,41.10,78.58
575,0,59,56,33584,6683455,1154.11,100.00
1981,0,59,3,35040,6345785,1062.23,48.75
941,0,3,44,7710264,5864589,6.07,100.00
866,0,38,40,8743944,7604265,6.95,98.17
246,0,10,23,5269144,7704828,11.67,100.25
1866,0,10,12,410264,7746048,146.49,100.00
1588,0,10,13,40880,7688888,1146.91,100.00
776,0,10,28,8760,7661898,2849.35,100.00
1015,0,10,49,908120,7856503,68.25,96.99
814,0,10,8,43800,7464170,1055.90,100.00
398,0,10,13,24824,7452146,1586.91,100.00
907,0,10,50,68624,7250549,712.86,100.00
630,0,10,9,8760,6946430,2583.28,100.00
1004,0,10,3,37960,6905847,1089.42,48.12
467,0,10,42,200024,6829431,256.78,100.00
72,0,10,0,96360,6775731,496.79,100.00
898,0,10,5,18984,6749598,1701.87,100.00
1105,0,14,16,13989720,7790188,4.45,99.27
1627,0,14,10,11680,7776941,2546.48,100.00
453,0,10,2,71544,6716666,637.50,100.00
1619,0,10,63,52560,6556580,803.11,100.00
1566,0,14,24,77384,7757939,688.62,100.00
1977,0,10,19,8760,6497845,2416.45,100.00
1643,0,14,16,30664,7607743,1402.09,100.00
1136,0,14,23,40880,7586423,1131.63,100.00
1934,0,57,48,5467704,6456195,9.42,100.00
74,0,59,19,4866184,6948443,11.39,100.00
206,0,59,58,1068720,6996548,51.76,100.00
882,0,59,20,8760,6980015,2595.77,100.00
367,0,59,6,49640,6733992,863.44,100.00
331,0,10,37,3108344,6888710,17.66,100.00
528,0,38,15,6298440,8042517,10.19,100.00
316,0,10,0,671600,6921970,80.92,100.00
1276,0,14,40,4505560,8117078,14.37,100.00
711,0,19,14,6066304,8407349,11.06,86.12
1162,0,19,29,17520,8339466,2203.88,100.00
688,0,19,40,724160,8376256,90.93,100.00
220,0,56,3,24751384,8136859,2.63,100.00
718,0,56,53,369384,8153140,170.69,100.00
936,0,63,44,26820200,7420704,2.21,92.66
1622,0,63,10,8760,7407470,2754.73,100.00
1851,0,38,28,5458944,8689235,12.70,100.00
112,0,38,6,37960,7946321,1253.56,100.00
460,0,38,0,8760,7948729,2956.02,38.65
1641,0,14,0,4861800,8717314,14.31,100.00
1778,0,14,16,21904,8698632,2008.46,100.00
125,0,14,6,8760,8691043,3232.07,100.00
1894,0,19,10,4396064,8689085,15.77,100.00
1056,0,0,52,17569640,8971961,4.08,100.00
1715,0,0,48,30664,8844435,1630.01,100.00
628,0,19,22,862864,8506860,77.72,100.00
1727,0,19,23,23360,8380105,1856.47,100.00
625,0,19,39,8760,8371270,3113.15,100.00
651,0,38,42,4622360,8429523,14.55,100.00
1257,0,38,56,8760,8369202,3112.38,100.00
699,0,56,60,6152440,8780091,11.39,100.00
28,0,56,52,1086240,8907116,64.84,100.00
1868,0,56,25,62784,8914982,944.28,100.00
100,0,19,31,3204704,8711147,21.66,100.00
1798,0,56,29,8760,8899015,3309.41,100.00
823,0,56,59,56944,8808370,1011.18,100.00
1042,0,14,6,6717464,9321303,11.08,100.00
1942,0,14,52,8760,9222389,3429.67,100.00
949,0,0,10,4813624,9432735,15.64,100.00
698,0,0,57,8760,9152702,3403.76,100.00
540,0,19,13,2039624,8863435,34.55,100.00
1270,0,14,3,1708200,9395277,43.67,100.00
1006,0,5,46,3314200,9922997,23.86,100.45
1713,0,5,18,115344,9912896,619.13,100.00
1106,0,38,20,5864824,9144591,12.45,100.00
663,0,38,33,61320,8960962,967.81,100.00
985,0,14,1,1159240,9648918,65.86,100.00
890,0,14,55,8760,9477764,3524.64,100.00
807,0,14,18,23360,9437261,2090.66,100.00
1316,0,0,51,3793080,9616332,20.21,100.00
27,0,0,49,10224,9566486,3332.11,100.00
707,0,14,4,43800,9154877,1295.07,100.00
1991,0,0,20,71544,9324292,884.99,100.00
251,0,14,4,24824,9163790,1951.40,40.17
910,0,0,62,8760,9257784,3442.84,100.00
1702,0,14,23,27744,8921141,1762.72,100.00
1137,0,29,49,9745504,10157932,8.33,94.15
573,0,29,54,246744,10191688,314.21,100.00
1436,0,29,14,8760,10029332,3729.76,100.00
1495,0,5,26,3946384,10406861,21.03,100.00
1467,0,5,18,52560,9913488,1214.29,100.00
445,0,5,30,58400,9822460,1104.39,100.00
860,0,14,11,1788504,9110022,40.46,100.00
554,0,29,0,1356344,10087923,58.95,100.00
1881,0,14,23,2682024,9430796,28.00,100.00
1240,0,19,4,9237424,9980585,8.63,100.00
1954,0,29,32,4387304,10550558,19.18,100.00
1747,0,29,52,8760,10539345,3919.43,100.00
1805,0,38,44,7505864,9749804,10.37,100.00
788,0,29,14,1007400,10262113,80.48,100.00
1132,0,29,47,75920,10253057,925.03,100.00
911,0,29,43,32120,9949583,1773.86,100.00
257,0,5,39,8557064,10837458,10.12,100.00
1595,0,19,61,4070480,10479467,20.53,100.00
826,0,56,1,14303624,10659729,5.96,100.00
1017,0,19,1,8760,10203316,3794.46,100.00
150,0,5,35,119720,10854902,655.53,100.00
1639,0,56,6,915424,10623445,91.56,100.00
149,0,56,24,8760,10452981,3887.31,100.00
1663,0,29,28,3674824,10323587,22.40,100.00
1930,0,5,11,1112520,10815958,76.89,100.00
1268,0,5,51,1588480,11019177,55.05,100.00
920,0,5,3,8760,10959991,4075.86,100.00
477,0,5,40,509544,10900997,166.97,100.00
1816,0,6,5,10440464,11412888,8.73,100.14
1585,0,56,14,6318880,11223777,14.18,100.00
877,0,6,43,1733024,11425594,52.36,100.00
852,0,6,48,14600,11383663,3329.53,42.40
263,0,0,35,21340824,11789316,4.42,100.00
437,0,0,50,8760,11621205,4321.76,100.00
1504,0,0,15,74464,11596868,1063.84,100.00
1882,0,5,48,7781800,11894365,12.21,100.00
829,0,6,13,3341944,11765090,28.06,100.00
1969,0,5,37,3890904,12390322,25.39,100.00
1718,0,5,34,1706744,12497315,58.14,100.00
1946,0,5,7,6661984,13282068,15.92,100.00
1116,0,5,37,3985800,13782573,27.58,100.00
1128,0,5,4,37960,13762713,2171.12,100.00
1515,0,5,45,2480544,13994464,44.90,100.00
794,0,33,49,7377384,17637424,19.09,76.66
435,0,33,58,4090920,18109466,35.30,100.00
1861,0,33,6,170824,18079846,787.93,100.00
1048,0,33,56,1268744,18253440,113.95,81.34
548,0,33,34,21904,17718591,4091.11,100.00
704,0,33,22,1535920,17872365,92.32,100.00
71,0,33,43,1632280,17590254,85.54,100.00
1523,0,33,51,3175504,17990891,45.14,100.00
1925,0,33,12,2833864,18203984,51.16,100.00
1902,0,33,29,48184,17872319,2346.68,100.00
1398,0,8,20,23197944,22659544,7.81,100.19
793,0,8,9,48184,22540037,2959.56,100.00
350,0,8,2,96360,22518686,1651.05,100.00
212,0,8,21,27744,22393935,4424.80,100.00
1284,0,8,33,55480,22310537,2615.84,100.00
103,0,8,42,7082464,23123328,26.07,100.00
539,0,8,20,45264,23001118,3172.13,100.00
1220,0,8,41,8495744,23973950,22.54,100.00
181,0,8,57,27744,23916113,4725.57,100.00
1440,0,8,46,91984,23745890,1813.91,100.00
1373,0,8,44,2312640,24015441,82.62,100.00
1823,0,2,8,12712224,28064658,17.64,99.55
1021,0,2,16,8444640,29153458,27.58,99.98
2,0,2,48,48184,29008864,3808.94,100.00
1299,0,2,3,75920,28989660,2615.45,100.00
886,0,2,51,1297944,29108963,177.67,100.00
1975,0,2,57,45264,29053812,4006.87,100.00
1717,0,2,41,3009064,29411815,77.87,100.00
156,0,2,8,931480,29446565,249.49,100.00
1806,0,2,15,70080,29435651,2842.93,100.00
393,0,2,58,1649800,29252520,140.76,100.00
1735,0,2,13,8760,29197189,10858.01,100.00
205,0,15,63,3312744,31176052,75.00,101.86
360,0,15,46,108040,31168727,2064.29,100.00
1446,0,15,51,156224,31163006,1475.45,100.00
1141,0,15,17,255504,31194273,930.31,100.00
324,0,15,4,68624,31164339,3064.04,100.00
770,0,2,32,17070320,31327110,14.67,100.00
215,0,15,13,1997280,31381099,124.90,100.00
1994,0,15,5,18984,31320493,7897.25,100.00
1412,0,15,2,67160,31321895,3135.64,100.00
462,0,2,27,880384,31373967,281.03,100.00
1144,0,15,13,33584,31299284,5404.82,100.00
472,0,15,21,876000,31343013,282.13,100.00
708,0,15,13,8760,31312219,11644.56,100.00
1731,0,15,39,52560,31222838,3824.45,100.00
1233,0,2,30,2993000,31736027,84.47,100.00
1410,0,2,62,84680,31734686,2605.69,100.00
559,0,2,54,26280,31547467,6465.97,100.00
1041,0,2,1,18984,31467718,7934.37,100.00
947,0,2,25,17520,31461482,8314.35,100.00
1507,0,4,59,7250360,31174974,34.34,100.81
368,0,2,17,8760,31274666,11630.59,100.00
80,0,4,54,2417760,31402994,103.36,100.00
19,0,2,53,3578464,31674825,70.56,100.00
1348,0,2,4,24824,31626377,6734.75,100.00
356,0,15,7,6772944,32065885,37.80,100.00
58,0,15,11,1962240,32229675,130.55,100.00
526,0,15,42,186880,32233606,1291.72,100.00
1449,0,2,51,5548000,32243543,46.39,100.00
1234,0,15,44,5666264,32918091,46.37,100.00
1949,0,15,52,49640,32790433,4204.44,100.00
737,0,15,5,26280,32789103,6720.46,100.00
570,0,15,31,4085080,33235201,64.88,100.00
1273,0,16,23,7924880,40549459,40.87,93.04
255,0,16,8,55480,40553489,4754.78,100.00
1089,0,16,5,59864,40557616,4468.67,100.00
269,0,16,39,26280,40430112,8286.56,100.00
1071,0,16,47,8760,40335590,15000.22,100.00
97,0,16,59,8760,40311155,14991.13,100.00
868,0,16,57,1820624,40340249,176.03,100.00
1122,0,16,26,8760,40118056,14919.32,100.00
896,0,16,63,8760,40017770,14882.03,100.00
1892,0,16,1,13144,39793973,12297.27,100.00
1310,0,16,3,8760,39611556,14730.96,100.00
306,0,16,55,576704,39567831,537.02,100.00
1959,0,50,44,8330760,46487742,44.57,86.76
1596,0,50,7,1359264,46602943,271.74,100.00
746,0,50,45,61320,46154427,4984.82,100.00
1908,0,52,59,20178664,47320750,18.75,96.96
1282,0,50,47,2427984,46399418,152.08,100.00
835,0,52,53,20257504,49676330,19.61,100.00
1301,0,52,54,20440,49401031,11906.73,100.00
339,0,52,32,21904,49344153,11393.25,100.00
401,0,52,6,5193224,49833819,76.58,100.00
1109,0,52,25,3504000,50253424,114.32,100.00
221,0,52,0,65704,49973837,5096.25,100.00
407,0,52,0,46720,49855764,6706.45,100.00
1160,0,52,36,23360,49793507,11030.91,100.00
633,0,52,36,8760,49783039,18513.59,100.00
1386,0,24,8,25887264,70696785,21.84,99.04
491,0,24,4,13144,70682909,21842.68,100.00
613,0,24,1,5066200,71195680,112.14,100.00
1161,0,24,45,8760,71179385,26470.58,100.00
777,0,24,8,851184,71240781,659.69,100.00
1346,0,24,18,8760,70953570,26386.60,100.00
695,0,32,0,24808320,89352190,28.80,96.07
463,0,32,31,24824,89013390,18955.15,100.00
1415,0,32,41,1300864,89072666,542.46,100.00
1830,0,32,31,2420680,89219912,293.31,100.00
1858,0,32,45,70080,88998480,8595.56,100.00
624,0,1,47,15297880,90329515,47.20,101.18
1789,0,1,43,8760,90315151,33586.89,100.00
1014,0,32,14,2938984,89324542,242.09,100.00
1939,0,32,11,55480,89222533,10461.08,100.00
1424,0,32,36,74464,89099119,8173.48,100.00
328,0,1,21,830744,90377087,857.17,100.00
1563,0,32,50,354784,89096657,1939.37,100.00
833,0,1,5,3349240,90596783,215.58,100.00
758,0,1,48,24824,90413377,19253.27,100.00
240,0,1,10,68624,90374892,8885.55,100.00
1801,0,1,60,1408904,90348688,508.42,100.00
1647,0,1,28,58400,90259175,10148.32,100.00
1074,0,1,61,23360,90134416,19967.75,100.00
587,0,1,9,237984,90013245,2872.06,100.00
716,0,1,56,36504,89896171,14603.02,100.00
302,0,62,14,24252064,169772015,55.97,85.90
671,0,62,45,1830840,169998727,737.68,100.00
26,0,62,60,8760,169947775,63201.11,100.00
1486,0,62,5,181040,169948682,7015.72,100.00
1909,0,62,49,1068720,170084875,1258.17,100.00
65,0,62,9,65704,170051638,17341.59,100.00
459,0,62,57,586920,169953706,2267.29,100.00
411,0,62,41,376680,169755585,3487.24,100.00
219,0,62,13,73000,169748771,15836.25,100.00
394,0,62,18,9082664,170677680,150.12,100.00
1013,0,62,33,14600,170652297,49912.93,100.00
901,0,62,53,39424,170619476,26164.62,100.00
1705,0,62,18,58400,170517606,19172.21,100.00
1696,0,62,38,1166544,170526980,1156.81,100.00
1135,0,62,8,8760,170507530,63409.27,100.00
1890,0,21,37,24920744,183362188,58.83,101.42
1052,0,21,55,51104,183197088,22954.15,100.00
1123,0,21,40,23360,183108846,40564.65,100.00
1414,0,21,39,2756480,183260363,529.42,100.00
555,0,21,7,3993104,183763754,366.99,100.00
1267,0,21,23,889144,183666087,1629.17,100.00
1579,0,28,48,29179560,214231291,58.71,97.91
1046,0,28,31,56944,214222212,24592.15,98.87
622,0,28,27,18984,214279856,54029.21,96.66
581,0,28,16,36504,214273910,34807.33,98.23
1355,0,28,59,8760,214151569,79639.85,100.00
1601,0,28,11,24824,214121345,45596.54,100.00
956,0,28,23,8760,214096454,79619.36,100.00
791,0,28,12,3867544,214438699,442.11,100.00
950,0,28,41,21904,214220183,49462.06,100.00
468,0,28,10,982584,214205440,1721.69,100.00
308,0,28,33,8760,213330746,79334.60,100.00
1439,0,13,29,6225440,228718808,293.31,99.02
631,0,13,48,46720,228700955,30764.19,100.00
239,0,13,14,13050944,230120595,140.92,100.00
1325,0,13,47,43800,230123512,32553.90,100.00
1394,0,13,28,4077784,230552584,450.90,100.00
599,0,13,34,4793184,231045291,384.60,100.00
420,0,13,32,8760,230902128,85869.14,100.00
894,0,13,19,1770984,231055184,1036.28,100.00
1852,0,13,32,59864,231039649,25456.11,100.00
1572,0,13,57,48184,230967910,30326.67,100.00
801,0,13,44,35040,230716177,38620.05,100.00
1143,0,13,11,931480,230752575,1955.05,100.00
1245,0,13,28,8760,230541317,85734.96,100.00
1166,0,40,37,7498560,252361619,268.78,93.08
981,0,40,0,55480,252024505,29549.13,100.00
978,0,35,61,25431744,377277738,118.62,96.13
798,0,35,11,9400944,378386458,321.56,100.00
701,0,35,39,1933040,378177614,1554.85,100.00
304,0,35,19,71544,377997988,35876.80,100.00
5,0,35,1,46720,377926908,50837.63,100.00
1279,0,35,46,58400,377600978,42455.70,100.00
