FlowID,Type,Src,Dst,FlowSize,FCT,Slowdown,Xput
4301,0,36,53,24,1597,1.00,100.00
871,0,37,10,24,1597,1.00,100.00
2048,0,23,7,24,1597,1.00,100.00
808,0,19,37,10704,2932,1.00,100.00
413,0,13,25,138600,20238,1.07,100.00
1296,0,52,57,4624,2172,1.00,100.00
3244,0,51,30,7784,2567,1.00,100.00
2587,0,17,56,4624,2172,1.00,100.00
1161,0,60,44,24,1597,1.00,100.00
4240,0,22,23,11824,3072,1.00,100.00
306,0,47,22,4624,2172,1.00,100.00
1138,0,46,3,24,1597,1.00,100.00
3771,0,44,30,12280,3129,1.00,100.00
3940,0,17,54,43120,8303,1.19,100.00
4365,0,27,45,24,1597,1.00,100.00
3051,0,25,8,4624,2172,1.00,100.00
2616,0,44,15,12144,3112,1.00,100.00
752,0,33,40,9240,2749,1.00,100.00
4831,0,26,52,24,1597,1.00,100.00
2487,0,38,4,341264,45571,1.03,100.00
4997,0,21,9,18304,5201,1.34,100.00
3436,0,44,1,4624,2172,1.00,100.00
5057,0,14,41,4624,2172,1.00,100.00
5424,0,63,18,4936,2211,1.00,100.00
361,0,48,42,24,1597,1.00,100.00
5490,0,19,48,24,1597,1.00,100.00
4536,0,23,54,13896,3331,1.00,100.00
3483,0,9,20,24,1597,1.00,100.00
3166,0,58,53,24,1597,1.00,100.00
5313,0,48,46,24,1597,1.00,100.00
4425,0,17,8,4624,2172,1.00,100.00
1522,0,42,32,12904,3207,1.00,100.00
2282,0,6,39,116816,17515,1.08,100.00
5386,0,41,59,7984,2592,1.00,100.00
6081,0,4,7,24,1597,1.00,100.00
2209,0,0,34,63000,10788,1.14,100.00
859,0,13,31,73920,12153,1.12,100.00
4744,0,50,43,24,1597,1.00,100.00
974,0,34,35,20848,5519,1.31,100.00
3323,0,52,61,24,1597,1.00,100.00
3255,0,24,14,6368,2390,1.00,100.00
704,0,17,41,69304,11576,1.13,100.00
5075,0,39,29,24,1597,1.00,100.00
3937,0,7,8,4624,2172,1.00,100.00
4878,0,56,1,7512,2533,1.00,100.00
2541,0,26,5,24,1597,1.00,100.00
1211,0,0,43,5088,2230,1.00,100.00
3381,0,47,38,24,1597,1.00,100.00
4256,0,60,26,17152,5057,1.35,100.00
1952,0,49,41,24,1597,1.00,100.00
3794,0,45,56,9656,2801,1.00,100.00
3127,0,7,29,24,1597,1.00,100.00
4596,0,35,2,24,1597,1.00,100.00
2719,0,41,0,5584,2292,1.00,100.00
2386,0,9,49,24,1597,1.00,100.00
257,0,26,28,69304,11576,1.13,100.00
2845,0,59,50,24,1597,1.00,100.00
2665,0,29,21,22048,5669,1.30,100.00
1011,0,27,63,24,1597,1.00,100.00
4606,0,21,32,42688,8249,1.19,100.00
1115,0,35,39,5720,2309,1.00,100.00
1729,0,31,38,24,1597,1.00,100.00
900,0,57,62,4624,2172,1.00,100.00
3329,0,27,17,9240,2749,1.00,100.00
177,0,24,63,4624,2172,1.00,100.00
3230,0,62,26,4624,2172,1.00,100.00
5193,0,43,20,8424,2647,1.00,100.00
833,0,19,6,4624,2172,1.00,100.00
447,0,2,32,24,1597,1.00,100.00
1137,0,41,34,24,1597,1.00,100.00
5115,0,19,52,4624,2172,1.00,100.00
4107,0,39,18,30936,6780,1.24,100.00
1567,0,21,36,7248,2500,1.00,100.00
1411,0,54,53,24,1597,1.00,100.00
3416,0,61,59,37432,7592,1.21,100.00
618,0,24,32,4888,2205,1.00,100.00
4510,0,58,5,6944,2462,1.00,100.00
4506,0,8,53,15352,3513,1.00,100.00
4212,0,59,53,4624,2172,1.00,100.00
3446,0,33,60,4624,2172,1.00,100.00
452,0,13,32,11704,3057,1.00,100.00
2524,0,11,2,18464,5221,1.34,100.00
4968,0,61,16,24,1597,1.00,100.00
3173,0,46,0,4624,2172,1.00,100.00
2478,0,5,4,5456,2276,1.00,100.00
2040,0,32,20,4944,2212,1.00,100.00
5939,0,62,11,6232,2373,1.00,100.00
2476,0,44,52,24,1597,1.00,100.00
1677,0,23,2,24,1597,1.00,100.00
785,0,8,7,4624,2172,1.00,100.00
2115,0,14,40,69304,11576,1.13,100.00
3045,0,9,35,24,1597,1.00,100.00
5833,0,61,10,24,1597,1.00,100.00
3591,0,41,15,4624,2172,1.00,100.00
2241,0,12,20,24,1597,1.00,100.00
5656,0,27,57,4624,2172,1.00,100.00
3982,0,17,9,24,1597,1.00,100.00
285,0,32,2,7680,2554,1.00,100.00
5216,0,53,54,5312,2258,1.00,100.00
1866,0,49,20,24,1597,1.00,100.00
1348,0,62,38,14496,3406,1.00,100.00
2104,0,41,54,221760,30633,1.04,100.00
4473,0,0,58,24,1597,1.00,100.00
2785,0,3,57,4624,2172,1.00,100.00
1468,0,14,61,4624,2172,1.00,100.00
5959,0,27,39,4624,2172,1.00,100.00
329,0,62,61,8600,2669,1.00,100.00
567,0,6,34,24,1597,1.00,100.00
4248,0,35,25,24,1597,1.00,100.00
3179,0,6,2,4624,2172,1.00,100.00
312,0,5,60,24,1597,1.00,100.00
1188,0,16,46,24,1597,1.00,100.00
5360,0,31,30,5808,2320,1.00,100.00
575,0,16,40,24,1597,1.00,100.00
3197,0,14,43,27848,6394,1.26,100.00
2574,0,41,35,24,1597,1.00,100.00
2479,0,26,41,24,1597,1.00,100.00
1303,0,59,55,24,1597,1.00,100.00
1842,0,33,26,15520,3534,1.00,100.00
2098,0,57,17,24,1597,1.00,100.00
4548,0,26,53,4624,2172,1.00,100.00
1320,0,19,11,4624,2172,1.00,100.00
417,0,55,30,24,1597,1.00,100.00
5429,0,31,9,24,1597,1.00,100.00
1212,0,38,3,69304,11576,1.13,100.00
6032,0,4,5,24,1597,1.00,100.00
3028,0,53,23,24,1597,1.00,100.00
5355,0,45,48,4624,2172,1.00,100.00
2597,0,3,12,7696,2556,1.00,100.00
4233,0,38,36,24,1597,1.00,100.00
5065,0,33,50,24,1597,1.00,100.00
737,0,25,24,5640,2299,1.00,100.00
5790,0,30,35,10448,2900,1.00,100.00
6064,0,28,35,24,1597,1.00,100.00
828,0,24,32,13408,3270,1.00,100.00
5734,0,12,19,24,1597,1.00,100.00
20,0,37,63,85856,13645,1.11,100.00
5552,0,5,47,4624,2172,1.00,100.00
214,0,54,12,24,1597,1.00,100.00
4149,0,31,47,24,1597,1.00,100.00
2576,0,41,4,24,1597,1.00,100.00
860,0,5,50,4624,2172,1.00,100.00
532,0,48,13,4624,2172,1.00,100.00
3553,0,35,45,4624,2172,1.00,100.00
2506,0,11,12,24,1597,1.00,100.00
2489,0,5,60,10536,2911,1.00,100.00
3740,0,18,59,4624,2172,1.00,100.00
1790,0,17,56,4624,2172,1.00,100.00
4612,0,6,11,24,1597,1.00,100.00
756,0,23,4,153464,22096,1.06,100.00
2957,0,35,10,4624,2172,1.00,100.00
3575,0,34,10,24,1597,1.00,100.00
1778,0,30,31,4624,2172,1.00,100.00
6116,0,55,16,4624,2172,1.00,100.00
813,0,37,40,9680,2804,1.00,100.00
1065,0,47,60,4624,2172,1.00,100.00
2632,0,40,17,5608,2295,1.00,100.00
4737,0,21,3,4624,2172,1.00,100.00
1354,0,44,38,9240,2749,1.00,100.00
763,0,10,49,24,1597,1.00,100.00
4589,0,1,16,13864,3327,1.00,100.00
3485,0,1,55,4624,4025,1.85,100.00
5775,0,9,62,4624,2172,1.00,100.00
1578,0,6,45,4624,2172,1.00,100.00
5914,0,32,12,4624,2172,1.00,100.00
5149,0,7,55,4624,2172,1.00,100.00
3214,0,8,1,9240,2749,1.00,100.00
2242,0,31,45,133984,19661,1.07,100.00
2303,0,27,6,4624,2172,1.00,100.00
406,0,8,62,19728,5379,1.33,100.00
3324,0,26,33,4624,2172,1.00,100.00
4975,0,6,29,4624,2172,1.00,100.00
4549,0,10,36,24,1597,1.00,100.00
4700,0,39,10,24,1597,1.00,100.00
1006,0,49,30,4624,2172,1.00,100.00
1092,0,30,49,4624,2172,1.00,100.00
2039,0,56,1,29944,6656,1.25,100.00
401,0,13,19,4624,2172,1.00,100.00
2112,0,6,54,4624,2172,1.00,100.00
796,0,63,6,24,1597,1.00,100.00
3204,0,27,50,24,1597,1.00,100.00
5644,0,8,5,8592,2668,1.00,100.00
3801,0,33,48,4624,2172,1.00,100.00
5480,0,4,58,24,1597,1.00,100.00
4862,0,21,63,10752,2938,1.00,100.00
5977,0,44,31,40040,7918,1.20,100.00
5366,0,57,19,24,1597,1.00,100.00
571,0,39,6,4624,2172,1.00,100.00
1395,0,31,53,24,1597,1.00,100.00
3739,0,48,61,24,1597,1.00,100.00
909,0,16,17,4624,2172,1.00,100.00
5756,0,52,0,24,1597,1.00,100.00
4911,0,31,49,4624,2172,1.00,100.00
5363,0,42,29,4624,2172,1.00,100.00
1485,0,61,26,17512,5102,1.35,100.00
2333,0,17,52,8296,2631,1.00,100.00
3930,0,46,35,4624,2172,1.00,100.00
1513,0,15,29,24,1597,1.00,100.00
3893,0,37,43,12224,3122,1.00,100.00
1056,0,34,63,24,1597,1.00,100.00
3165,0,53,10,11656,3051,1.00,100.00
2201,0,29,20,4624,2172,1.00,100.00
341,0,15,60,24,1597,1.00,100.00
268,0,60,28,4624,2172,1.00,100.00
161,0,60,1,24,1597,1.00,100.00
4010,0,30,7,4624,2172,1.00,100.00
5,0,10,41,21552,5607,1.31,100.00
1163,0,12,13,4624,2172,1.00,100.00
4308,0,31,52,4624,2172,1.00,100.00
2811,0,16,6,24,1597,1.00,100.00
143,0,8,16,4624,2172,1.00,100.00
2661,0,28,7,4624,2172,1.00,100.00
3839,0,12,28,4624,2172,1.00,100.00
4444,0,57,48,7048,2475,1.00,100.00
3021,0,38,3,4624,2172,1.00,100.00
333,0,9,57,4624,2172,1.00,100.00
2195,0,53,10,7544,2537,1.00,100.00
4873,0,37,43,4624,2172,1.00,100.00
4471,0,61,11,5472,2278,1.00,100.00
2888,0,10,13,24,1597,1.00,100.00
298,0,18,15,24,1597,1.00,100.00
5795,0,2,3,24,1597,1.00,100.00
4435,0,48,9,4624,2172,1.00,100.00
458,0,49,31,78544,12731,1.12,100.00
2254,0,60,2,5488,2280,1.00,100.00
1,0,29,10,4624,2172,1.00,100.00
3540,0,27,37,24,1597,1.00,100.00
4712,0,48,51,4624,2172,1.00,100.00
3425,0,54,10,24,1597,1.00,100.00
2711,0,41,63,4624,2172,1.00,100.00
5527,0,11,60,24,1597,1.00,100.00
3012,0,20,46,4624,2172,1.00,100.00
3597,0,30,43,96360,14958,1.10,100.00
3920,0,52,18,24,1597,1.00,100.00
1779,0,43,62,9240,2749,1.00,100.00
4513,0,7,53,4624,2172,1.00,100.00
3618,0,20,49,20600,5488,1.32,100.00
6005,0,50,23,4624,2172,1.00,100.00
6087,0,27,28,24,1597,1.00,100.00
5163,0,43,55,24,1597,1.00,100.00
1850,0,62,25,5960,2339,1.00,100.00
2198,0,0,51,14368,3390,1.00,100.00
4580,0,7,61,4624,2172,1.00,100.00
991,0,2,60,24,1597,1.00,100.00
3772,0,41,49,4624,2172,1.00,100.00
3529,0,25,14,24,1597,1.00,100.00
2050,0,51,0,5736,2311,1.00,100.00
1352,0,42,49,4624,2172,1.00,100.00
5150,0,57,28,4624,2172,1.00,100.00
1951,0,53,54,24,1597,1.00,100.00
2542,0,44,2,4624,2172,1.00,100.00
839,0,55,12,23248,5819,1.29,100.00
2167,0,60,57,6256,2376,1.00,100.00
2287,0,4,1,4880,2204,1.00,100.00
1034,0,30,42,4624,2172,1.00,100.00
3376,0,10,9,5144,2237,1.00,100.00
2164,0,61,19,6808,2445,1.00,100.00
990,0,38,54,24,1597,1.00,100.00
1671,0,37,11,24,1597,1.00,100.00
1783,0,36,27,4624,2172,1.00,100.00
4249,0,11,32,4624,2172,1.00,100.00
4470,0,59,35,4624,2172,1.00,100.00
4461,0,57,61,9240,2749,1.00,100.00
5868,0,9,5,4624,2172,1.00,100.00
2669,0,25,40,4624,2172,1.00,100.00
6078,0,2,3,24,1597,1.00,100.00
3729,0,55,7,8640,2674,1.00,100.00
337,0,29,26,4624,2172,1.00,100.00
118,0,38,27,24,1597,1.00,100.00
6059,0,41,63,24,1597,1.00,100.00
2390,0,55,20,69304,11576,1.13,100.00
5670,0,47,5,4624,2172,1.00,100.00
1540,0,34,27,24,1597,1.00,100.00
4582,0,29,17,69304,11576,1.13,100.00
1523,0,50,36,10312,2883,1.00,100.00
3958,0,57,60,57808,10139,1.15,100.00
817,0,14,48,24,1597,1.00,100.00
4516,0,41,33,4624,2172,1.00,100.00
1516,0,46,7,24,1597,1.00,100.00
1492,0,0,20,64488,10974,1.14,100.00
3404,0,18,17,4624,2172,1.00,100.00
1280,0,52,58,4624,2172,1.00,100.00
3402,0,9,60,4624,2172,1.00,100.00
2297,0,3,61,4624,2172,1.00,100.00
216,0,6,2,4624,2172,1.00,100.00
424,0,0,1,24,1597,1.00,100.00
4657,0,19,33,24,1597,1.00,100.00
4296,0,6,28,4624,2172,1.00,100.00
2269,0,60,14,24,1597,1.00,100.00
103,0,59,14,8984,2717,1.00,100.00
2423,0,49,56,24,1597,1.00,100.00
5536,0,20,45,4624,2172,1.00,100.00
2964,0,48,1,7904,2582,1.00,100.00
842,0,0,21,4624,2172,1.00,100.00
5575,0,62,5,9816,2821,1.00,100.00
4849,0,32,55,4624,2172,1.00,100.00
5096,0,62,57,4624,2172,1.00,100.00
596,0,39,30,24,1597,1.00,100.00
4627,0,20,51,24,1597,1.00,100.00
818,0,13,12,5752,2313,1.00,100.00
2021,0,47,46,11984,3092,1.00,100.00
4171,0,15,53,4624,2172,1.00,100.00
5641,0,24,2,6056,2351,1.00,100.00
1975,0,36,5,4624,2172,1.00,100.00
2275,0,30,61,24,1597,1.00,100.00
4325,0,52,56,4624,2172,1.00,100.00
3049,0,62,46,4624,2172,1.00,100.00
5625,0,49,25,4624,2172,1.00,100.00
753,0,24,8,4624,2172,1.00,100.00
6103,0,35,13,11200,2994,1.00,100.00
4315,0,56,28,7912,2583,1.00,100.00
4112,0,43,30,24,1597,1.00,100.00
2053,0,11,10,4624,2172,1.00,100.00
1983,0,6,61,4624,2172,1.00,100.00
2359,0,31,10,4624,2172,1.00,100.00
2514,0,4,20,24,1597,1.00,100.00
3787,0,28,17,19232,5317,1.33,100.00
836,0,14,32,4624,2172,1.00,100.00
6012,0,46,8,24,1597,1.00,100.00
1398,0,32,48,8448,2650,1.00,100.00
2173,0,23,28,24,1597,1.00,100.00
14,0,1,29,24,1597,1.00,100.00
1430,0,26,5,4624,2172,1.00,100.00
3587,0,57,23,4624,2172,1.00,100.00
403,0,31,24,24,1597,1.00,100.00
2827,0,32,6,32288,6949,1.23,100.00
2846,0,38,16,4624,2172,1.00,100.00
3852,0,59,39,7168,2490,1.00,100.00
3078,0,25,57,24,1597,1.00,100.00
1829,0,52,20,4624,2172,1.00,100.00
3571,0,51,26,6120,2359,1.00,100.00
4270,0,2,50,24,1597,1.00,100.00
4955,0,36,31,24,1597,1.00,100.00
3865,0,40,19,24400,5963,1.28,100.00
4620,0,16,17,24,1597,1.00,100.00
348,0,22,30,24,1597,1.00,100.00
5714,0,62,47,6464,2402,1.00,100.00
5664,0,42,1,24,1597,1.00,100.00
2319,0,40,27,24,1597,1.00,100.00
331,0,16,24,24,1597,1.00,100.00
1048,0,5,55,4624,2172,1.00,100.00
4140,0,6,22,12584,3167,1.00,100.00
4345,0,45,20,5280,2254,1.00,100.00
4546,0,30,33,4624,2172,1.00,100.00
2239,0,52,62,5384,2267,1.00,100.00
4566,0,26,6,24,1597,1.00,100.00
2353,0,28,33,4624,2172,1.00,100.00
3240,0,54,37,24,1597,1.00,100.00
5726,0,54,22,24,1597,1.00,100.00
3389,0,9,5,4624,2298,1.06,100.00
1788,0,0,5,4624,2299,1.06,100.00
1568,0,5,21,13352,3263,1.00,100.00
516,0,12,45,24,1597,1.00,100.00
3414,0,57,14,24,1597,1.00,100.00
5101,0,2,28,24,1597,1.00,100.00
10,0,20,41,24,1597,1.00,100.00
359,0,26,37,10488,2905,1.00,100.00
3395,0,59,60,12432,3148,1.00,100.00
3879,0,58,17,24,1597,1.00,100.00
2015,0,13,56,4624,2172,1.00,100.00
4498,0,23,13,4624,2172,1.00,100.00
1435,0,33,14,21184,5561,1.31,100.00
4829,0,1,18,4624,2172,1.00,100.00
829,0,5,50,24,1597,1.00,100.00
2259,0,52,2,24,1597,1.00,100.00
198,0,26,63,4624,2172,1.00,100.00
2331,0,55,2,4624,2172,1.00,100.00
1008,0,20,48,24,1597,1.00,100.00
3186,0,40,32,24,1597,1.00,100.00
3767,0,36,46,4624,2172,1.00,100.00
3054,0,39,15,4624,2172,1.00,100.00
2697,0,15,57,4624,2172,1.00,100.00
3514,0,31,13,24,1597,1.00,100.00
905,0,7,31,5472,2278,1.00,100.00
4985,0,35,59,9240,2749,1.00,100.00
235,0,39,38,24,1597,1.00,100.00
2095,0,45,13,6744,2437,1.00,100.00
393,0,41,56,4624,2172,1.00,100.00
2238,0,40,12,100568,15484,1.09,100.00
3005,0,20,17,24,1597,1.00,100.00
1690,0,17,32,24,1597,1.00,100.00
2246,0,3,53,4624,2172,1.00,100.00
3231,0,15,6,24,1597,1.00,100.00
4159,0,2,7,32864,7021,1.23,100.00
615,0,46,16,24,1597,1.00,100.00
1853,0,19,12,4624,2172,1.00,100.00
4680,0,33,50,24,1597,1.00,100.00
4775,0,13,39,77880,12648,1.12,100.00
373,0,43,47,30984,6786,1.24,100.00
2692,0,40,22,24,1597,1.00,100.00
5975,0,45,51,24,1597,1.00,100.00
4553,0,27,1,20016,5415,1.32,100.00
4770,0,32,62,24,1597,1.00,100.00
1016,0,63,29,24,1597,1.00,100.00
2272,0,38,43,24,1597,1.00,100.00
3424,0,50,54,4624,2172,1.00,100.00
228,0,29,30,4624,2172,1.00,100.00
590,0,23,36,4624,2172,1.00,100.00
2032,0,27,4,24,1597,1.00,100.00
2891,0,24,1,21560,5608,1.31,100.00
2203,0,10,62,4624,2172,1.00,100.00
656,0,56,51,24,1597,1.00,100.00
3758,0,9,6,20808,5514,1.31,100.00
2883,0,29,58,24,1597,1.00,100.00
1511,0,13,16,24,1597,1.00,100.00
1681,0,20,61,8192,2618,1.00,100.00
1597,0,19,40,4624,2172,1.00,100.00
1931,0,38,37,24,1597,1.00,100.00
4731,0,31,61,24,1597,1.00,100.00
2876,0,51,4,4624,2172,1.00,100.00
2618,0,47,45,11888,3080,1.00,100.00
1001,0,24,50,22968,5784,1.30,100.00
1581,0,44,53,5640,2299,1.00,100.00
4320,0,33,47,4624,2172,1.00,100.00
3208,0,23,58,5248,2250,1.00,100.00
965,0,53,8,4624,2172,1.00,100.00
6123,0,46,36,4624,2172,1.00,100.00
673,0,24,27,4624,2172,1.00,100.00
981,0,21,43,24,1597,1.00,100.00
137,0,7,56,22704,5751,1.30,100.00
2009,0,1,24,4624,2172,1.00,100.00
5704,0,58,49,24,1597,1.00,100.00
5215,0,26,21,9336,2761,1.00,100.00
1255,0,58,49,4624,2172,1.00,100.00
1120,0,34,52,26352,6207,1.27,100.00
4055,0,4,10,77072,12547,1.12,100.00
3121,0,43,45,4624,2172,1.00,100.00
45,0,24,60,24,1597,1.00,100.00
670,0,47,19,24,1597,1.00,100.00
2446,0,36,48,29448,6594,1.25,100.00
3322,0,36,39,4624,2172,1.00,100.00
1817,0,41,60,4624,2172,1.00,100.00
3521,0,48,12,24,1597,1.00,100.00
3223,0,50,56,87784,13886,1.11,100.00
572,0,7,37,12488,3155,1.00,100.00
2037,0,36,14,4624,2172,1.00,100.00
3918,0,53,41,14136,3361,1.00,100.00
4739,0,57,40,24,1597,1.00,100.00
4558,0,60,13,4624,2172,1.00,100.00
107,0,33,3,4624,2172,1.00,100.00
2060,0,10,44,11880,3079,1.00,100.00
608,0,9,17,5912,2333,1.00,100.00
4370,0,33,57,24,1597,1.00,100.00
2535,0,30,45,6272,2378,1.00,100.00
2989,0,35,25,7384,2517,1.00,100.00
2984,0,17,63,4936,2211,1.00,100.00
1854,0,56,46,24,1597,1.00,100.00
547,0,34,62,205312,28577,1.05,100.00
2758,0,0,8,4624,2172,1.00,100.00
3411,0,20,37,4624,2172,1.00,100.00
1096,0,24,60,24,1597,1.00,100.00
6126,0,11,46,8912,2708,1.00,100.00
1216,0,6,9,24,1597,1.00,100.00
455,0,38,51,24,1597,1.00,100.00
4120,0,21,55,4624,2172,1.00,100.00
2720,0,35,10,4624,2172,1.00,100.00
42,0,42,50,24,1597,1.00,100.00
3216,0,47,56,24,1597,1.00,100.00
1228,0,19,46,24,1597,1.00,100.00
2491,0,3,15,24,1597,1.00,100.00
2293,0,57,40,9472,2778,1.00,100.00
633,0,14,20,24,1597,1.00,100.00
3745,0,39,23,13480,3279,1.00,100.00
5123,0,58,27,4624,2172,1.00,100.00
5153,0,56,53,44208,8439,1.19,100.00
5931,0,47,57,13864,3327,1.00,100.00
5595,0,16,23,4624,2172,1.00,100.00
5511,0,24,23,69304,11576,1.13,100.00
4966,0,18,41,7192,2493,1.00,100.00
399,0,19,1,24,1597,1.00,100.00
4541,0,10,31,138600,20238,1.07,100.00
3695,0,11,56,4624,2172,1.00,100.00
5872,0,31,55,43144,8306,1.19,100.00
1473,0,20,7,24,1597,1.00,100.00
5778,0,14,35,24,1597,1.00,100.00
241,0,33,11,4624,2172,1.00,100.00
3409,0,59,5,24,1597,1.00,100.00
2058,0,1,16,4624,2172,1.00,100.00
1899,0,62,12,24,1597,1.00,100.00
4477,0,22,1,4904,2207,1.00,100.00
1725,0,36